Log file open, 06/18/17 23:38:25
LogInit:Display: Running engine for game: Battle
LogPlatformFile: Not using cached read wrapper
LogInit:Display: RandInit(-1603322642) SRandInit(-1603322642).
LogTaskGraph: Started task graph with 5 named threads and 8 total threads with 1 sets of task threads.
LogStats: Stats thread started at 0.213294
LogInit: Using libcurl 7.47.1
LogInit:  - built for x86_64-pc-win32
LogInit:  - supports SSL with OpenSSL/1.0.2g
LogInit:  - supports HTTP deflate (compression) using libz 1.2.8
LogInit:  - other features:
LogInit:      CURL_VERSION_SSL
LogInit:      CURL_VERSION_LIBZ
LogInit:      CURL_VERSION_IPV6
LogInit:      CURL_VERSION_ASYNCHDNS
LogInit:      CURL_VERSION_LARGEFILE
LogInit:      CURL_VERSION_IDN
LogInit:  CurlRequestOptions (configurable via config and command line):
LogInit:  - bVerifyPeer = false  - Libcurl will NOT verify peer certificate
LogInit:  - bUseHttpProxy = false  - Libcurl will NOT use HTTP proxy
LogInit:  - bDontReuseConnections = false  - Libcurl will reuse connections
LogInit:  - CertBundlePath = nullptr  - Libcurl will use whatever was configured at build time.
LogInit: Build: ++UE4+Release-4.16-CL-3466753
LogInit: Engine Version: 4.16.1-3466753+++UE4+Release-4.16
LogInit: Compatible Engine Version: 4.16.0-3452394+++UE4+Release-4.16
LogInit: Net CL: 3452394
LogDevObjectVersion: Number of dev versions registered: 16
LogDevObjectVersion:   Dev-Blueprints (B0D832E4-1F89-4F0D-ACCF-7EB736FD4AA2): 9
LogDevObjectVersion:   Dev-Build (E1C64328-A22C-4D53-A36C-8E866417BD8C): 0
LogDevObjectVersion:   Dev-Core (375EC13C-06E4-48FB-B500-84F0262A717E): 2
LogDevObjectVersion:   Dev-Editor (E4B068ED-F494-42E9-A231-DA0B2E46BB41): 17
LogDevObjectVersion:   Dev-Framework (CFFC743F-43B0-4480-9391-14DF171D2073): 23
LogDevObjectVersion:   Dev-Mobile (B02B49B5-BB20-44E9-A304-32B752E40360): 0
LogDevObjectVersion:   Dev-Networking (A4E4105C-59A1-49B5-A7C5-40C4547EDFEE): 0
LogDevObjectVersion:   Dev-Online (39C831C9-5AE6-47DC-9A44-9C173E1C8E7C): 0
LogDevObjectVersion:   Dev-Physics (78F01B33-EBEA-4F98-B9B4-84EACCB95AA2): 0
LogDevObjectVersion:   Dev-Platform (6631380F-2D4D-43E0-8009-CF276956A95A): 0
LogDevObjectVersion:   Dev-Rendering (12F88B9F-8875-4AFC-A67C-D90C383ABD29): 15
LogDevObjectVersion:   Dev-Sequencer (7B5AE74C-D270-4C10-A958-57980B212A5A): 4
LogDevObjectVersion:   Dev-VR (D7296918-1DD6-4BDD-9DE2-64A83CC13884): 0
LogDevObjectVersion:   Dev-LoadTimes (C2A15278-BFE7-4AFE-6C17-90FF531DF755): 1
LogDevObjectVersion:   Private-Geometry (6EACA3D4-40EC-4CC1-B786-8BED09428FC5): 1
LogDevObjectVersion:   Dev-AnimPhys (29E575DD-E0A3-4627-9D10-D276232CDCEA): 3
LogInit: Compiled (64-bit): May 31 2017 02:03:30
LogInit: Compiled with Visual C++: 19.00.24215.01
LogInit: Build Configuration: Development
LogInit: Branch Name: ++UE4+Release-4.16
LogInit: Command line:  -skipcompile
LogInit: Base directory: F:/UnrealEngine/Epic Games/UE_4.16/Engine/Binaries/Win64/
LogInit: Installed Engine Build: 1
LogInit: Presizing for max 8388607 objects, including 0 objects not considered by GC, pre-allocating 0 bytes for permanent pool.
LogInit: Object subsystem initialized
[2017.06.18-15.38.26:979][  0]LogInit: Selected Device Profile: [Windows]
[2017.06.18-15.38.26:979][  0]LogInit: Applying CVar settings loaded from the selected device profile: [Windows]
[2017.06.18-15.38.27:006][  0]LogInit: Computer: WINDOWS-ACBHQ9K
[2017.06.18-15.38.27:006][  0]LogInit: User: User
[2017.06.18-15.38.27:007][  0]LogInit: CPU Page size=4096, Cores=4
[2017.06.18-15.38.27:007][  0]LogInit: High frequency timer resolution =3.328127 MHz
[2017.06.18-15.38.27:007][  0]LogMemory: Memory total: Physical=15.9GB (16GB approx)
[2017.06.18-15.38.27:007][  0]LogMemory: Platform Memory Stats for Windows
[2017.06.18-15.38.27:007][  0]LogMemory: Process Physical Memory: 275.10 MB used, 275.10 MB peak
[2017.06.18-15.38.27:007][  0]LogMemory: Process Virtual Memory: 268.85 MB used, 268.85 MB peak
[2017.06.18-15.38.27:007][  0]LogMemory: Physical Memory: 5245.09 MB used,  11049.33 MB free, 16294.43 MB total
[2017.06.18-15.38.27:008][  0]LogMemory: Virtual Memory: 643.29 MB used,  11049.33 MB free, 134217728.00 MB total
[2017.06.18-15.38.28:640][  0]LogInit: Using OS detected language (zh-TW).
[2017.06.18-15.38.28:640][  0]LogInit: Using OS detected locale (zh-TW).
[2017.06.18-15.38.28:738][  0]LogTextLocalizationManager: No localization for 'zh-TW' exists, so 'en' will be used for the language.
[2017.06.18-15.38.28:739][  0]LogTextLocalizationManager: No localization for 'zh-TW' exists, so 'en' will be used for the locale.
[2017.06.18-15.38.30:862][  0]LogD3D11RHI: D3D11 adapters:
[2017.06.18-15.38.33:662][  0]LogD3D11RHI:    0. 'NVIDIA GeForce GTX 1070' (Feature Level 11_0)
[2017.06.18-15.38.33:662][  0]LogD3D11RHI:       8145/0/8147 MB DedicatedVideo/DedicatedSystem/SharedSystem, Outputs:1, VendorId:0x10de
[2017.06.18-15.38.33:676][  0]LogD3D11RHI:    1. 'Microsoft Basic Render Driver' (Feature Level 11_0)
[2017.06.18-15.38.33:676][  0]LogD3D11RHI:       0/0/8147 MB DedicatedVideo/DedicatedSystem/SharedSystem, Outputs:0, VendorId:0x1414
[2017.06.18-15.38.33:676][  0]LogD3D11RHI: Chosen D3D11 Adapter: 0
[2017.06.18-15.38.33:682][  0]LogD3D11RHI: Creating new Direct3DDevice
[2017.06.18-15.38.33:683][  0]LogD3D11RHI:     GPU DeviceId: 0x1b81 (for the marketing name, search the web for "GPU Device Id")
[2017.06.18-15.38.33:683][  0]LogWindows: EnumDisplayDevices:
[2017.06.18-15.38.33:683][  0]LogWindows:    0. 'NVIDIA GeForce GTX 1070' (P:1 D:1)
[2017.06.18-15.38.33:683][  0]LogWindows:    1. 'NVIDIA GeForce GTX 1070' (P:0 D:0)
[2017.06.18-15.38.33:683][  0]LogWindows:    2. 'NVIDIA GeForce GTX 1070' (P:0 D:0)
[2017.06.18-15.38.33:684][  0]LogWindows:    3. 'NVIDIA GeForce GTX 1070' (P:0 D:0)
[2017.06.18-15.38.33:684][  0]LogWindows: DebugString: FoundDriverCount:4 
[2017.06.18-15.38.33:684][  0]LogD3D11RHI:     Adapter Name: NVIDIA GeForce GTX 1070
[2017.06.18-15.38.33:684][  0]LogD3D11RHI:   Driver Version: 376.51 (internal:21.21.13.7651, unified:376.51)
[2017.06.18-15.38.33:684][  0]LogD3D11RHI:      Driver Date: 12-25-2016
[2017.06.18-15.38.33:684][  0]LogRHI: Texture pool is 1361 MB (70% of 1945 MB)
[2017.06.18-15.38.34:157][  0]LogD3D11RHI: Async texture creation enabled
[2017.06.18-15.38.34:218][  0]LogD3D11RHI: GPU Timing Frequency: 1000.000000 (Debug: 2 1)
[2017.06.18-15.38.34:262][  0]LogShaderCompilers: Guid format shader working directory is 22 characters bigger than the processId version (G:/Git/VR_Battle/Battle/Intermediate/Shaders/WorkingDirectory/4468/).
[2017.06.18-15.38.34:262][  0]LogShaderCompilers: Cleaned the shader compiler working directory 'C:/Users/User/AppData/Local/Temp/UnrealShaderWorkingDir/3542FDBE41AD5B2F6AF126A68521ABD0/'.
[2017.06.18-15.38.34:262][  0]LogShaderCompilers:Display: Using Local Shader Compiler.
[2017.06.18-15.38.35:860][  0]LogTemp:Display: Loaded TP AllDesktopTargetPlatform
[2017.06.18-15.38.35:911][  0]LogTemp:Display: Loaded TP MacClientTargetPlatform
[2017.06.18-15.38.35:956][  0]LogTemp:Display: Loaded TP MacNoEditorTargetPlatform
[2017.06.18-15.38.36:007][  0]LogTemp:Display: Loaded TP MacServerTargetPlatform
[2017.06.18-15.38.36:089][  0]LogTemp:Display: Loaded TP MacTargetPlatform
[2017.06.18-15.38.36:171][  0]LogTemp:Display: Loaded TP WindowsClientTargetPlatform
[2017.06.18-15.38.36:238][  0]LogTemp:Display: Loaded TP WindowsNoEditorTargetPlatform
[2017.06.18-15.38.36:294][  0]LogTemp:Display: Loaded TP WindowsServerTargetPlatform
[2017.06.18-15.38.36:336][  0]LogTemp:Display: Loaded TP WindowsTargetPlatform
[2017.06.18-15.38.36:400][  0]LogTemp:Display: Loaded TP AndroidTargetPlatform
[2017.06.18-15.38.36:439][  0]LogTemp:Display: Loaded TP Android_ASTCTargetPlatform
[2017.06.18-15.38.36:490][  0]LogTemp:Display: Loaded TP Android_ATCTargetPlatform
[2017.06.18-15.38.36:537][  0]LogTemp:Display: Loaded TP Android_DXTTargetPlatform
[2017.06.18-15.38.36:577][  0]LogTemp:Display: Loaded TP Android_ETC1TargetPlatform
[2017.06.18-15.38.36:617][  0]LogTemp:Display: Loaded TP Android_ETC2TargetPlatform
[2017.06.18-15.38.36:694][  0]LogTemp:Display: Loaded TP Android_MultiTargetPlatform
[2017.06.18-15.38.36:694][  0]LogTemp:Display: Loaded TP Android_PVRTCTargetPlatform
[2017.06.18-15.38.36:725][  0]LogTemp:Display: Loaded TP HTML5TargetPlatform
[2017.06.18-15.38.36:879][  0]LogTemp:Display: Loaded TP IOSTargetPlatform
[2017.06.18-15.38.36:907][  0]LogTemp:Display: Loaded TP TVOSTargetPlatform
[2017.06.18-15.38.36:945][  0]LogTemp:Display: Loaded TP LinuxClientTargetPlatform
[2017.06.18-15.38.36:991][  0]LogTemp:Display: Loaded TP LinuxNoEditorTargetPlatform
[2017.06.18-15.38.37:030][  0]LogTemp:Display: Loaded TP LinuxServerTargetPlatform
[2017.06.18-15.38.37:078][  0]LogTemp:Display: Loaded TP LinuxTargetPlatform
[2017.06.18-15.38.37:078][  0]LogTargetPlatformManager:Display: Building Assets For Windows
[2017.06.18-15.38.40:499][  0]LogDerivedDataCache:Display: Max Cache Size: 512 MB
[2017.06.18-15.38.40:883][  0]LogDerivedDataCache: Loaded boot cache 0.38s 90MB C:/Users/User/AppData/Local/UnrealEngine/4.16/DerivedDataCache/Boot.ddc.
[2017.06.18-15.38.40:884][  0]LogDerivedDataCache:Display: Loaded Boot cache: C:/Users/User/AppData/Local/UnrealEngine/4.16/DerivedDataCache/Boot.ddc
[2017.06.18-15.38.40:884][  0]LogDerivedDataCache: FDerivedDataBackendGraph:  Pak pak cache file G:/Git/VR_Battle/Battle/DerivedDataCache/DDC.ddp not found, will not use a pak cache.
[2017.06.18-15.38.40:884][  0]LogDerivedDataCache: Unable to find inner node Pak for hierarchical cache Hierarchy.
[2017.06.18-15.38.40:884][  0]LogDerivedDataCache: FDerivedDataBackendGraph:  CompressedPak pak cache file G:/Git/VR_Battle/Battle/DerivedDataCache/Compressed.ddp not found, will not use a pak cache.
[2017.06.18-15.38.40:884][  0]LogDerivedDataCache: Unable to find inner node CompressedPak for hierarchical cache Hierarchy.
[2017.06.18-15.38.40:919][  0]LogDerivedDataCache:Display: Pak cache opened for reading ../../../Engine/DerivedDataCache/Compressed.ddp.
[2017.06.18-15.38.40:933][  0]LogDerivedDataCache: Using Local data cache path C:/Users/User/AppData/Local/UnrealEngine/Common/DerivedDataCache: Writable
[2017.06.18-15.38.40:941][  0]LogMaterial: Verifying Global Shaders for PCD3D_SM5
[2017.06.18-15.38.40:942][  0]LogSlate: Using Freetype 2.6.0
[2017.06.18-15.38.40:968][  0]LogSlate: SlateFontCache - WITH_FREETYPE: 1, WITH_HARFBUZZ: 1
[2017.06.18-15.38.40:968][  0]LogSlate: SlateFontCache - WITH_FREETYPE: 1, WITH_HARFBUZZ: 1
[2017.06.18-15.38.43:508][  0]LogInit: Selected Device Profile: [Windows]
[2017.06.18-15.38.43:678][  0]LogContentStreaming: Texture pool size is 0.00 MB
[2017.06.18-15.38.45:219][  0]LogMeshUtilities: Using QuadricMeshReduction for automatic static mesh reduction
[2017.06.18-15.38.45:377][  0]LogSimplygon: Simplygon DLL not present - disabling.
[2017.06.18-15.38.45:476][  0]LogMeshUtilities: Using SimplygonSwarm for distributed automatic mesh merging
[2017.06.18-15.38.45:476][  0]LogMeshUtilities: No automatic skeletal mesh reduction module available
[2017.06.18-15.38.45:476][  0]LogMeshUtilities: No automatic mesh merging module available
[2017.06.18-15.38.46:308][  0]LogNetVersion: Battle , NetCL: 3452394, EngineNetVer: 2, GameNetVer: 0 (Checksum: 3797721630)
[2017.06.18-15.38.46:366][  0]LogAssetRegistry: FAssetRegistry took 0.0293 seconds to start up
[2017.06.18-15.38.46:396][  0]LogPackageLocalizationCache: Processed 4 localized package path(s) for 1 prioritized culture(s) in 0.015008 seconds
[2017.06.18-15.38.46:401][  0]LogUObjectArray: 34194 objects as part of root set at end of initial load.
[2017.06.18-15.38.46:401][  0]LogUObjectAllocator: 7260416 out of 0 bytes used by permanent object pool.
[2017.06.18-15.38.46:401][  0]LogUObjectArray: CloseDisregardForGC: 0/0 objects in disregard for GC pool
[2017.06.18-15.38.46:465][  0]LogInit: WinSock: version 1.1 (2.2), MaxSocks=32767, MaxUdp=65467
[2017.06.18-15.39.02:816][  0]LogTcpMessaging: Initializing TcpMessaging bridge
[2017.06.18-15.39.02:891][  0]LogUdpMessaging: Initializing bridge on interface 0.0.0.0:0 to multicast group 230.0.0.1:6666.
[2017.06.18-15.39.04:335][  0]LogMaterial: Uniform references updated for custom material expression Custom.
[2017.06.18-15.39.04:846][  0]SourceControl: Info Source control is disabled
[2017.06.18-15.39.04:918][  0]SourceControl: Info Source control is disabled
[2017.06.18-15.39.05:018][  0]SourceControl: Info Source control is disabled
[2017.06.18-15.39.05:115][  0]SourceControl: Info Source control is disabled
[2017.06.18-15.39.06:436][  0]LogAndroidPermission: UAndroidPermissionCallbackProxy::GetInstance
[2017.06.18-15.39.08:679][  0]LogEngine: Initializing Engine...
[2017.06.18-15.39.10:599][  0]LogHMD: Failed to initialize OpenVR with code 126
[2017.06.18-15.39.10:847][  0]LogStats: UGameplayTagsManager::ConstructGameplayTagTree: Construct from data asset -  0.000 s
[2017.06.18-15.39.10:847][  0]LogStats: UGameplayTagsManager::ConstructGameplayTagTree: GameplayTagTreeChangedEvent.Broadcast -  0.000 s
[2017.06.18-15.39.11:292][  0]LogAIModule: Creating AISystem for world Untitled
[2017.06.18-15.39.11:312][  0]LogInit: XAudio2 using '喇叭 (Realtek High Definition Audio)' : 2 channels at 48 kHz using 32 bits per sample (channel mask 0x3)
[2017.06.18-15.39.11:362][  0]LogInit: FAudioDevice initialized.
[2017.06.18-15.39.11:411][  0]LogDerivedDataCache: Saved boot cache 0.05s 90MB C:/Users/User/AppData/Local/UnrealEngine/4.16/DerivedDataCache/Boot.ddc.
[2017.06.18-15.39.11:427][  0]LogInit: Texture streaming: Enabled
[2017.06.18-15.39.11:710][  0]LogEngineSessionManager: EngineSessionManager initialized
[2017.06.18-15.39.12:759][  0]LogInit: Transaction tracking system initialized
[2017.06.18-15.39.13:312][  0]BlueprintLog: New page: Editor Load
[2017.06.18-15.39.15:228][  0]LocalizationService: Info Localization service is disabled
[2017.06.18-15.39.16:606][  0]LogConsoleResponse:Display: 
[2017.06.18-15.39.16:897][  0]LogCook:Display: Max memory allowance for cook 16384mb min free memory 0mb
[2017.06.18-15.39.16:897][  0]LogCook:Display: Mobile HDR setting 1
[2017.06.18-15.39.17:406][  0]LogFileCache: Scanning file cache for directory 'G:/Git/VR_Battle/Battle/Content/' took 0.02s
[2017.06.18-15.39.18:682][  0]SourceControl: Info Source control is disabled
[2017.06.18-15.39.18:682][  0]Cmd: MAP LOAD FILE="G:/Git/VR_Battle/Battle/Content/ThirdPersonCPP/Maps/ThirdPersonExampleMap.umap" TEMPLATE=0 SHOWPROGRESS=1 FEATURELEVEL=3
[2017.06.18-15.39.18:683][  0]LightingResults: New page: Lighting Build
[2017.06.18-15.39.18:709][  0]MapCheck: New page: Map Check
[2017.06.18-15.39.18:709][  0]LightingResults: New page: Lighting Build
[2017.06.18-15.39.19:486][  0]LogAIModule: Creating AISystem for world ThirdPersonExampleMap
[2017.06.18-15.39.19:496][  0]LogEditorServer: Finished looking for orphan Actors (0.000 secs)
[2017.06.18-15.39.19:511][  0]Cmd: MAP CHECKDEP NOCLEARLOG
[2017.06.18-15.39.19:557][  0]MapCheck: Info Map check complete: 0 Error(s), 0 Warning(s), took 45.414ms to complete.
[2017.06.18-15.39.19:557][  0]LogFileHelpers: Loading map 'ThirdPersonExampleMap' took 0.875
[2017.06.18-15.39.19:651][  0]LogWindowsTextInputMethodSystem:Display: IME system now activated using TSF (微軟注音).
[2017.06.18-15.39.19:763][  0]LogCollectionManager: Loaded 0 collections in 0.001279 seconds
[2017.06.18-15.39.19:837][  0]LogFileCache: Scanning file cache for directory 'G:/Git/VR_Battle/Battle/Saved/Collections/' took 0.01s
[2017.06.18-15.39.19:837][  0]LogFileCache: Scanning file cache for directory 'G:/Git/VR_Battle/Battle/Content/Developers/User/Collections/' took 0.01s
[2017.06.18-15.39.19:837][  0]LogFileCache: Scanning file cache for directory 'G:/Git/VR_Battle/Battle/Content/Collections/' took 0.01s
[2017.06.18-15.39.19:837][  0]LogCollectionManager: Rebuilt the GUID cache for 0 collections in 0.000002 seconds
[2017.06.18-15.39.19:846][  0]LogContentBrowser: Native class hierarchy populated in 0.0085 seconds. Added 2335 classes and 493 folders.
[2017.06.18-15.39.19:895][  0]LogContentBrowser: Native class hierarchy updated for 'WidgetCarousel' in 0.0012 seconds. Added 0 classes and 0 folders.
[2017.06.18-15.39.20:649][  0]LogContentBrowser: Native class hierarchy updated for 'AddContentDialog' in 0.0012 seconds. Added 0 classes and 0 folders.
[2017.06.18-15.39.20:838][  0]LogContentBrowser: Native class hierarchy updated for 'SceneOutliner' in 0.0012 seconds. Added 1 classes and 2 folders.
[2017.06.18-15.39.20:889][  0]LogCrashTracker: Crashtracker disabled due to settings.
[2017.06.18-15.39.20:905][  0]LogSlate: Took 0.009394 seconds to synchronously load lazily loaded font '../../../Engine/Content/Slate/Fonts/Roboto-Regular.ttf' (155K)
[2017.06.18-15.39.20:913][  0]LogSlate: Took 0.005529 seconds to synchronously load lazily loaded font '../../../Engine/Content/Slate/Fonts/Roboto-Bold.ttf' (160K)
[2017.06.18-15.39.21:040][  0]LogRenderer: Reallocating scene render targets to support 1160x924 NumSamples 1 (Frame:1).
[2017.06.18-15.39.21:183][  0]LogUObjectGlobals:Warning: Failed to find object 'Class None.'
[2017.06.18-15.39.21:315][  0]LogContentBrowser: Native class hierarchy updated for 'HierarchicalLODOutliner' in 0.0014 seconds. Added 1 classes and 2 folders.
[2017.06.18-15.39.21:316][  0]LogLoad: (Engine Initialization) Total time: 60.08 seconds
[2017.06.18-15.39.21:316][  0]LogLoad: (Engine Initialization) Total Blueprint compile time: 0.29 seconds
[2017.06.18-15.39.21:316][  0]LogExternalProfiler: Found external profiler: VSPerf
[2017.06.18-15.39.21:316][  0]LogExternalProfiler: Using external profiler: VSPerf
[2017.06.18-15.39.21:328][  0]LogOcInput: OculusInput pre-init called
[2017.06.18-15.39.21:328][  0]LogHMD: Starting GearVRController plugin
[2017.06.18-15.39.21:349][  0]LogContentStreaming: Texture pool size now 1000 MB
[2017.06.18-15.39.21:444][  2]LogAssetRegistry: Asset discovery search completed in 35.1035 seconds
[2017.06.18-15.39.21:448][  2]LogCollectionManager: Rebuilt the object cache for 0 collections in 0.000001 seconds (found 0 objects)
[2017.06.18-15.39.21:449][  2]LogCollectionManager: Fixed up redirectors for 0 collections in 0.000203 seconds (updated 0 objects)
[2017.06.18-15.39.57:954][421]LogEditorViewport: Clicking on Actor (LMB): VR_CharacterBP_C (VR_CharacterBP)
[2017.06.18-15.39.58:359][421]LogSlate: Took 0.012513 seconds to synchronously load lazily loaded font '../../../Engine/Content/Editor/Slate/Fonts/FontAwesome.ttf' (139K)
[2017.06.18-15.40.15:398][431]LogSlate: Took 0.020756 seconds to synchronously load lazily loaded font '../../../Engine/Content/Slate/Fonts/Roboto-Light.ttf' (159K)
[2017.06.18-15.40.15:560][431]LogSavePackage: Save=115.03ms
[2017.06.18-15.40.15:560][431]LogSavePackage: Moving 'G:/Git/VR_Battle/Battle/Saved/ThirdPersonExampleMap5E349D554C2289036132D1A3D98A542D.tmp' to 'G:/Git/VR_Battle/Battle/Content/ThirdPersonCPP/Maps/ThirdPersonExampleMap.umap'
[2017.06.18-15.40.15:563][431]LogSavePackage:Display: Finished SavePackage G:/Git/VR_Battle/Battle/Content/ThirdPersonCPP/Maps/ThirdPersonExampleMap.umap
[2017.06.18-15.40.15:596][431]Cmd: OBJ SAVEPACKAGE PACKAGE="/Game/ThirdPersonCPP/Maps/ThirdPersonExampleMap_BuiltData" FILE="G:/Git/VR_Battle/Battle/Content/ThirdPersonCPP/Maps/ThirdPersonExampleMap_BuiltData.uasset" SILENT=true
[2017.06.18-15.40.15:774][431]LogSavePackage: Save=170.23ms
[2017.06.18-15.40.15:774][431]LogSavePackage: Moving 'G:/Git/VR_Battle/Battle/Saved/ThirdPersonExampleMap_BuiltData4666994A49DF66C0CFCE66A20765167F.tmp' to 'G:/Git/VR_Battle/Battle/Content/ThirdPersonCPP/Maps/ThirdPersonExampleMap_BuiltData.uasset'
[2017.06.18-15.40.15:775][431]LogSavePackage:Display: Finished SavePackage G:/Git/VR_Battle/Battle/Content/ThirdPersonCPP/Maps/ThirdPersonExampleMap_BuiltData.uasset
[2017.06.18-15.40.25:388][530]LogContentBrowser: Native class hierarchy updated for 'BlueprintGraph' in 0.0015 seconds. Added 112 classes and 0 folders.
[2017.06.18-15.40.25:990][530]LogSlate: Took 0.013366 seconds to synchronously load lazily loaded font '../../../Engine/Content/Editor/Slate/Fonts/Roboto-BoldCondensed.ttf' (158K)
[2017.06.18-15.40.26:238][531]LogSlate: Took 0.029990 seconds to synchronously load lazily loaded font '../../../Engine/Content/Editor/Slate/Fonts/Roboto-Italic.ttf' (157K)
[2017.06.18-15.40.59:729][457]BlueprintLog: New page: Compile VR_CharacterBP
[2017.06.18-15.41.00:869][507]Cmd: OBJ SAVEPACKAGE PACKAGE="/Game/VR_CharacterBP" FILE="G:/Git/VR_Battle/Battle/Content/VR_CharacterBP.uasset" SILENT=true
[2017.06.18-15.41.00:938][507]LogSavePackage: Save=62.97ms
[2017.06.18-15.41.00:938][507]LogSavePackage: Moving 'G:/Git/VR_Battle/Battle/Saved/VR_CharacterBPDD84C7154A9B1FE8597FA98F1FC38A73.tmp' to 'G:/Git/VR_Battle/Battle/Content/VR_CharacterBP.uasset'
[2017.06.18-15.41.00:940][507]LogSavePackage:Display: Finished SavePackage G:/Git/VR_Battle/Battle/Content/VR_CharacterBP.uasset
[2017.06.18-15.42.07:648][491]BlueprintLog: New page: Compile VR_CharacterBP
[2017.06.18-15.42.08:779][538]Cmd: OBJ SAVEPACKAGE PACKAGE="/Game/VR_CharacterBP" FILE="G:/Git/VR_Battle/Battle/Content/VR_CharacterBP.uasset" SILENT=true
[2017.06.18-15.42.08:843][538]LogSavePackage: Save=59.97ms
[2017.06.18-15.42.08:843][538]LogSavePackage: Moving 'G:/Git/VR_Battle/Battle/Saved/VR_CharacterBPD474ED884749AA1A2C1FB6B28376C750.tmp' to 'G:/Git/VR_Battle/Battle/Content/VR_CharacterBP.uasset'
[2017.06.18-15.42.08:845][538]LogSavePackage:Display: Finished SavePackage G:/Git/VR_Battle/Battle/Content/VR_CharacterBP.uasset
[2017.06.18-15.42.09:365][592]LogSlate: Took 0.000224 seconds to synchronously load lazily loaded font '../../../Engine/Content/Slate/Fonts/Roboto-Light.ttf' (159K)
[2017.06.18-15.42.15:576][278]LogActorFactory: Actor Factory created Cylinder
[2017.06.18-15.42.17:536][510]LogActorFactory: Actor Factory created Cylinder
[2017.06.18-15.42.39:443][945]LogEditorViewport: Clicking on Actor (LMB): StaticMeshActor (Floor)
[2017.06.18-15.42.51:295][253]LogEditorViewport: Clicking on Actor (LMB): StaticMeshActor (Cylinder)
[2017.06.18-15.43.01:245][328]LogEditorViewport: Clicking on Actor (LMB): StaticMeshActor (Cylinder2)
[2017.06.18-15.43.02:428][439]Cmd: DELETE
[2017.06.18-15.43.02:429][439]Cmd: ACTOR DELETE
[2017.06.18-15.43.02:429][439]LogEditorActor: Deleted Actor: StaticMeshActor
[2017.06.18-15.43.02:446][439]LogEditorActor: Deleted 1 Actors (0.017 secs)
[2017.06.18-15.43.03:752][594]LogEditorViewport: Clicking on Actor (LMB): StaticMeshActor (Cylinder3)
[2017.06.18-15.43.04:041][616]Cmd: DELETE
[2017.06.18-15.43.04:041][616]Cmd: ACTOR DELETE
[2017.06.18-15.43.04:042][616]LogEditorActor: Deleted Actor: StaticMeshActor
[2017.06.18-15.43.04:057][616]LogEditorActor: Deleted 1 Actors (0.015 secs)
[2017.06.18-15.43.05:055][734]LogEditorViewport: Clicking on Actor (LMB): StaticMeshActor (Cylinder4)
[2017.06.18-15.43.05:255][746]Cmd: DELETE
[2017.06.18-15.43.05:256][746]Cmd: ACTOR DELETE
[2017.06.18-15.43.05:257][746]LogEditorActor: Deleted Actor: StaticMeshActor
[2017.06.18-15.43.05:272][746]LogEditorActor: Deleted 1 Actors (0.017 secs)
[2017.06.18-15.43.06:702][916]LogEditorViewport: Clicking on Actor (LMB): StaticMeshActor (Cylinder)
[2017.06.18-15.43.42:353][965]LogSlate: Took 0.032583 seconds to synchronously load lazily loaded font '../../../Engine/Content/Slate/Fonts/DroidSansFallback.ttf' (3848K)
[2017.06.18-15.44.06:571][655]LogTemp: Repeting last play command: Selected Viewport
[2017.06.18-15.44.06:658][655]LogBlueprintUserMessages: Early PlayInEditor Detection: Level '/Game/ThirdPersonCPP/Maps/ThirdPersonExampleMap.ThirdPersonExampleMap:PersistentLevel' has LevelScriptBlueprint '/Game/ThirdPersonCPP/Maps/ThirdPersonExampleMap.ThirdPersonExampleMap:PersistentLevel.ThirdPersonExampleMap' with GeneratedClass '/Game/ThirdPersonCPP/Maps/ThirdPersonExampleMap.ThirdPersonExampleMap_C' with ClassGeneratedBy '/Game/ThirdPersonCPP/Maps/ThirdPersonExampleMap.ThirdPersonExampleMap:PersistentLevel.ThirdPersonExampleMap'
[2017.06.18-15.44.06:658][655]LogPlayLevel: PlayLevel: No blueprints needed recompiling
[2017.06.18-15.44.06:659][655]PIE: New page: PIE session: ThirdPersonExampleMap (Jun 19, 2017, 7:44:06 AM)
[2017.06.18-15.44.06:659][655]LogPlayLevel: Creating play world package: /Game/ThirdPersonCPP/Maps/UEDPIE_0_ThirdPersonExampleMap
[2017.06.18-15.44.06:683][655]LogPlayLevel: PIE: StaticDuplicateObject took: (0.023544s)
[2017.06.18-15.44.06:684][655]LogAIModule: Creating AISystem for world ThirdPersonExampleMap
[2017.06.18-15.44.06:685][655]LogPlayLevel: PIE: World Init took: (0.001633s)
[2017.06.18-15.44.06:685][655]LogPlayLevel: PIE: Created PIE world by copying editor world from /Game/ThirdPersonCPP/Maps/ThirdPersonExampleMap.ThirdPersonExampleMap to /Game/ThirdPersonCPP/Maps/UEDPIE_0_ThirdPersonExampleMap.ThirdPersonExampleMap (0.025910s)
[2017.06.18-15.44.06:707][655]LogInit: XAudio2 using '喇叭 (Realtek High Definition Audio)' : 2 channels at 48 kHz using 32 bits per sample (channel mask 0x3)
[2017.06.18-15.44.06:719][655]LogInit: FAudioDevice initialized.
[2017.06.18-15.44.06:768][655]LogLoad: Game class is 'BattleGameMode'
[2017.06.18-15.44.06:772][655]LogWorld: Bringing World /Game/ThirdPersonCPP/Maps/UEDPIE_0_ThirdPersonExampleMap.ThirdPersonExampleMap up for play (max tick rate 0) at 2017.06.18-23.44.06
[2017.06.18-15.44.06:773][655]LogWorld: Bringing up level for play took: 0.003016
[2017.06.18-15.44.06:802][655]LogContentBrowser: Native class hierarchy updated for 'MovieSceneCapture' in 0.0012 seconds. Added 11 classes and 0 folders.
[2017.06.18-15.44.06:803][655]PIE: Info Play in editor start time for /Game/ThirdPersonCPP/Maps/UEDPIE_0_ThirdPersonExampleMap -0.635
[2017.06.18-15.44.06:804][655]LogBlueprintUserMessages: Late PlayInEditor Detection: Level '/Game/ThirdPersonCPP/Maps/ThirdPersonExampleMap.ThirdPersonExampleMap:PersistentLevel' has LevelScriptBlueprint '/Game/ThirdPersonCPP/Maps/ThirdPersonExampleMap.ThirdPersonExampleMap:PersistentLevel.ThirdPersonExampleMap' with GeneratedClass '/Game/ThirdPersonCPP/Maps/ThirdPersonExampleMap.ThirdPersonExampleMap_C' with ClassGeneratedBy '/Game/ThirdPersonCPP/Maps/ThirdPersonExampleMap.ThirdPersonExampleMap:PersistentLevel.ThirdPersonExampleMap'
[2017.06.18-15.44.18:424][ 44]LogBlueprintUserMessages: Early EndPlayMap Detection: Level '/Game/ThirdPersonCPP/Maps/ThirdPersonExampleMap.ThirdPersonExampleMap:PersistentLevel' has LevelScriptBlueprint '/Game/ThirdPersonCPP/Maps/ThirdPersonExampleMap.ThirdPersonExampleMap:PersistentLevel.ThirdPersonExampleMap' with GeneratedClass '/Game/ThirdPersonCPP/Maps/ThirdPersonExampleMap.ThirdPersonExampleMap_C' with ClassGeneratedBy '/Game/ThirdPersonCPP/Maps/ThirdPersonExampleMap.ThirdPersonExampleMap:PersistentLevel.ThirdPersonExampleMap'
[2017.06.18-15.44.18:515][ 44]LogBlueprintUserMessages: Late EndPlayMap Detection: Level '/Game/ThirdPersonCPP/Maps/ThirdPersonExampleMap.ThirdPersonExampleMap:PersistentLevel' has LevelScriptBlueprint '/Game/ThirdPersonCPP/Maps/ThirdPersonExampleMap.ThirdPersonExampleMap:PersistentLevel.ThirdPersonExampleMap' with GeneratedClass '/Game/ThirdPersonCPP/Maps/ThirdPersonExampleMap.ThirdPersonExampleMap_C' with ClassGeneratedBy '/Game/ThirdPersonCPP/Maps/ThirdPersonExampleMap.ThirdPersonExampleMap:PersistentLevel.ThirdPersonExampleMap'
[2017.06.18-15.44.21:994][424]LogEditorViewport: Clicking on Actor (LMB): BlockingVolume (BlockingVolume)
[2017.06.18-15.44.23:505][603]Cmd: DELETE
[2017.06.18-15.44.23:505][603]Cmd: ACTOR DELETE
[2017.06.18-15.44.23:506][603]LogEditorActor: Deleted Actor: BlockingVolume
[2017.06.18-15.44.23:520][603]LogEditorActor: Deleted 1 Actors (0.015 secs)
[2017.06.18-15.45.13:110][304]LogEditorViewport: Clicking on Actor (LMB): BlockingVolume (BlockingVolume)
[2017.06.18-15.45.56:364][203]LogSavePackage: Save=141.67ms
[2017.06.18-15.45.56:364][203]LogSavePackage: Moving 'G:/Git/VR_Battle/Battle/Saved/ThirdPersonExampleMapC71C8D9B4EE4FDD6347581848E5F06B4.tmp' to 'G:/Git/VR_Battle/Battle/Content/ThirdPersonCPP/Maps/ThirdPersonExampleMap.umap'
[2017.06.18-15.45.56:368][203]LogSavePackage:Display: Finished SavePackage G:/Git/VR_Battle/Battle/Content/ThirdPersonCPP/Maps/ThirdPersonExampleMap.umap
[2017.06.18-15.45.56:399][203]Cmd: OBJ SAVEPACKAGE PACKAGE="/Game/ThirdPersonCPP/Maps/ThirdPersonExampleMap_BuiltData" FILE="G:/Git/VR_Battle/Battle/Content/ThirdPersonCPP/Maps/ThirdPersonExampleMap_BuiltData.uasset" SILENT=true
[2017.06.18-15.45.56:525][203]LogSavePackage: Save=119.40ms
[2017.06.18-15.45.56:526][203]LogSavePackage: Moving 'G:/Git/VR_Battle/Battle/Saved/ThirdPersonExampleMap_BuiltDataD08DE0654B6F5268C0C1CD9C93C85211.tmp' to 'G:/Git/VR_Battle/Battle/Content/ThirdPersonCPP/Maps/ThirdPersonExampleMap_BuiltData.uasset'
[2017.06.18-15.45.56:526][203]LogSavePackage:Display: Finished SavePackage G:/Git/VR_Battle/Battle/Content/ThirdPersonCPP/Maps/ThirdPersonExampleMap_BuiltData.uasset
[2017.06.18-15.46.00:442][649]LogEditor: Attempting to add actor of class 'CableActor' to level at -940.00,970.00,1190.00
[2017.06.18-15.46.01:800][801]LogEditor: Attempting to add actor of class 'CableActor' to level at -1110.00,540.00,130.00
[2017.06.18-15.46.32:570][282]LogEditorViewport: Clicking on Actor (LMB): CableActor (CableActor1)
[2017.06.18-15.46.57:566][ 81]LogEditorViewport: Clicking on Actor (LMB): CableActor (CableActor1)
[2017.06.18-15.48.25:476][125]LogEditorViewport: Clicking on Actor (LMB): CableActor (CableActor7)
[2017.06.18-15.48.47:673][631]LogEditorViewport: Clicking on Actor (LMB): VR_CharacterBP_C (VR_CharacterBP)
[2017.06.18-15.48.57:952][657]LogSavePackage: Save=159.94ms
[2017.06.18-15.48.57:952][657]LogSavePackage: Moving 'G:/Git/VR_Battle/Battle/Saved/ThirdPersonExampleMap8D70B9B84C9C4C78C37CFDBC43137EE4.tmp' to 'G:/Git/VR_Battle/Battle/Content/ThirdPersonCPP/Maps/ThirdPersonExampleMap.umap'
[2017.06.18-15.48.57:955][657]LogSavePackage:Display: Finished SavePackage G:/Git/VR_Battle/Battle/Content/ThirdPersonCPP/Maps/ThirdPersonExampleMap.umap
[2017.06.18-15.48.57:984][657]Cmd: OBJ SAVEPACKAGE PACKAGE="/Game/ThirdPersonCPP/Maps/ThirdPersonExampleMap_BuiltData" FILE="G:/Git/VR_Battle/Battle/Content/ThirdPersonCPP/Maps/ThirdPersonExampleMap_BuiltData.uasset" SILENT=true
[2017.06.18-15.48.58:106][657]LogSavePackage: Save=117.96ms
[2017.06.18-15.48.58:106][657]LogSavePackage: Moving 'G:/Git/VR_Battle/Battle/Saved/ThirdPersonExampleMap_BuiltData0B0576DB4C06D4BFAA4485B943ABA2F6.tmp' to 'G:/Git/VR_Battle/Battle/Content/ThirdPersonCPP/Maps/ThirdPersonExampleMap_BuiltData.uasset'
[2017.06.18-15.48.58:107][657]LogSavePackage:Display: Finished SavePackage G:/Git/VR_Battle/Battle/Content/ThirdPersonCPP/Maps/ThirdPersonExampleMap_BuiltData.uasset
[2017.06.18-15.49.08:779][830]MapCheck: New page: Map Check
[2017.06.18-15.49.08:815][830]LightingResults: New page: Lighting Build - Jun 19, 2017, 7:49:08 AM
[2017.06.18-15.49.11:817][830]LogSwarmInterface: [OpenConnection] Registering TCP channel ...
[2017.06.18-15.49.12:861][830]LogSwarmInterface: [OpenConnection] Connecting to agent ...
[2017.06.18-15.49.12:882][830]LogSwarmInterface: [TryOpenConnection] Testing the Agent
[2017.06.18-15.49.14:403][830]LogSwarmInterface: [TryOpenConnection] Opening Connection to Agent
[2017.06.18-15.49.14:403][830]LogSwarmInterface: [TryOpenConnection] Local Process ID is 4468
[2017.06.18-15.49.16:963][830]LogStaticLightingSystem: Running Lightmass w/ ImmediateImport mode ENABLED
[2017.06.18-15.49.16:963][830]LogStaticLightingSystem: Running Lightmass w/ ImmediateProcess mode ENABLED
[2017.06.18-15.49.16:963][830]LogStaticLightingSystem: Running Lightmass w/ Sorting mode ENABLED
[2017.06.18-15.49.16:963][830]LogStaticLightingSystem: Running Lightmass w/ Mapping paddings ENABLED
[2017.06.18-15.49.16:963][830]LogStaticLightingSystem: Running Lightmass w/ Mapping debug paddings DISABLED
[2017.06.18-15.49.18:218][830]LogEditorBuildUtils: Build time 0:09
[2017.06.18-15.49.18:237][830]LogMaterial: Missing cached shader map for material FLightmassMaterialRenderer MaterialInstanceDynamic_1, compiling. 
[2017.06.18-15.49.18:289][830]LogMaterial: Missing cached shader map for material FLightmassMaterialRenderer MaterialInstanceDynamic_1, compiling. 
[2017.06.18-15.49.18:310][831]LogMaterial: Missing cached shader map for material FLightmassMaterialRenderer CubeMaterial, compiling. 
[2017.06.18-15.49.18:316][831]LogMaterial: Missing cached shader map for material FLightmassMaterialRenderer CubeMaterial, compiling. 
[2017.06.18-15.49.18:355][832]LogMaterial: Missing cached shader map for material FLightmassMaterialRenderer BasicShapeMaterial, compiling. 
[2017.06.18-15.49.18:362][832]LogMaterial: Missing cached shader map for material FLightmassMaterialRenderer BasicShapeMaterial, compiling. 
[2017.06.18-15.49.18:387][833]LogMaterial: Missing cached shader map for material FLightmassMaterialRenderer WorldGridMaterial, compiling. Is special engine material.
[2017.06.18-15.49.18:395][833]LogMaterial: Missing cached shader map for material FLightmassMaterialRenderer WorldGridMaterial, compiling. Is special engine material.
[2017.06.18-15.49.24:303][984]Job is a success!
[2017.06.18-15.49.24:702][985]LogTexture:Display: Building textures: SkyOcclusion1_1 (AutoDXT, 1024X512)
[2017.06.18-15.49.24:702][985]LogTexture:Display: Building textures: HQ_Lightmap1_1 (AutoDXT, 1024X1024)
[2017.06.18-15.49.24:702][985]LogTexture:Display: Building textures: LQ_Lightmap_1_1 (DXT1, 1024X1024)
[2017.06.18-15.49.24:702][985]LogTexture:Display: Building textures: SkyOcclusion1_2 (AutoDXT, 64X32)
[2017.06.18-15.49.24:702][985]LogTexture:Display: Building textures: LQ_Lightmap_1_2 (DXT1, 64X64)
[2017.06.18-15.49.24:702][985]LogTexture:Display: Building textures: HQ_Lightmap1_2 (AutoDXT, 64X64)
[2017.06.18-15.49.24:814][985]LogTexture:Display: Building textures: ShadowMapTexture2D_3 (G8, 32X32)
[2017.06.18-15.49.24:814][985]LogTexture:Display: Building textures: ShadowMapTexture2D_2 (G8, 1024X512)
[2017.06.18-15.49.24:835][985]Lightmass on WINDOWS-ACBHQ9K: 3.68 sec total, 141 ms importing, 4 ms setup, 711 ms photons, 2.78 sec processing, 0 ms extra exporting [6/6 mappings]. Threads: 19.3 sec total, 2.59 sec processing.
[2017.06.18-15.49.24:872][985]LogStaticLightingSystem: Illumination: 16.0 sec (268 ms encoding lightmaps, 104 ms encoding shadowmaps)
[2017.06.18-15.49.24:872][985]LogStaticLightingSystem: Lightmap texture memory:  2.7 MB (2.7 MB streaming, 0.0 MB non-streaming), 4 textures
[2017.06.18-15.49.24:872][985]LogStaticLightingSystem: Shadowmap texture memory: 0.7 MB (0.7 MB streaming, 0.0 MB non-streaming), 2 textures
[2017.06.18-15.49.25:849][985]DumpUnbuiltLightIteractions
[2017.06.18-15.49.25:849][985]Lights with unbuilt interactions: 0
[2017.06.18-15.49.25:849][985]
[2017.06.18-15.49.25:849][985]Primitives with unbuilt interactions: 0
[2017.06.18-15.49.25:855][986]Cmd: MAP CHECK NOTIFYRESULTS
[2017.06.18-15.49.25:855][986]MapCheck: New page: ThirdPersonExampleMap - Jun 19, 2017, 7:49:25 AM
[2017.06.18-15.49.26:018][986]MapCheck: Info Map check complete: 0 Error(s), 0 Warning(s), took 163.476ms to complete.
[2017.06.18-15.49.37:332][282]LogSavePackage: Save=180.42ms
[2017.06.18-15.49.37:332][282]LogSavePackage: Moving 'G:/Git/VR_Battle/Battle/Saved/ThirdPersonExampleMapDAFAC2DB41D98FAD580C7C96C9B62DE8.tmp' to 'G:/Git/VR_Battle/Battle/Content/ThirdPersonCPP/Maps/ThirdPersonExampleMap.umap'
[2017.06.18-15.49.37:335][282]LogSavePackage:Display: Finished SavePackage G:/Git/VR_Battle/Battle/Content/ThirdPersonCPP/Maps/ThirdPersonExampleMap.umap
[2017.06.18-15.49.37:364][282]LogFileHelpers: Saving map 'ThirdPersonExampleMap' took 0.276
[2017.06.18-15.49.37:368][282]Cmd: OBJ SAVEPACKAGE PACKAGE="/Game/ThirdPersonCPP/Maps/ThirdPersonExampleMap_BuiltData" FILE="G:/Git/VR_Battle/Battle/Content/ThirdPersonCPP/Maps/ThirdPersonExampleMap_BuiltData.uasset" SILENT=true
[2017.06.18-15.49.37:439][282]LogSavePackage: Save=66.87ms
[2017.06.18-15.49.37:439][282]LogSavePackage: Moving 'G:/Git/VR_Battle/Battle/Saved/ThirdPersonExampleMap_BuiltData7FAEDEC34A301FA9D8B4AAAEA66875C3.tmp' to 'G:/Git/VR_Battle/Battle/Content/ThirdPersonCPP/Maps/ThirdPersonExampleMap_BuiltData.uasset'
[2017.06.18-15.49.37:442][282]LogSavePackage:Display: Finished SavePackage G:/Git/VR_Battle/Battle/Content/ThirdPersonCPP/Maps/ThirdPersonExampleMap_BuiltData.uasset
[2017.06.18-15.49.38:875][424]LogWindowsTextInputMethodSystem:Display: IME system now activated using TSF (微軟注音).
[2017.06.18-15.49.39:126][425]Cmd: QUIT_EDITOR
[2017.06.18-15.49.39:490][425]LogExit: Preparing to exit.
[2017.06.18-15.49.40:309][425]LogExit: Editor shut down
[2017.06.18-15.49.40:313][425]LogExit: Transaction tracking system shut down
[2017.06.18-15.49.40:413][425]LogObj: Freed 0b from 0 cluster array pools.
[2017.06.18-15.49.40:413][425]LogExit: Object subsystem successfully closed.
[2017.06.18-15.49.40:456][425]LogD3D11RHI: Shutdown
[2017.06.18-15.49.40:456][425]LogD3D11RHI: CleanupD3DDevice
[2017.06.18-15.49.40:563][425]LogD3D11RHI: ~FD3D11DynamicRHI
[2017.06.18-15.49.40:570][425]LogModuleManager: Shutting down and abandoning module MovieSceneCapture (532)
[2017.06.18-15.49.40:570][425]LogModuleManager: Shutting down and abandoning module BlueprintGraph (530)
[2017.06.18-15.49.40:570][425]LogModuleManager: Shutting down and abandoning module BlueprintProfiler (528)
[2017.06.18-15.49.40:570][425]LogModuleManager: Shutting down and abandoning module HierarchicalLODOutliner (526)
[2017.06.18-15.49.40:570][425]LogModuleManager: Shutting down and abandoning module CrashTracker (524)
[2017.06.18-15.49.40:570][425]LogModuleManager: Shutting down and abandoning module SceneOutliner (522)
[2017.06.18-15.49.40:571][425]LogModuleManager: Shutting down and abandoning module AddContentDialog (520)
[2017.06.18-15.49.40:571][425]LogDirectoryWatcher: A directory notification for 'F:/UnrealEngine/Epic Games/UE_4.16/FeaturePacks/' was aborted.
[2017.06.18-15.49.40:571][425]LogModuleManager: Shutting down and abandoning module WidgetCarousel (519)
[2017.06.18-15.49.40:572][425]LogModuleManager: Shutting down and abandoning module EditorWidgets (516)
[2017.06.18-15.49.40:572][425]LogModuleManager: Shutting down and abandoning module CollectionManager (514)
[2017.06.18-15.49.40:572][425]LogDirectoryWatcher: A directory notification for 'G:/Git/VR_Battle/Battle/Content/Collections/' was aborted.
[2017.06.18-15.49.40:572][425]LogDirectoryWatcher: A directory notification for 'G:/Git/VR_Battle/Battle/Content/Developers/User/Collections/' was aborted.
[2017.06.18-15.49.40:572][425]LogDirectoryWatcher: A directory notification for 'G:/Git/VR_Battle/Battle/Saved/Collections/' was aborted.
[2017.06.18-15.49.40:572][425]LogModuleManager: Shutting down and abandoning module StatsViewer (512)
[2017.06.18-15.49.40:572][425]LogModuleManager: Shutting down and abandoning module FoliageEdit (510)
[2017.06.18-15.49.40:573][425]LogModuleManager: Shutting down and abandoning module LandscapeEditor (508)
[2017.06.18-15.49.40:573][425]LogModuleManager: Shutting down and abandoning module MeshPaintMode (506)
[2017.06.18-15.49.40:573][425]LogModuleManager: Shutting down and abandoning module SceneDepthPickerMode (504)
[2017.06.18-15.49.40:573][425]LogModuleManager: Shutting down and abandoning module ActorPickerMode (502)
[2017.06.18-15.49.40:573][425]LogModuleManager: Shutting down and abandoning module GeometryMode (500)
[2017.06.18-15.49.40:573][425]LogModuleManager: Shutting down and abandoning module TextureAlignMode (498)
[2017.06.18-15.49.40:573][425]LogModuleManager: Shutting down and abandoning module BspMode (496)
[2017.06.18-15.49.40:573][425]LogModuleManager: Shutting down and abandoning module HardwareSurvey (494)
[2017.06.18-15.49.40:573][425]LogModuleManager: Shutting down and abandoning module SequenceRecorderSections (492)
[2017.06.18-15.49.40:573][425]LogModuleManager: Shutting down and abandoning module AutomationWorker (490)
[2017.06.18-15.49.40:573][425]LogModuleManager: Shutting down and abandoning module MatineeToLevelSequence (488)
[2017.06.18-15.49.40:573][425]LogModuleManager: Shutting down and abandoning module LevelSequenceEditor (486)
[2017.06.18-15.49.40:574][425]LogModuleManager: Shutting down and abandoning module PlacementMode (485)
[2017.06.18-15.49.40:574][425]LogModuleManager: Shutting down and abandoning module WmfMediaFactory (482)
[2017.06.18-15.49.40:574][425]LogModuleManager: Shutting down and abandoning module WmfMediaEditor (480)
[2017.06.18-15.49.40:574][425]LogModuleManager: Shutting down and abandoning module AvfMediaFactory (478)
[2017.06.18-15.49.40:574][425]LogModuleManager: Shutting down and abandoning module AvfMediaEditor (476)
[2017.06.18-15.49.40:574][425]LogModuleManager: Shutting down and abandoning module AndroidMediaFactory (474)
[2017.06.18-15.49.40:574][425]LogModuleManager: Shutting down and abandoning module Media (473)
[2017.06.18-15.49.40:574][425]LogModuleManager: Shutting down and abandoning module AndroidMediaEditor (470)
[2017.06.18-15.49.40:574][425]LogModuleManager: Shutting down and abandoning module CharacterAI (468)
[2017.06.18-15.49.40:574][425]LogModuleManager: Shutting down and abandoning module AudioCapture (466)
[2017.06.18-15.49.40:574][425]LogModuleManager: Shutting down and abandoning module SequenceRecorder (465)
[2017.06.18-15.49.40:575][425]LogModuleManager: Shutting down and abandoning module SmartSnapping (462)
[2017.06.18-15.49.40:575][425]LogModuleManager: Shutting down and abandoning module SessionServices (460)
[2017.06.18-15.49.40:575][425]LogModuleManager: Shutting down and abandoning module ViewportSnapping (458)
[2017.06.18-15.49.40:575][425]LogModuleManager: Shutting down and abandoning module ViewportInteraction (456)
[2017.06.18-15.49.40:575][425]LogModuleManager: Shutting down and abandoning module ClothPainter (454)
[2017.06.18-15.49.40:575][425]LogModuleManager: Shutting down and abandoning module LogVisualizer (452)
[2017.06.18-15.49.40:575][425]LogModuleManager: Shutting down and abandoning module IntroTutorials (450)
[2017.06.18-15.49.40:575][425]LogModuleManager: Shutting down and abandoning module GameProjectGeneration (449)
[2017.06.18-15.49.40:575][425]LogModuleManager: Shutting down and abandoning module EditorLiveStreaming (446)
[2017.06.18-15.49.40:575][425]LogModuleManager: Shutting down and abandoning module IOSPlatformEditor (444)
[2017.06.18-15.49.40:575][425]LogModuleManager: Shutting down and abandoning module HTML5PlatformEditor (442)
[2017.06.18-15.49.40:575][425]LogModuleManager: Shutting down and abandoning module AndroidPlatformEditor (440)
[2017.06.18-15.49.40:576][425]LogModuleManager: Shutting down and abandoning module AndroidDeviceDetection (439)
[2017.06.18-15.49.40:859][425]LogModuleManager: Shutting down and abandoning module IOSRuntimeSettings (436)
[2017.06.18-15.49.40:859][425]LogModuleManager: Shutting down and abandoning module AndroidRuntimeSettings (434)
[2017.06.18-15.49.40:860][425]LogModuleManager: Shutting down and abandoning module InputBindingEditor (432)
[2017.06.18-15.49.40:860][425]LogModuleManager: Shutting down and abandoning module MergeActors (430)
[2017.06.18-15.49.40:860][425]LogModuleManager: Shutting down and abandoning module SizeMap (428)
[2017.06.18-15.49.40:860][425]LogModuleManager: Shutting down and abandoning module TreeMap (426)
[2017.06.18-15.49.40:860][425]LogModuleManager: Shutting down and abandoning module ReferenceViewer (424)
[2017.06.18-15.49.40:860][425]LogModuleManager: Shutting down and abandoning module LocalizationDashboard (422)
[2017.06.18-15.49.40:860][425]LogModuleManager: Shutting down and abandoning module LocalizationService (421)
[2017.06.18-15.49.40:860][425]LogModuleManager: Shutting down and abandoning module HardwareTargeting (418)
[2017.06.18-15.49.40:860][425]LogModuleManager: Shutting down and abandoning module DeviceProfileEditor (416)
[2017.06.18-15.49.40:860][425]LogModuleManager: Shutting down and abandoning module UndoHistory (414)
[2017.06.18-15.49.40:861][425]LogModuleManager: Shutting down and abandoning module UserFeedback (412)
[2017.06.18-15.49.40:861][425]LogModuleManager: Shutting down and abandoning module XmlParser (410)
[2017.06.18-15.49.40:861][425]LogModuleManager: Shutting down and abandoning module Blutility (408)
[2017.06.18-15.49.40:861][425]LogModuleManager: Shutting down and abandoning module ProjectSettingsViewer (406)
[2017.06.18-15.49.40:861][425]LogModuleManager: Shutting down and abandoning module ProjectTargetPlatformEditor (405)
[2017.06.18-15.49.40:861][425]LogModuleManager: Shutting down and abandoning module EditorSettingsViewer (402)
[2017.06.18-15.49.40:861][425]LogModuleManager: Shutting down and abandoning module SettingsEditor (400)
[2017.06.18-15.49.40:861][425]LogModuleManager: Shutting down and abandoning module ProjectLauncher (398)
[2017.06.18-15.49.40:861][425]LogModuleManager: Shutting down and abandoning module SessionFrontend (396)
[2017.06.18-15.49.40:861][425]LogModuleManager: Shutting down and abandoning module ProfilerClient (394)
[2017.06.18-15.49.40:862][425]LogModuleManager: Shutting down and abandoning module DeviceManager (392)
[2017.06.18-15.49.40:862][425]LogModuleManager: Shutting down and abandoning module TargetDeviceServices (391)
[2017.06.18-15.49.40:916][425]LogModuleManager: Shutting down and abandoning module AutomationController (388)
[2017.06.18-15.49.40:916][425]LogModuleManager: Shutting down and abandoning module AutomationWindow (386)
[2017.06.18-15.49.40:916][425]LogModuleManager: Shutting down and abandoning module Layers (384)
[2017.06.18-15.49.40:916][425]LogModuleManager: Shutting down and abandoning module ComponentVisualizers (382)
[2017.06.18-15.49.40:916][425]LogModuleManager: Shutting down and abandoning module DetailCustomizations (380)
[2017.06.18-15.49.40:916][425]LogModuleManager: Shutting down and abandoning module PackagesDialog (378)
[2017.06.18-15.49.40:916][425]LogModuleManager: Shutting down and abandoning module Persona (376)
[2017.06.18-15.49.40:917][425]LogModuleManager: Shutting down and abandoning module AdvancedPreviewScene (375)
[2017.06.18-15.49.40:917][425]LogModuleManager: Shutting down and abandoning module AnimGraph (373)
[2017.06.18-15.49.40:917][425]LogModuleManager: Shutting down and abandoning module Kismet (370)
[2017.06.18-15.49.40:922][425]LogModuleManager: Shutting down and abandoning module ClassViewer (368)
[2017.06.18-15.49.40:922][425]LogModuleManager: Shutting down and abandoning module Toolbox (366)
[2017.06.18-15.49.40:922][425]LogModuleManager: Shutting down and abandoning module ModuleUI (364)
[2017.06.18-15.49.40:922][425]LogModuleManager: Shutting down and abandoning module MovieSceneTools (362)
[2017.06.18-15.49.40:923][425]LogModuleManager: Shutting down and abandoning module OutputLog (360)
[2017.06.18-15.49.40:923][425]LogModuleManager: Shutting down and abandoning module GammaUI (358)
[2017.06.18-15.49.40:923][425]LogModuleManager: Shutting down and abandoning module Documentation (356)
[2017.06.18-15.49.40:923][425]LogModuleManager: Shutting down and abandoning module MovieSceneTracks (354)
[2017.06.18-15.49.40:923][425]LogModuleManager: Shutting down and abandoning module MovieScene (352)
[2017.06.18-15.49.40:923][425]LogModuleManager: Shutting down and abandoning module Niagara (350)
[2017.06.18-15.49.40:923][425]LogModuleManager: Shutting down and abandoning module NiagaraEditor (349)
[2017.06.18-15.49.40:923][425]LogModuleManager: Shutting down and abandoning module StreamingPauseRendering (346)
[2017.06.18-15.49.40:923][425]LogModuleManager: Shutting down and abandoning module AnalyticsET (344)
[2017.06.18-15.49.40:923][425]LogModuleManager: Shutting down and abandoning module PortalServices (342)
[2017.06.18-15.49.40:924][425]LogModuleManager: Shutting down and abandoning module PortalRpc (340)
[2017.06.18-15.49.40:924][425]LogModuleManager: Shutting down and abandoning module MessagingRpc (338)
[2017.06.18-15.49.40:924][425]LogModuleManager: Shutting down and abandoning module AIModule (336)
[2017.06.18-15.49.40:924][425]LogModuleManager: Shutting down and abandoning module GameplayDebugger (335)
[2017.06.18-15.49.40:924][425]LogModuleManager: Shutting down and abandoning module AITestSuite (333)
[2017.06.18-15.49.40:924][425]LogModuleManager: Shutting down and abandoning module ProfilerService (330)
[2017.06.18-15.49.40:970][425]LogModuleManager: Shutting down and abandoning module TaskGraph (328)
[2017.06.18-15.49.40:970][425]LogModuleManager: Shutting down and abandoning module SteamVRController (326)
[2017.06.18-15.49.40:970][425]LogModuleManager: Shutting down and abandoning module SteamVR (324)
[2017.06.18-15.49.40:970][425]LogModuleManager: Shutting down and abandoning module ProceduralMeshComponentEditor (322)
[2017.06.18-15.49.40:970][425]LogModuleManager: Shutting down and abandoning module ProceduralMeshComponent (320)
[2017.06.18-15.49.40:970][425]LogModuleManager: Shutting down and abandoning module OculusLibrary (318)
[2017.06.18-15.49.40:970][425]LogModuleManager: Shutting down and abandoning module OculusInput (316)
[2017.06.18-15.49.40:970][425]LogModuleManager: Shutting down and abandoning module MobilePatchingUtils (314)
[2017.06.18-15.49.40:970][425]LogModuleManager: Shutting down and abandoning module CustomMeshComponent (312)
[2017.06.18-15.49.40:971][425]LogModuleManager: Shutting down and abandoning module CableComponent (310)
[2017.06.18-15.49.40:971][425]LogModuleManager: Shutting down and abandoning module ArchVisCharacter (308)
[2017.06.18-15.49.40:971][425]LogModuleManager: Shutting down and abandoning module AndroidPermission (306)
[2017.06.18-15.49.40:971][425]LogModuleManager: Shutting down and abandoning module MediaPlayerEditor (302)
[2017.06.18-15.49.40:971][425]LogModuleManager: Shutting down and abandoning module HTML5Networking (300)
[2017.06.18-15.49.40:971][425]LogModuleManager: Shutting down and abandoning module AlembicImporter (298)
[2017.06.18-15.49.40:971][425]LogModuleManager: Shutting down and abandoning module AlembicLibrary (297)
[2017.06.18-15.49.40:971][425]LogModuleManager: Shutting down and abandoning module GeometryCache (296)
[2017.06.18-15.49.40:971][425]LogModuleManager: Shutting down and abandoning module GeometryCacheEd (295)
[2017.06.18-15.49.40:971][425]LogModuleManager: Shutting down and abandoning module SuperSearchEditor (290)
[2017.06.18-15.49.40:971][425]LogModuleManager: Shutting down and abandoning module SuperSearch (289)
[2017.06.18-15.49.40:971][425]LogModuleManager: Shutting down and abandoning module SpeedTreeImporter (286)
[2017.06.18-15.49.40:971][425]LogModuleManager: Shutting down and abandoning module PluginBrowser (284)
[2017.06.18-15.49.40:971][425]LogModuleManager: Shutting down and abandoning module MobileLauncherProfileWizard (282)
[2017.06.18-15.49.40:971][425]LogModuleManager: Shutting down and abandoning module VisualStudioSourceCodeAccess (280)
[2017.06.18-15.49.40:971][425]LogModuleManager: Shutting down and abandoning module DesktopPlatform (279)
[2017.06.18-15.49.40:971][425]LogModuleManager: Shutting down and abandoning module UObjectPlugin (276)
[2017.06.18-15.49.40:972][425]LogModuleManager: Shutting down and abandoning module SubversionSourceControl (274)
[2017.06.18-15.49.40:972][425]LogModuleManager: Shutting down and abandoning module PerforceSourceControl (272)
[2017.06.18-15.49.40:972][425]LogModuleManager: Shutting down and abandoning module GitSourceControl (270)
[2017.06.18-15.49.40:972][425]LogModuleManager: Shutting down and abandoning module SourceControl (269)
[2017.06.18-15.49.40:972][425]LogModuleManager: Shutting down and abandoning module LightPropagationVolumeEditor (266)
[2017.06.18-15.49.40:972][425]LogModuleManager: Shutting down and abandoning module PaperTiledImporter (264)
[2017.06.18-15.49.40:972][425]LogModuleManager: Shutting down and abandoning module PaperSpriteSheetImporter (262)
[2017.06.18-15.49.40:973][425]LogModuleManager: Shutting down and abandoning module Paper2DEditor (260)
[2017.06.18-15.49.40:973][425]LogModuleManager: Shutting down and abandoning module MeshPaint (259)
[2017.06.18-15.49.40:973][425]LogModuleManager: Shutting down and abandoning module LevelEditor (257)
[2017.06.18-15.49.40:974][425]LogModuleManager: Shutting down and abandoning module PixelInspectorModule (256)
[2017.06.18-15.49.40:974][425]LogModuleManager: Shutting down and abandoning module MainFrame (254)
[2017.06.18-15.49.40:974][425]LogModuleManager: Shutting down and abandoning module HotReload (253)
[2017.06.18-15.49.40:974][425]LogDirectoryWatcher: A directory notification for 'G:/Git/VR_Battle/Battle/Binaries/Win64' was aborted.
[2017.06.18-15.49.40:974][425]LogModuleManager: Shutting down and abandoning module Battle (248)
[2017.06.18-15.49.40:974][425]LogModuleManager: Shutting down and abandoning module PhysXVehiclesEditor (246)
[2017.06.18-15.49.40:975][425]LogModuleManager: Shutting down and abandoning module PhysXVehicles (244)
[2017.06.18-15.49.40:975][425]LogModuleManager: Shutting down and abandoning module LocationServicesBPLibrary (242)
[2017.06.18-15.49.40:975][425]LogModuleManager: Shutting down and abandoning module ImmediatePhysicsEditor (240)
[2017.06.18-15.49.40:975][425]LogModuleManager: Shutting down and abandoning module ImmediatePhysics (238)
[2017.06.18-15.49.40:975][425]LogModuleManager: Shutting down and abandoning module UdpMessaging (236)
[2017.06.18-15.49.41:075][425]LogModuleManager: Shutting down and abandoning module TcpMessaging (234)
[2017.06.18-15.49.41:190][425]LogModuleManager: Shutting down and abandoning module GameplayTagsEditor (232)
[2017.06.18-15.49.41:190][425]LogModuleManager: Shutting down and abandoning module FacialAnimationEditor (230)
[2017.06.18-15.49.41:190][425]LogModuleManager: Shutting down and abandoning module FacialAnimation (228)
[2017.06.18-15.49.41:191][425]LogModuleManager: Shutting down and abandoning module AssetManagerEditor (226)
[2017.06.18-15.49.41:191][425]LogModuleManager: Shutting down and abandoning module GraphEditor (225)
[2017.06.18-15.49.41:191][425]LogModuleManager: Shutting down and abandoning module ContentBrowser (223)
[2017.06.18-15.49.41:192][425]LogModuleManager: Shutting down and abandoning module LightPropagationVolumeRuntime (220)
[2017.06.18-15.49.41:192][425]LogModuleManager: Shutting down and abandoning module Paper2D (218)
[2017.06.18-15.49.41:192][425]LogModuleManager: Shutting down and abandoning module WindowsMoviePlayer (216)
[2017.06.18-15.49.41:192][425]LogModuleManager: Shutting down and abandoning module WmfMedia (214)
[2017.06.18-15.49.41:192][425]LogModuleManager: Shutting down and abandoning module ClothingSystemEditor (212)
[2017.06.18-15.49.41:192][425]LogModuleManager: Shutting down and abandoning module ClothingSystemRuntime (210)
[2017.06.18-15.49.41:192][425]LogModuleManager: Shutting down and abandoning module MediaAssets (208)
[2017.06.18-15.49.41:192][425]LogModuleManager: Shutting down and abandoning module GameLiveStreaming (206)
[2017.06.18-15.49.41:193][425]LogModuleManager: Shutting down and abandoning module VREditor (204)
[2017.06.18-15.49.41:193][425]LogModuleManager: Shutting down and abandoning module StringTableEditor (202)
[2017.06.18-15.49.41:193][425]LogModuleManager: Shutting down and abandoning module GameplayTasksEditor (200)
[2017.06.18-15.49.41:193][425]LogModuleManager: Shutting down and abandoning module BehaviorTreeEditor (198)
[2017.06.18-15.49.41:193][425]LogModuleManager: Shutting down and abandoning module FunctionalTesting (196)
[2017.06.18-15.49.41:193][425]LogModuleManager: Shutting down and abandoning module CollisionAnalyzer (194)
[2017.06.18-15.49.41:193][425]LogModuleManager: Shutting down and abandoning module UMG (192)
[2017.06.18-15.49.41:193][425]LogModuleManager: Shutting down and abandoning module UMGEditor (191)
[2017.06.18-15.49.41:193][425]LogModuleManager: Shutting down and abandoning module Sequencer (190)
[2017.06.18-15.49.41:193][425]LogModuleManager: Shutting down and abandoning module AssetTools (188)
[2017.06.18-15.49.41:193][425]LogModuleManager: Shutting down and abandoning module MessageLog (187)
[2017.06.18-15.49.41:194][425]LogModuleManager: Shutting down and abandoning module WorkspaceMenuStructure (186)
[2017.06.18-15.49.41:194][425]LogModuleManager: Shutting down and abandoning module SlateReflector (180)
[2017.06.18-15.49.41:194][425]LogModuleManager: Shutting down and abandoning module Slate (178)
[2017.06.18-15.49.41:194][425]LogModuleManager: Shutting down and abandoning module EditorStyle (176)
[2017.06.18-15.49.41:196][425]LogModuleManager: Shutting down and abandoning module SourceCodeAccess (174)
[2017.06.18-15.49.41:196][425]LogModuleManager: Shutting down and abandoning module HeadMountedDisplay (172)
[2017.06.18-15.49.41:197][425]LogModuleManager: Shutting down and abandoning module XAudio2 (170)
[2017.06.18-15.49.41:197][425]LogModuleManager: Shutting down and abandoning module Networking (168)
[2017.06.18-15.49.41:197][425]LogModuleManager: Shutting down and abandoning module Core (164)
[2017.06.18-15.49.41:197][425]LogModuleManager: Shutting down and abandoning module AssetRegistry (162)
[2017.06.18-15.49.41:287][425]LogDirectoryWatcher: A directory notification for '../../../Engine/Content/' was aborted.
[2017.06.18-15.49.41:287][425]LogDirectoryWatcher: A directory notification for 'G:/Git/VR_Battle/Battle/Content/' was aborted.
[2017.06.18-15.49.41:288][425]LogDirectoryWatcher: A directory notification for '../../../Engine/Plugins/2D/Paper2D/Content/' was aborted.
[2017.06.18-15.49.41:288][425]LogDirectoryWatcher: A directory notification for '../../../Engine/Plugins/Runtime/GearVR/Content/' was aborted.
[2017.06.18-15.49.41:307][425]LogModuleManager: Shutting down and abandoning module DirectoryWatcher (161)
[2017.06.18-15.49.41:308][425]LogModuleManager: Shutting down and abandoning module KismetCompiler (158)
[2017.06.18-15.49.41:308][425]LogModuleManager: Shutting down and abandoning module LevelSequence (156)
[2017.06.18-15.49.41:308][425]LogModuleManager: Shutting down and abandoning module PhysXFormats (154)
[2017.06.18-15.49.41:308][425]LogModuleManager: Shutting down and abandoning module MeshUtilities (152)
[2017.06.18-15.49.41:318][425]LogModuleManager: Shutting down and abandoning module SimplygonSwarm (151)
[2017.06.18-15.49.41:322][425]LogModuleManager: Shutting down and abandoning module SimplygonMeshReduction (149)
[2017.06.18-15.49.41:322][425]LogModuleManager: Shutting down and abandoning module QuadricMeshReduction (147)
[2017.06.18-15.49.41:327][425]LogModuleManager: Shutting down and abandoning module DerivedDataCache (144)
[2017.06.18-15.49.41:367][425]LogDerivedDataCache: Shutdown
[2017.06.18-15.49.41:367][425]LogModuleManager: Shutting down and abandoning module TargetPlatform (142)
[2017.06.18-15.49.41:367][425]LogModuleManager: Shutting down and abandoning module VulkanShaderFormat (141)
[2017.06.18-15.49.41:377][425]LogModuleManager: Shutting down and abandoning module ShaderFormatVectorVM (139)
[2017.06.18-15.49.41:386][425]LogModuleManager: Shutting down and abandoning module ShaderFormatOpenGL (137)
[2017.06.18-15.49.41:388][425]LogModuleManager: Shutting down and abandoning module ShaderFormatD3D (135)
[2017.06.18-15.49.41:388][425]LogModuleManager: Shutting down and abandoning module MetalShaderFormat (133)
[2017.06.18-15.49.41:397][425]LogModuleManager: Shutting down and abandoning module TextureFormatUncompressed (131)
[2017.06.18-15.49.41:397][425]LogModuleManager: Shutting down and abandoning module TextureFormatPVR (129)
[2017.06.18-15.49.41:397][425]LogModuleManager: Shutting down and abandoning module TextureFormatDXT (127)
[2017.06.18-15.49.41:397][425]LogModuleManager: Shutting down and abandoning module TextureFormatIntelISPCTexComp (125)
[2017.06.18-15.49.41:398][425]LogModuleManager: Shutting down and abandoning module TextureFormatASTC (123)
[2017.06.18-15.49.41:398][425]LogModuleManager: Shutting down and abandoning module ImageWrapper (122)
[2017.06.18-15.49.41:399][425]LogModuleManager: Shutting down and abandoning module TextureFormatAndroid (119)
[2017.06.18-15.49.41:399][425]LogModuleManager: Shutting down and abandoning module AudioFormatOpus (117)
[2017.06.18-15.49.41:399][425]LogModuleManager: Shutting down and abandoning module AudioFormatOgg (115)
[2017.06.18-15.49.41:399][425]LogModuleManager: Shutting down and abandoning module AudioFormatADPCM (113)
[2017.06.18-15.49.41:399][425]LogModuleManager: Shutting down and abandoning module LinuxTargetPlatform (111)
[2017.06.18-15.49.41:399][425]LogModuleManager: Shutting down and abandoning module LinuxServerTargetPlatform (109)
[2017.06.18-15.49.41:399][425]LogModuleManager: Shutting down and abandoning module LinuxNoEditorTargetPlatform (107)
[2017.06.18-15.49.41:399][425]LogModuleManager: Shutting down and abandoning module LinuxClientTargetPlatform (105)
[2017.06.18-15.49.41:399][425]LogModuleManager: Shutting down and abandoning module TVOSTargetPlatform (103)
[2017.06.18-15.49.41:399][425]LogModuleManager: Shutting down and abandoning module Messaging (101)
[2017.06.18-15.49.41:399][425]LogModuleManager: Shutting down and abandoning module IOSTargetPlatform (99)
[2017.06.18-15.49.41:399][425]LogModuleManager: Shutting down and abandoning module HTML5TargetPlatform (97)
[2017.06.18-15.49.41:399][425]LogModuleManager: Shutting down and abandoning module Android_PVRTCTargetPlatform (95)
[2017.06.18-15.49.41:399][425]LogModuleManager: Shutting down and abandoning module Android_MultiTargetPlatform (93)
[2017.06.18-15.49.41:399][425]LogModuleManager: Shutting down and abandoning module Android_ETC2TargetPlatform (91)
[2017.06.18-15.49.41:400][425]LogModuleManager: Shutting down and abandoning module Android_ETC1TargetPlatform (89)
[2017.06.18-15.49.41:400][425]LogModuleManager: Shutting down and abandoning module Android_DXTTargetPlatform (87)
[2017.06.18-15.49.41:400][425]LogModuleManager: Shutting down and abandoning module Android_ATCTargetPlatform (85)
[2017.06.18-15.49.41:400][425]LogModuleManager: Shutting down and abandoning module Android_ASTCTargetPlatform (83)
[2017.06.18-15.49.41:400][425]LogModuleManager: Shutting down and abandoning module AndroidTargetPlatform (81)
[2017.06.18-15.49.41:400][425]LogModuleManager: Shutting down and abandoning module WindowsTargetPlatform (79)
[2017.06.18-15.49.41:400][425]LogModuleManager: Shutting down and abandoning module WindowsServerTargetPlatform (77)
[2017.06.18-15.49.41:400][425]LogModuleManager: Shutting down and abandoning module WindowsNoEditorTargetPlatform (75)
[2017.06.18-15.49.41:400][425]LogModuleManager: Shutting down and abandoning module WindowsClientTargetPlatform (73)
[2017.06.18-15.49.41:400][425]LogModuleManager: Shutting down and abandoning module MacTargetPlatform (71)
[2017.06.18-15.49.41:400][425]LogModuleManager: Shutting down and abandoning module MacServerTargetPlatform (69)
[2017.06.18-15.49.41:400][425]LogModuleManager: Shutting down and abandoning module MacNoEditorTargetPlatform (67)
[2017.06.18-15.49.41:400][425]LogModuleManager: Shutting down and abandoning module MacClientTargetPlatform (65)
[2017.06.18-15.49.41:400][425]LogModuleManager: Shutting down and abandoning module AllDesktopTargetPlatform (63)
[2017.06.18-15.49.41:400][425]LogModuleManager: Shutting down and abandoning module InputCore (60)
[2017.06.18-15.49.41:400][425]LogModuleManager: Shutting down and abandoning module Settings (58)
[2017.06.18-15.49.41:401][425]LogModuleManager: Shutting down and abandoning module OculusRift (56)
[2017.06.18-15.49.41:416][425]LogModuleManager: Shutting down and abandoning module GearVRController (54)
[2017.06.18-15.49.41:416][425]LogModuleManager: Shutting down and abandoning module GearVR (52)
[2017.06.18-15.49.41:431][425]LogModuleManager: Shutting down and abandoning module ExampleDeviceProfileSelector (50)
[2017.06.18-15.49.41:431][425]LogModuleManager: Shutting down and abandoning module OnlineBlueprintSupport (48)
[2017.06.18-15.49.41:431][425]LogModuleManager: Shutting down and abandoning module OnlineSubsystem (44)
[2017.06.18-15.49.41:431][425]LogOnline:Display: Unloading online subsystem: NULL
[2017.06.18-15.49.41:470][425]LogModuleManager: Shutting down and abandoning module XMPP (43)
[2017.06.18-15.49.41:496][425]LogModuleManager: Shutting down and abandoning module HTTP (41)
[2017.06.18-15.49.41:496][425]LogHttp:Display: Http module shutting down, but needs to wait on 1 outstanding Http requests:
[2017.06.18-15.49.41:503][425]LogHttp:Display: 	verb=[POST] url=[https://datarouter.ol.epicgames.com/datarouter/api/v1/public/data?SessionID=%7BC6348637-41CE-93EF-FB94-F29136D859BC%7D&AppID=UEEditor.Rocket.Release&AppVersion=4.16.1-3466753%2B%2B%2BUE4%2BRelease-4.16&UserID=3aac78f24d32ee411e97c0b32132f634%7C56f2441c5ff04affa7ede0e12a90e9c5%7C62afd627-7db1-44a4-8e68-af4a125604f5&AppEnvironment=datacollector-binary&UploadType=eteventstream] status=Processing
[2017.06.18-15.49.41:520][425]LogModuleManager: Shutting down and abandoning module SSL (40)
[2017.06.18-15.49.41:533][425]LogModuleManager: Shutting down and abandoning module HTTPChunkInstaller (36)
[2017.06.18-15.49.41:541][425]LogModuleManager: Shutting down and abandoning module AnimationModifiers (34)
[2017.06.18-15.49.41:546][425]LogModuleManager: Shutting down and abandoning module PropertyEditor (33)
[2017.06.18-15.49.41:547][425]LogModuleManager: Shutting down and abandoning module AudioEditor (30)
[2017.06.18-15.49.41:562][425]LogModuleManager: Shutting down and abandoning module TextureCompressor (28)
[2017.06.18-15.49.41:562][425]LogModuleManager: Shutting down and abandoning module ShaderCore (26)
[2017.06.18-15.49.41:562][425]LogModuleManager: Shutting down and abandoning module Landscape (24)
[2017.06.18-15.49.41:562][425]LogModuleManager: Shutting down and abandoning module SlateRHIRenderer (22)
[2017.06.18-15.49.41:582][425]LogModuleManager: Shutting down and abandoning module OpenGLDrv (20)
[2017.06.18-15.49.41:592][425]LogModuleManager: Shutting down and abandoning module D3D11RHI (18)
[2017.06.18-15.49.41:592][425]LogModuleManager: Shutting down and abandoning module AnimGraphRuntime (16)
[2017.06.18-15.49.41:592][425]LogModuleManager: Shutting down and abandoning module Renderer (14)
[2017.06.18-15.49.41:592][425]LogModuleManager: Shutting down and abandoning module Engine (12)
[2017.06.18-15.49.41:592][425]LogModuleManager: Shutting down and abandoning module CoreUObject (10)
[2017.06.18-15.49.41:592][425]LogModuleManager: Shutting down and abandoning module NetworkFile (8)
[2017.06.18-15.49.41:592][425]LogModuleManager: Shutting down and abandoning module StreamingFile (6)
[2017.06.18-15.49.41:592][425]LogModuleManager: Shutting down and abandoning module SandboxFile (4)
[2017.06.18-15.49.41:593][425]LogModuleManager: Shutting down and abandoning module PakFile (2)
[2017.06.18-15.49.41:604][425]LogExit: Exiting.
[2017.06.18-15.49.41:617][425]Log file closed, 06/18/17 23:49:41
