Log file open, 06/14/17 00:12:04
LogInit:Display: Running engine for game: Battle
LogPlatformFile: Not using cached read wrapper
LogInit:Display: RandInit(1811712499) SRandInit(1811712500).
LogTaskGraph: Started task graph with 5 named threads and 8 total threads with 1 sets of task threads.
LogStats: Stats thread started at 1.297222
LogInit: Using libcurl 7.47.1
LogInit:  - built for x86_64-pc-win32
LogInit:  - supports SSL with OpenSSL/1.0.2g
LogInit:  - supports HTTP deflate (compression) using libz 1.2.8
LogInit:  - other features:
LogInit:      CURL_VERSION_SSL
LogInit:      CURL_VERSION_LIBZ
LogInit:      CURL_VERSION_IPV6
LogInit:      CURL_VERSION_ASYNCHDNS
LogInit:      CURL_VERSION_LARGEFILE
LogInit:      CURL_VERSION_IDN
LogInit:  CurlRequestOptions (configurable via config and command line):
LogInit:  - bVerifyPeer = false  - Libcurl will NOT verify peer certificate
LogInit:  - bUseHttpProxy = false  - Libcurl will NOT use HTTP proxy
LogInit:  - bDontReuseConnections = false  - Libcurl will reuse connections
LogInit:  - CertBundlePath = nullptr  - Libcurl will use whatever was configured at build time.
LogInit: Build: ++UE4+Release-4.16-CL-3466753
LogInit: Engine Version: 4.16.1-3466753+++UE4+Release-4.16
LogInit: Compatible Engine Version: 4.16.0-3452394+++UE4+Release-4.16
LogInit: Net CL: 3452394
LogDevObjectVersion: Number of dev versions registered: 16
LogDevObjectVersion:   Dev-Blueprints (B0D832E4-1F89-4F0D-ACCF-7EB736FD4AA2): 9
LogDevObjectVersion:   Dev-Build (E1C64328-A22C-4D53-A36C-8E866417BD8C): 0
LogDevObjectVersion:   Dev-Core (375EC13C-06E4-48FB-B500-84F0262A717E): 2
LogDevObjectVersion:   Dev-Editor (E4B068ED-F494-42E9-A231-DA0B2E46BB41): 17
LogDevObjectVersion:   Dev-Framework (CFFC743F-43B0-4480-9391-14DF171D2073): 23
LogDevObjectVersion:   Dev-Mobile (B02B49B5-BB20-44E9-A304-32B752E40360): 0
LogDevObjectVersion:   Dev-Networking (A4E4105C-59A1-49B5-A7C5-40C4547EDFEE): 0
LogDevObjectVersion:   Dev-Online (39C831C9-5AE6-47DC-9A44-9C173E1C8E7C): 0
LogDevObjectVersion:   Dev-Physics (78F01B33-EBEA-4F98-B9B4-84EACCB95AA2): 0
LogDevObjectVersion:   Dev-Platform (6631380F-2D4D-43E0-8009-CF276956A95A): 0
LogDevObjectVersion:   Dev-Rendering (12F88B9F-8875-4AFC-A67C-D90C383ABD29): 15
LogDevObjectVersion:   Dev-Sequencer (7B5AE74C-D270-4C10-A958-57980B212A5A): 4
LogDevObjectVersion:   Dev-VR (D7296918-1DD6-4BDD-9DE2-64A83CC13884): 0
LogDevObjectVersion:   Dev-LoadTimes (C2A15278-BFE7-4AFE-6C17-90FF531DF755): 1
LogDevObjectVersion:   Private-Geometry (6EACA3D4-40EC-4CC1-B786-8BED09428FC5): 1
LogDevObjectVersion:   Dev-AnimPhys (29E575DD-E0A3-4627-9D10-D276232CDCEA): 3
LogInit: Compiled (64-bit): May 31 2017 02:03:30
LogInit: Compiled with Visual C++: 19.00.24215.01
LogInit: Build Configuration: Development
LogInit: Branch Name: ++UE4+Release-4.16
LogInit: Command line:  -skipcompile
LogInit: Base directory: F:/UnrealEngine/Epic Games/UE_4.16/Engine/Binaries/Win64/
LogInit: Installed Engine Build: 1
LogInit: Presizing for max 8388607 objects, including 0 objects not considered by GC, pre-allocating 0 bytes for permanent pool.
LogInit: Object subsystem initialized
[2017.06.13-16.12.05:278][  0]LogInit: Selected Device Profile: [Windows]
[2017.06.13-16.12.05:278][  0]LogInit: Applying CVar settings loaded from the selected device profile: [Windows]
[2017.06.13-16.12.05:333][  0]LogInit: Computer: WINDOWS-ACBHQ9K
[2017.06.13-16.12.05:333][  0]LogInit: User: User
[2017.06.13-16.12.05:333][  0]LogInit: CPU Page size=4096, Cores=4
[2017.06.13-16.12.05:333][  0]LogInit: High frequency timer resolution =3.328127 MHz
[2017.06.13-16.12.05:334][  0]LogMemory: Memory total: Physical=15.9GB (16GB approx)
[2017.06.13-16.12.05:334][  0]LogMemory: Platform Memory Stats for Windows
[2017.06.13-16.12.05:334][  0]LogMemory: Process Physical Memory: 275.97 MB used, 275.97 MB peak
[2017.06.13-16.12.05:334][  0]LogMemory: Process Virtual Memory: 267.10 MB used, 267.10 MB peak
[2017.06.13-16.12.05:334][  0]LogMemory: Physical Memory: 7128.48 MB used,  9165.95 MB free, 16294.43 MB total
[2017.06.13-16.12.05:334][  0]LogMemory: Virtual Memory: 641.23 MB used,  9165.95 MB free, 134217728.00 MB total
[2017.06.13-16.12.05:957][  0]LogInit: Using OS detected language (zh-TW).
[2017.06.13-16.12.05:957][  0]LogInit: Using OS detected locale (zh-TW).
[2017.06.13-16.12.06:182][  0]LogTextLocalizationManager: No localization for 'zh-TW' exists, so 'en' will be used for the language.
[2017.06.13-16.12.06:183][  0]LogTextLocalizationManager: No localization for 'zh-TW' exists, so 'en' will be used for the locale.
[2017.06.13-16.12.08:148][  0]LogD3D11RHI: D3D11 adapters:
[2017.06.13-16.12.08:678][  0]LogD3D11RHI:    0. 'NVIDIA GeForce GTX 1070' (Feature Level 11_0)
[2017.06.13-16.12.08:678][  0]LogD3D11RHI:       8145/0/8147 MB DedicatedVideo/DedicatedSystem/SharedSystem, Outputs:1, VendorId:0x10de
[2017.06.13-16.12.08:689][  0]LogD3D11RHI:    1. 'Microsoft Basic Render Driver' (Feature Level 11_0)
[2017.06.13-16.12.08:689][  0]LogD3D11RHI:       0/0/8147 MB DedicatedVideo/DedicatedSystem/SharedSystem, Outputs:0, VendorId:0x1414
[2017.06.13-16.12.08:689][  0]LogD3D11RHI: Chosen D3D11 Adapter: 0
[2017.06.13-16.12.08:694][  0]LogD3D11RHI: Creating new Direct3DDevice
[2017.06.13-16.12.08:695][  0]LogD3D11RHI:     GPU DeviceId: 0x1b81 (for the marketing name, search the web for "GPU Device Id")
[2017.06.13-16.12.08:695][  0]LogWindows: EnumDisplayDevices:
[2017.06.13-16.12.08:695][  0]LogWindows:    0. 'NVIDIA GeForce GTX 1070' (P:1 D:1)
[2017.06.13-16.12.08:695][  0]LogWindows:    1. 'NVIDIA GeForce GTX 1070' (P:0 D:0)
[2017.06.13-16.12.08:696][  0]LogWindows:    2. 'NVIDIA GeForce GTX 1070' (P:0 D:0)
[2017.06.13-16.12.08:696][  0]LogWindows:    3. 'NVIDIA GeForce GTX 1070' (P:0 D:0)
[2017.06.13-16.12.08:696][  0]LogWindows: DebugString: FoundDriverCount:4 
[2017.06.13-16.12.08:696][  0]LogD3D11RHI:     Adapter Name: NVIDIA GeForce GTX 1070
[2017.06.13-16.12.08:696][  0]LogD3D11RHI:   Driver Version: 376.51 (internal:21.21.13.7651, unified:376.51)
[2017.06.13-16.12.08:696][  0]LogD3D11RHI:      Driver Date: 12-25-2016
[2017.06.13-16.12.08:696][  0]LogRHI: Texture pool is 1361 MB (70% of 1945 MB)
[2017.06.13-16.12.09:206][  0]LogD3D11RHI: Async texture creation enabled
[2017.06.13-16.12.09:308][  0]LogD3D11RHI: GPU Timing Frequency: 1000.000000 (Debug: 2 1)
[2017.06.13-16.12.09:369][  0]LogShaderCompilers: Guid format shader working directory is 22 characters bigger than the processId version (G:/Git/VR_Battle/Battle/Intermediate/Shaders/WorkingDirectory/8772/).
[2017.06.13-16.12.09:369][  0]LogShaderCompilers: Cleaned the shader compiler working directory 'C:/Users/User/AppData/Local/Temp/UnrealShaderWorkingDir/3BF91477442E391CDFA35989C7219090/'.
[2017.06.13-16.12.09:370][  0]LogShaderCompilers:Display: Using Local Shader Compiler.
[2017.06.13-16.12.12:398][  0]LogTemp:Display: Loaded TP AllDesktopTargetPlatform
[2017.06.13-16.12.12:453][  0]LogTemp:Display: Loaded TP MacClientTargetPlatform
[2017.06.13-16.12.12:511][  0]LogTemp:Display: Loaded TP MacNoEditorTargetPlatform
[2017.06.13-16.12.12:581][  0]LogTemp:Display: Loaded TP MacServerTargetPlatform
[2017.06.13-16.12.12:651][  0]LogTemp:Display: Loaded TP MacTargetPlatform
[2017.06.13-16.12.12:736][  0]LogTemp:Display: Loaded TP WindowsClientTargetPlatform
[2017.06.13-16.12.12:833][  0]LogTemp:Display: Loaded TP WindowsNoEditorTargetPlatform
[2017.06.13-16.12.12:917][  0]LogTemp:Display: Loaded TP WindowsServerTargetPlatform
[2017.06.13-16.12.13:000][  0]LogTemp:Display: Loaded TP WindowsTargetPlatform
[2017.06.13-16.12.13:069][  0]LogTemp:Display: Loaded TP AndroidTargetPlatform
[2017.06.13-16.12.13:139][  0]LogTemp:Display: Loaded TP Android_ASTCTargetPlatform
[2017.06.13-16.12.13:203][  0]LogTemp:Display: Loaded TP Android_ATCTargetPlatform
[2017.06.13-16.12.13:263][  0]LogTemp:Display: Loaded TP Android_DXTTargetPlatform
[2017.06.13-16.12.13:320][  0]LogTemp:Display: Loaded TP Android_ETC1TargetPlatform
[2017.06.13-16.12.13:377][  0]LogTemp:Display: Loaded TP Android_ETC2TargetPlatform
[2017.06.13-16.12.13:502][  0]LogTemp:Display: Loaded TP Android_MultiTargetPlatform
[2017.06.13-16.12.13:502][  0]LogTemp:Display: Loaded TP Android_PVRTCTargetPlatform
[2017.06.13-16.12.13:559][  0]LogTemp:Display: Loaded TP HTML5TargetPlatform
[2017.06.13-16.12.13:798][  0]LogTemp:Display: Loaded TP IOSTargetPlatform
[2017.06.13-16.12.13:841][  0]LogTemp:Display: Loaded TP TVOSTargetPlatform
[2017.06.13-16.12.13:893][  0]LogTemp:Display: Loaded TP LinuxClientTargetPlatform
[2017.06.13-16.12.13:942][  0]LogTemp:Display: Loaded TP LinuxNoEditorTargetPlatform
[2017.06.13-16.12.13:992][  0]LogTemp:Display: Loaded TP LinuxServerTargetPlatform
[2017.06.13-16.12.14:052][  0]LogTemp:Display: Loaded TP LinuxTargetPlatform
[2017.06.13-16.12.14:052][  0]LogTargetPlatformManager:Display: Building Assets For Windows
[2017.06.13-16.12.16:001][  0]LogDerivedDataCache:Display: Max Cache Size: 512 MB
[2017.06.13-16.12.16:377][  0]LogDerivedDataCache: Loaded boot cache 0.38s 90MB C:/Users/User/AppData/Local/UnrealEngine/4.16/DerivedDataCache/Boot.ddc.
[2017.06.13-16.12.16:378][  0]LogDerivedDataCache:Display: Loaded Boot cache: C:/Users/User/AppData/Local/UnrealEngine/4.16/DerivedDataCache/Boot.ddc
[2017.06.13-16.12.16:378][  0]LogDerivedDataCache: FDerivedDataBackendGraph:  Pak pak cache file G:/Git/VR_Battle/Battle/DerivedDataCache/DDC.ddp not found, will not use a pak cache.
[2017.06.13-16.12.16:378][  0]LogDerivedDataCache: Unable to find inner node Pak for hierarchical cache Hierarchy.
[2017.06.13-16.12.16:378][  0]LogDerivedDataCache: FDerivedDataBackendGraph:  CompressedPak pak cache file G:/Git/VR_Battle/Battle/DerivedDataCache/Compressed.ddp not found, will not use a pak cache.
[2017.06.13-16.12.16:378][  0]LogDerivedDataCache: Unable to find inner node CompressedPak for hierarchical cache Hierarchy.
[2017.06.13-16.12.16:411][  0]LogDerivedDataCache:Display: Pak cache opened for reading ../../../Engine/DerivedDataCache/Compressed.ddp.
[2017.06.13-16.12.16:424][  0]LogDerivedDataCache: Using Local data cache path C:/Users/User/AppData/Local/UnrealEngine/Common/DerivedDataCache: Writable
[2017.06.13-16.12.16:433][  0]LogMaterial: Verifying Global Shaders for PCD3D_SM5
[2017.06.13-16.12.16:434][  0]LogSlate: Using Freetype 2.6.0
[2017.06.13-16.12.16:462][  0]LogSlate: SlateFontCache - WITH_FREETYPE: 1, WITH_HARFBUZZ: 1
[2017.06.13-16.12.16:463][  0]LogSlate: SlateFontCache - WITH_FREETYPE: 1, WITH_HARFBUZZ: 1
[2017.06.13-16.12.21:850][  0]LogInit: Selected Device Profile: [Windows]
[2017.06.13-16.12.22:000][  0]LogContentStreaming: Texture pool size is 0.00 MB
[2017.06.13-16.12.22:333][  0]LogMeshUtilities: Using QuadricMeshReduction for automatic static mesh reduction
[2017.06.13-16.12.22:462][  0]LogSimplygon: Simplygon DLL not present - disabling.
[2017.06.13-16.12.22:577][  0]LogMeshUtilities: Using SimplygonSwarm for distributed automatic mesh merging
[2017.06.13-16.12.22:577][  0]LogMeshUtilities: No automatic skeletal mesh reduction module available
[2017.06.13-16.12.22:577][  0]LogMeshUtilities: No automatic mesh merging module available
[2017.06.13-16.12.23:837][  0]LogNetVersion: Battle , NetCL: 3452394, EngineNetVer: 2, GameNetVer: 0 (Checksum: 3797721630)
[2017.06.13-16.12.23:977][  0]LogAssetRegistry: FAssetRegistry took 0.0280 seconds to start up
[2017.06.13-16.12.24:018][  0]LogPackageLocalizationCache: Processed 4 localized package path(s) for 1 prioritized culture(s) in 0.027322 seconds
[2017.06.13-16.12.24:053][  0]LogUObjectArray: 34194 objects as part of root set at end of initial load.
[2017.06.13-16.12.24:053][  0]LogUObjectAllocator: 7260424 out of 0 bytes used by permanent object pool.
[2017.06.13-16.12.24:053][  0]LogUObjectArray: CloseDisregardForGC: 0/0 objects in disregard for GC pool
[2017.06.13-16.12.24:153][  0]LogInit: WinSock: version 1.1 (2.2), MaxSocks=32767, MaxUdp=65467
[2017.06.13-16.12.45:784][  0]LogTcpMessaging: Initializing TcpMessaging bridge
[2017.06.13-16.12.45:878][  0]LogUdpMessaging: Initializing bridge on interface 0.0.0.0:0 to multicast group 230.0.0.1:6666.
[2017.06.13-16.12.47:847][  0]LogMaterial: Uniform references updated for custom material expression Custom.
[2017.06.13-16.12.48:545][  0]SourceControl: Info Source control is disabled
[2017.06.13-16.12.48:617][  0]SourceControl: Info Source control is disabled
[2017.06.13-16.12.48:771][  0]SourceControl: Info Source control is disabled
[2017.06.13-16.12.48:957][  0]SourceControl: Info Source control is disabled
[2017.06.13-16.12.50:895][  0]LogAndroidPermission: UAndroidPermissionCallbackProxy::GetInstance
[2017.06.13-16.12.52:331][  0]LogEngine: Initializing Engine...
[2017.06.13-16.12.52:684][  0]LogHMD: Failed to initialize OpenVR with code 126
[2017.06.13-16.12.52:932][  0]LogStats: UGameplayTagsManager::ConstructGameplayTagTree: Construct from data asset -  0.000 s
[2017.06.13-16.12.52:944][  0]LogStats: UGameplayTagsManager::ConstructGameplayTagTree: GameplayTagTreeChangedEvent.Broadcast -  0.000 s
[2017.06.13-16.12.53:166][  0]LogAIModule: Creating AISystem for world Untitled
[2017.06.13-16.12.53:185][  0]LogInit: XAudio2 using '喇叭 (Realtek High Definition Audio)' : 2 channels at 48 kHz using 32 bits per sample (channel mask 0x3)
[2017.06.13-16.12.53:268][  0]LogInit: FAudioDevice initialized.
[2017.06.13-16.12.53:329][  0]LogDerivedDataCache: Saved boot cache 0.06s 90MB C:/Users/User/AppData/Local/UnrealEngine/4.16/DerivedDataCache/Boot.ddc.
[2017.06.13-16.12.53:340][  0]LogInit: Texture streaming: Enabled
[2017.06.13-16.12.53:713][  0]LogEngineSessionManager: EngineSessionManager initialized
[2017.06.13-16.12.53:714][  0]LogEngineSessionManager: EngineSessionManager sent abnormal shutdown report. Type=Crashed, SessionId={2B03F121-4F86-2ADD-4AA5-D6817372F5F1}
[2017.06.13-16.12.54:286][  0]LogInit: Transaction tracking system initialized
[2017.06.13-16.12.54:875][  0]BlueprintLog: New page: Editor Load
[2017.06.13-16.12.57:319][  0]LocalizationService: Info Localization service is disabled
[2017.06.13-16.12.58:674][  0]LogConsoleResponse:Display: 
[2017.06.13-16.12.59:357][  0]LogFileCache: Scanning file cache for directory 'G:/Git/VR_Battle/Battle/Content/' took 0.03s
[2017.06.13-16.12.59:357][  0]LogCook:Display: Max memory allowance for cook 16384mb min free memory 0mb
[2017.06.13-16.12.59:358][  0]LogCook:Display: Mobile HDR setting 1
[2017.06.13-16.13.01:694][  0]SourceControl: Info Source control is disabled
[2017.06.13-16.13.01:704][  0]Cmd: MAP LOAD FILE="G:/Git/VR_Battle/Battle/Content/ThirdPersonCPP/Maps/ThirdPersonExampleMap.umap" TEMPLATE=0 SHOWPROGRESS=1 FEATURELEVEL=3
[2017.06.13-16.13.01:705][  0]LightingResults: New page: Lighting Build
[2017.06.13-16.13.01:761][  0]MapCheck: New page: Map Check
[2017.06.13-16.13.01:761][  0]LightingResults: New page: Lighting Build
[2017.06.13-16.13.02:349][  0]LogAIModule: Creating AISystem for world ThirdPersonExampleMap
[2017.06.13-16.13.02:372][  0]LogEditorServer: Finished looking for orphan Actors (0.007 secs)
[2017.06.13-16.13.02:384][  0]Cmd: MAP CHECKDEP NOCLEARLOG
[2017.06.13-16.13.02:422][  0]MapCheck: Info Map check complete: 0 Error(s), 0 Warning(s), took 37.057ms to complete.
[2017.06.13-16.13.02:422][  0]LogFileHelpers: Loading map 'ThirdPersonExampleMap' took 0.719
[2017.06.13-16.13.02:874][  0]LogCrashTracker: Crashtracker disabled due to settings.
[2017.06.13-16.13.02:918][  0]LogSlate: Took 0.000261 seconds to synchronously load lazily loaded font '../../../Engine/Content/Slate/Fonts/Roboto-Regular.ttf' (155K)
[2017.06.13-16.13.02:924][  0]LogSlate: Took 0.003378 seconds to synchronously load lazily loaded font '../../../Engine/Content/Slate/Fonts/Roboto-Bold.ttf' (160K)
[2017.06.13-16.13.03:041][  0]LogRenderer: Reallocating scene render targets to support 1160x924 NumSamples 1 (Frame:1).
[2017.06.13-16.13.03:196][  0]LogUObjectGlobals:Warning: Failed to find object 'Class None.'
[2017.06.13-16.13.03:413][  0]LogLoad: (Engine Initialization) Total time: 64.71 seconds
[2017.06.13-16.13.03:413][  0]LogLoad: (Engine Initialization) Total Blueprint compile time: 0.27 seconds
[2017.06.13-16.13.03:413][  0]LogExternalProfiler: Found external profiler: VSPerf
[2017.06.13-16.13.03:414][  0]LogExternalProfiler: Using external profiler: VSPerf
[2017.06.13-16.13.03:753][  0]LogOcInput: OculusInput pre-init called
[2017.06.13-16.13.03:762][  0]LogHMD: Starting GearVRController plugin
[2017.06.13-16.13.03:780][  0]LogContentStreaming: Texture pool size now 1000 MB
[2017.06.13-16.13.04:099][  1]LogAssetRegistry: Asset discovery search completed in 40.1472 seconds
[2017.06.13-16.13.04:150][  1]LogCollectionManager: Loaded 0 collections in 0.001565 seconds
[2017.06.13-16.13.04:190][  1]LogFileCache: Scanning file cache for directory 'G:/Git/VR_Battle/Battle/Saved/Collections/' took 0.01s
[2017.06.13-16.13.04:190][  1]LogFileCache: Scanning file cache for directory 'G:/Git/VR_Battle/Battle/Content/Developers/User/Collections/' took 0.01s
[2017.06.13-16.13.04:190][  1]LogFileCache: Scanning file cache for directory 'G:/Git/VR_Battle/Battle/Content/Collections/' took 0.01s
[2017.06.13-16.13.04:191][  1]LogCollectionManager: Rebuilt the object cache for 0 collections in 0.000001 seconds (found 0 objects)
[2017.06.13-16.13.04:191][  1]LogCollectionManager: Fixed up redirectors for 0 collections in 0.000320 seconds (updated 0 objects)
[2017.06.13-16.15.41:749][884]LogEditorViewport: Clicking on Actor (LMB): EnemyBP_C (EnemyBP)
[2017.06.13-16.15.41:922][884]LogSlate: Took 0.000171 seconds to synchronously load lazily loaded font '../../../Engine/Content/Editor/Slate/Fonts/FontAwesome.ttf' (139K)
[2017.06.13-16.15.43:489][ 55]LogCollectionManager: Rebuilt the GUID cache for 0 collections in 0.000001 seconds
[2017.06.13-16.15.43:498][ 55]LogContentBrowser: Native class hierarchy populated in 0.0086 seconds. Added 2335 classes and 497 folders.
[2017.06.13-16.15.43:542][ 55]LogContentBrowser: Native class hierarchy updated for 'WidgetCarousel' in 0.0013 seconds. Added 0 classes and 0 folders.
[2017.06.13-16.15.43:574][ 55]LogContentBrowser: Native class hierarchy updated for 'AddContentDialog' in 0.0016 seconds. Added 0 classes and 0 folders.
[2017.06.13-16.15.43:584][ 55]LogSlate: Took 0.000149 seconds to synchronously load lazily loaded font '../../../Engine/Content/Slate/Fonts/Roboto-Light.ttf' (159K)
[2017.06.13-16.15.44:711][182]LogSlate: Took 0.000152 seconds to synchronously load lazily loaded font '../../../Engine/Content/Slate/Fonts/Roboto-Light.ttf' (159K)
[2017.06.13-16.15.44:804][182]LogContentBrowser: Native class hierarchy updated for 'SkeletonEditor' in 0.0011 seconds. Added 1 classes and 2 folders.
[2017.06.13-16.15.44:927][182]LogActorComponent: RegisterComponentWithWorld: (/Engine/Transient.World_6:PersistentLevel.Actor_0.DebugSkelMeshComponent_0) Already registered. Aborting.
[2017.06.13-16.15.45:234][182]LogContentBrowser: Native class hierarchy updated for 'BlueprintGraph' in 0.0017 seconds. Added 112 classes and 0 folders.
[2017.06.13-16.15.45:744][182]LogSkeletalMesh: USkeletalMeshComponent::InitArticulated : Bodies already created (/Engine/Transient.World_6:PersistentLevel.Actor_0.DebugSkelMeshComponent_0) - call TermArticulated first.
[2017.06.13-16.15.46:742][182]LogSlate: Took 0.000324 seconds to synchronously load lazily loaded font '../../../Engine/Content/Slate/Fonts/Roboto-Regular.ttf' (155K)
[2017.06.13-16.15.46:788][182]LogSlate: Took 0.000223 seconds to synchronously load lazily loaded font '../../../Engine/Content/Editor/Slate/Fonts/Roboto-BoldCondensed.ttf' (158K)
[2017.06.13-16.15.46:850][182]LogContentBrowser: Native class hierarchy updated for 'ClothingSystemEditorInterface' in 0.0011 seconds. Added 1 classes and 0 folders.
[2017.06.13-16.15.47:141][183]LogSlate: Took 0.000352 seconds to synchronously load lazily loaded font '../../../Engine/Content/Editor/Slate/Fonts/Roboto-Italic.ttf' (157K)
[2017.06.13-16.15.52:278][709]LogActorComponent: RegisterComponentWithWorld: (/Engine/Transient.World_8:PersistentLevel.Actor_1.DebugSkelMeshComponent_2) Already registered. Aborting.
[2017.06.13-16.15.52:305][709]LogSkeletalMesh: USkeletalMeshComponent::InitArticulated : Bodies already created (/Engine/Transient.World_8:PersistentLevel.Actor_1.DebugSkelMeshComponent_2) - call TermArticulated first.
[2017.06.13-16.15.53:756][709]LogContentBrowser:Verbose: The majority of assets in the view are of type: AnimSequence
[2017.06.13-16.19.17:882][306]LogSavePackage: Save=18.36ms
[2017.06.13-16.19.17:883][306]LogSavePackage: Moving 'G:/Git/VR_Battle/Battle/Saved/SK_Enemy_FrostGiant_Captain_Skeleton_MontageC1F3F5DE47A15805EF1CF6B4FCE70B70.tmp' to 'G:/Git/VR_Battle/Battle/Content/InfinityBladeAdversaries/Enemy/Enemy_Frost_Giant/SK_Enemy_FrostGiant_Captain_Skeleton_Montage.uasset'
[2017.06.13-16.19.17:885][306]LogSavePackage:Display: Finished SavePackage G:/Git/VR_Battle/Battle/Content/InfinityBladeAdversaries/Enemy/Enemy_Frost_Giant/SK_Enemy_FrostGiant_Captain_Skeleton_Montage.uasset
[2017.06.13-16.19.19:565][499]LogTemp: Repeting last play command: Selected Viewport
[2017.06.13-16.19.19:640][499]LogBlueprintUserMessages: Early PlayInEditor Detection: Level '/Game/ThirdPersonCPP/Maps/ThirdPersonExampleMap.ThirdPersonExampleMap:PersistentLevel' has LevelScriptBlueprint '/Game/ThirdPersonCPP/Maps/ThirdPersonExampleMap.ThirdPersonExampleMap:PersistentLevel.ThirdPersonExampleMap' with GeneratedClass '/Game/ThirdPersonCPP/Maps/ThirdPersonExampleMap.ThirdPersonExampleMap_C' with ClassGeneratedBy '/Game/ThirdPersonCPP/Maps/ThirdPersonExampleMap.ThirdPersonExampleMap:PersistentLevel.ThirdPersonExampleMap'
[2017.06.13-16.19.19:641][499]LogPlayLevel: PlayLevel: No blueprints needed recompiling
[2017.06.13-16.19.19:641][499]PIE: New page: PIE session: ThirdPersonExampleMap (Jun 14, 2017, 8:19:19 AM)
[2017.06.13-16.19.19:641][499]LogPlayLevel: Creating play world package: /Game/ThirdPersonCPP/Maps/UEDPIE_0_ThirdPersonExampleMap
[2017.06.13-16.19.19:673][499]LogPlayLevel: PIE: StaticDuplicateObject took: (0.031831s)
[2017.06.13-16.19.19:674][499]LogAIModule: Creating AISystem for world ThirdPersonExampleMap
[2017.06.13-16.19.19:675][499]LogPlayLevel: PIE: World Init took: (0.001142s)
[2017.06.13-16.19.19:675][499]LogPlayLevel: PIE: Created PIE world by copying editor world from /Game/ThirdPersonCPP/Maps/ThirdPersonExampleMap.ThirdPersonExampleMap to /Game/ThirdPersonCPP/Maps/UEDPIE_0_ThirdPersonExampleMap.ThirdPersonExampleMap (0.033665s)
[2017.06.13-16.19.19:700][499]LogInit: XAudio2 using '喇叭 (Realtek High Definition Audio)' : 2 channels at 48 kHz using 32 bits per sample (channel mask 0x3)
[2017.06.13-16.19.19:711][499]LogInit: FAudioDevice initialized.
[2017.06.13-16.19.19:764][499]LogLoad: Game class is 'BattleGameMode'
[2017.06.13-16.19.19:767][499]LogWorld: Bringing World /Game/ThirdPersonCPP/Maps/UEDPIE_0_ThirdPersonExampleMap.ThirdPersonExampleMap up for play (max tick rate 0) at 2017.06.14-00.19.19
[2017.06.13-16.19.19:768][499]LogWorld: Bringing up level for play took: 0.002995
[2017.06.13-16.19.19:797][499]LogContentBrowser: Native class hierarchy updated for 'MovieSceneCapture' in 0.0016 seconds. Added 11 classes and 0 folders.
[2017.06.13-16.19.19:800][499]PIE: Info Play in editor start time for /Game/ThirdPersonCPP/Maps/UEDPIE_0_ThirdPersonExampleMap 1.002
[2017.06.13-16.19.19:801][499]LogBlueprintUserMessages: Late PlayInEditor Detection: Level '/Game/ThirdPersonCPP/Maps/ThirdPersonExampleMap.ThirdPersonExampleMap:PersistentLevel' has LevelScriptBlueprint '/Game/ThirdPersonCPP/Maps/ThirdPersonExampleMap.ThirdPersonExampleMap:PersistentLevel.ThirdPersonExampleMap' with GeneratedClass '/Game/ThirdPersonCPP/Maps/ThirdPersonExampleMap.ThirdPersonExampleMap_C' with ClassGeneratedBy '/Game/ThirdPersonCPP/Maps/ThirdPersonExampleMap.ThirdPersonExampleMap:PersistentLevel.ThirdPersonExampleMap'
[2017.06.13-16.19.23:910][983]LogBlueprintUserMessages: Early EndPlayMap Detection: Level '/Game/ThirdPersonCPP/Maps/ThirdPersonExampleMap.ThirdPersonExampleMap:PersistentLevel' has LevelScriptBlueprint '/Game/ThirdPersonCPP/Maps/ThirdPersonExampleMap.ThirdPersonExampleMap:PersistentLevel.ThirdPersonExampleMap' with GeneratedClass '/Game/ThirdPersonCPP/Maps/ThirdPersonExampleMap.ThirdPersonExampleMap_C' with ClassGeneratedBy '/Game/ThirdPersonCPP/Maps/ThirdPersonExampleMap.ThirdPersonExampleMap:PersistentLevel.ThirdPersonExampleMap'
[2017.06.13-16.19.24:090][983]LogBlueprintUserMessages: Late EndPlayMap Detection: Level '/Game/ThirdPersonCPP/Maps/ThirdPersonExampleMap.ThirdPersonExampleMap:PersistentLevel' has LevelScriptBlueprint '/Game/ThirdPersonCPP/Maps/ThirdPersonExampleMap.ThirdPersonExampleMap:PersistentLevel.ThirdPersonExampleMap' with GeneratedClass '/Game/ThirdPersonCPP/Maps/ThirdPersonExampleMap.ThirdPersonExampleMap_C' with ClassGeneratedBy '/Game/ThirdPersonCPP/Maps/ThirdPersonExampleMap.ThirdPersonExampleMap:PersistentLevel.ThirdPersonExampleMap'
[2017.06.13-16.19.47:329][292]BlueprintLog: New page: Compile SK_Enemy_FrostGiant_Captain_Skeleton_AnimBlueprint
[2017.06.13-16.19.48:119][334]LogSavePackage: Save=152.28ms
[2017.06.13-16.19.48:119][334]LogSavePackage: Moving 'G:/Git/VR_Battle/Battle/Saved/SK_Enemy_FrostGiant_Captain_Skeleton_AnimBlueprint2A525CAF492120F3026C7E9AA0D34B6F.tmp' to 'G:/Git/VR_Battle/Battle/Content/InfinityBladeAdversaries/Enemy/Enemy_Frost_Giant/SK_Enemy_FrostGiant_Captain_Skeleton_AnimBlueprint.uasset'
[2017.06.13-16.19.48:121][334]LogSavePackage:Display: Finished SavePackage G:/Git/VR_Battle/Battle/Content/InfinityBladeAdversaries/Enemy/Enemy_Frost_Giant/SK_Enemy_FrostGiant_Captain_Skeleton_AnimBlueprint.uasset
[2017.06.13-16.19.49:358][476]LogTemp: Repeting last play command: Selected Viewport
[2017.06.13-16.19.49:371][476]LogBlueprintUserMessages: Early PlayInEditor Detection: Level '/Game/ThirdPersonCPP/Maps/ThirdPersonExampleMap.ThirdPersonExampleMap:PersistentLevel' has LevelScriptBlueprint '/Game/ThirdPersonCPP/Maps/ThirdPersonExampleMap.ThirdPersonExampleMap:PersistentLevel.ThirdPersonExampleMap' with GeneratedClass '/Game/ThirdPersonCPP/Maps/ThirdPersonExampleMap.ThirdPersonExampleMap_C' with ClassGeneratedBy '/Game/ThirdPersonCPP/Maps/ThirdPersonExampleMap.ThirdPersonExampleMap:PersistentLevel.ThirdPersonExampleMap'
[2017.06.13-16.19.49:371][476]LogPlayLevel: PlayLevel: No blueprints needed recompiling
[2017.06.13-16.19.49:372][476]PIE: New page: PIE session: ThirdPersonExampleMap (Jun 14, 2017, 8:19:49 AM)
[2017.06.13-16.19.49:372][476]LogPlayLevel: Creating play world package: /Game/ThirdPersonCPP/Maps/UEDPIE_0_ThirdPersonExampleMap
[2017.06.13-16.19.49:392][476]LogPlayLevel: PIE: StaticDuplicateObject took: (0.019841s)
[2017.06.13-16.19.49:393][476]LogAIModule: Creating AISystem for world ThirdPersonExampleMap
[2017.06.13-16.19.49:393][476]LogPlayLevel: PIE: World Init took: (0.001307s)
[2017.06.13-16.19.49:394][476]LogPlayLevel: PIE: Created PIE world by copying editor world from /Game/ThirdPersonCPP/Maps/ThirdPersonExampleMap.ThirdPersonExampleMap to /Game/ThirdPersonCPP/Maps/UEDPIE_0_ThirdPersonExampleMap.ThirdPersonExampleMap (0.021833s)
[2017.06.13-16.19.49:416][476]LogInit: XAudio2 using '喇叭 (Realtek High Definition Audio)' : 2 channels at 48 kHz using 32 bits per sample (channel mask 0x3)
[2017.06.13-16.19.49:426][476]LogInit: FAudioDevice initialized.
[2017.06.13-16.19.49:465][476]LogLoad: Game class is 'BattleGameMode'
[2017.06.13-16.19.49:468][476]LogWorld: Bringing World /Game/ThirdPersonCPP/Maps/UEDPIE_0_ThirdPersonExampleMap.ThirdPersonExampleMap up for play (max tick rate 0) at 2017.06.14-00.19.49
[2017.06.13-16.19.49:469][476]LogWorld: Bringing up level for play took: 0.002433
[2017.06.13-16.19.49:471][476]PIE: Info Play in editor start time for /Game/ThirdPersonCPP/Maps/UEDPIE_0_ThirdPersonExampleMap 0.673
[2017.06.13-16.19.49:472][476]LogBlueprintUserMessages: Late PlayInEditor Detection: Level '/Game/ThirdPersonCPP/Maps/ThirdPersonExampleMap.ThirdPersonExampleMap:PersistentLevel' has LevelScriptBlueprint '/Game/ThirdPersonCPP/Maps/ThirdPersonExampleMap.ThirdPersonExampleMap:PersistentLevel.ThirdPersonExampleMap' with GeneratedClass '/Game/ThirdPersonCPP/Maps/ThirdPersonExampleMap.ThirdPersonExampleMap_C' with ClassGeneratedBy '/Game/ThirdPersonCPP/Maps/ThirdPersonExampleMap.ThirdPersonExampleMap:PersistentLevel.ThirdPersonExampleMap'
[2017.06.13-16.19.54:524][ 77]LogBlueprintUserMessages: Early EndPlayMap Detection: Level '/Game/ThirdPersonCPP/Maps/ThirdPersonExampleMap.ThirdPersonExampleMap:PersistentLevel' has LevelScriptBlueprint '/Game/ThirdPersonCPP/Maps/ThirdPersonExampleMap.ThirdPersonExampleMap:PersistentLevel.ThirdPersonExampleMap' with GeneratedClass '/Game/ThirdPersonCPP/Maps/ThirdPersonExampleMap.ThirdPersonExampleMap_C' with ClassGeneratedBy '/Game/ThirdPersonCPP/Maps/ThirdPersonExampleMap.ThirdPersonExampleMap:PersistentLevel.ThirdPersonExampleMap'
[2017.06.13-16.19.54:698][ 77]LogBlueprintUserMessages: Late EndPlayMap Detection: Level '/Game/ThirdPersonCPP/Maps/ThirdPersonExampleMap.ThirdPersonExampleMap:PersistentLevel' has LevelScriptBlueprint '/Game/ThirdPersonCPP/Maps/ThirdPersonExampleMap.ThirdPersonExampleMap:PersistentLevel.ThirdPersonExampleMap' with GeneratedClass '/Game/ThirdPersonCPP/Maps/ThirdPersonExampleMap.ThirdPersonExampleMap_C' with ClassGeneratedBy '/Game/ThirdPersonCPP/Maps/ThirdPersonExampleMap.ThirdPersonExampleMap:PersistentLevel.ThirdPersonExampleMap'
[2017.06.13-16.20.01:565][780]LogSavePackage: Save=138.52ms
[2017.06.13-16.20.01:565][780]LogSavePackage: Moving 'G:/Git/VR_Battle/Battle/Saved/SK_Enemy_FrostGiant_Captain_Skeleton_AnimBlueprint7F00FF5942835666D3704B9DF0A64D25.tmp' to 'G:/Git/VR_Battle/Battle/Content/InfinityBladeAdversaries/Enemy/Enemy_Frost_Giant/SK_Enemy_FrostGiant_Captain_Skeleton_AnimBlueprint.uasset'
[2017.06.13-16.20.01:566][780]LogSavePackage:Display: Finished SavePackage G:/Git/VR_Battle/Battle/Content/InfinityBladeAdversaries/Enemy/Enemy_Frost_Giant/SK_Enemy_FrostGiant_Captain_Skeleton_AnimBlueprint.uasset
[2017.06.13-16.20.06:545][319]BlueprintLog: New page: Compile SK_Enemy_FrostGiant_Captain_Skeleton_AnimBlueprint
[2017.06.13-16.20.07:276][358]LogSavePackage: Save=148.26ms
[2017.06.13-16.20.07:277][358]LogSavePackage: Moving 'G:/Git/VR_Battle/Battle/Saved/SK_Enemy_FrostGiant_Captain_Skeleton_AnimBlueprintDF28946240DE63E6A48F0986E8134EDB.tmp' to 'G:/Git/VR_Battle/Battle/Content/InfinityBladeAdversaries/Enemy/Enemy_Frost_Giant/SK_Enemy_FrostGiant_Captain_Skeleton_AnimBlueprint.uasset'
[2017.06.13-16.20.07:279][358]LogSavePackage:Display: Finished SavePackage G:/Git/VR_Battle/Battle/Content/InfinityBladeAdversaries/Enemy/Enemy_Frost_Giant/SK_Enemy_FrostGiant_Captain_Skeleton_AnimBlueprint.uasset
[2017.06.13-16.20.09:557][612]LogTemp: Repeting last play command: Selected Viewport
[2017.06.13-16.20.09:568][612]LogBlueprintUserMessages: Early PlayInEditor Detection: Level '/Game/ThirdPersonCPP/Maps/ThirdPersonExampleMap.ThirdPersonExampleMap:PersistentLevel' has LevelScriptBlueprint '/Game/ThirdPersonCPP/Maps/ThirdPersonExampleMap.ThirdPersonExampleMap:PersistentLevel.ThirdPersonExampleMap' with GeneratedClass '/Game/ThirdPersonCPP/Maps/ThirdPersonExampleMap.ThirdPersonExampleMap_C' with ClassGeneratedBy '/Game/ThirdPersonCPP/Maps/ThirdPersonExampleMap.ThirdPersonExampleMap:PersistentLevel.ThirdPersonExampleMap'
[2017.06.13-16.20.09:568][612]LogPlayLevel: PlayLevel: No blueprints needed recompiling
[2017.06.13-16.20.09:569][612]PIE: New page: PIE session: ThirdPersonExampleMap (Jun 14, 2017, 8:20:09 AM)
[2017.06.13-16.20.09:569][612]LogPlayLevel: Creating play world package: /Game/ThirdPersonCPP/Maps/UEDPIE_0_ThirdPersonExampleMap
[2017.06.13-16.20.09:590][612]LogPlayLevel: PIE: StaticDuplicateObject took: (0.021323s)
[2017.06.13-16.20.09:591][612]LogAIModule: Creating AISystem for world ThirdPersonExampleMap
[2017.06.13-16.20.09:592][612]LogPlayLevel: PIE: World Init took: (0.001213s)
[2017.06.13-16.20.09:592][612]LogPlayLevel: PIE: Created PIE world by copying editor world from /Game/ThirdPersonCPP/Maps/ThirdPersonExampleMap.ThirdPersonExampleMap to /Game/ThirdPersonCPP/Maps/UEDPIE_0_ThirdPersonExampleMap.ThirdPersonExampleMap (0.023162s)
[2017.06.13-16.20.09:616][612]LogInit: XAudio2 using '喇叭 (Realtek High Definition Audio)' : 2 channels at 48 kHz using 32 bits per sample (channel mask 0x3)
[2017.06.13-16.20.09:626][612]LogInit: FAudioDevice initialized.
[2017.06.13-16.20.09:663][612]LogLoad: Game class is 'BattleGameMode'
[2017.06.13-16.20.09:666][612]LogWorld: Bringing World /Game/ThirdPersonCPP/Maps/UEDPIE_0_ThirdPersonExampleMap.ThirdPersonExampleMap up for play (max tick rate 0) at 2017.06.14-00.20.09
[2017.06.13-16.20.09:667][612]LogWorld: Bringing up level for play took: 0.001904
[2017.06.13-16.20.09:669][612]PIE: Info Play in editor start time for /Game/ThirdPersonCPP/Maps/UEDPIE_0_ThirdPersonExampleMap 0.871
[2017.06.13-16.20.09:669][612]LogBlueprintUserMessages: Late PlayInEditor Detection: Level '/Game/ThirdPersonCPP/Maps/ThirdPersonExampleMap.ThirdPersonExampleMap:PersistentLevel' has LevelScriptBlueprint '/Game/ThirdPersonCPP/Maps/ThirdPersonExampleMap.ThirdPersonExampleMap:PersistentLevel.ThirdPersonExampleMap' with GeneratedClass '/Game/ThirdPersonCPP/Maps/ThirdPersonExampleMap.ThirdPersonExampleMap_C' with ClassGeneratedBy '/Game/ThirdPersonCPP/Maps/ThirdPersonExampleMap.ThirdPersonExampleMap:PersistentLevel.ThirdPersonExampleMap'
[2017.06.13-16.20.14:423][177]LogBlueprintUserMessages: Early EndPlayMap Detection: Level '/Game/ThirdPersonCPP/Maps/ThirdPersonExampleMap.ThirdPersonExampleMap:PersistentLevel' has LevelScriptBlueprint '/Game/ThirdPersonCPP/Maps/ThirdPersonExampleMap.ThirdPersonExampleMap:PersistentLevel.ThirdPersonExampleMap' with GeneratedClass '/Game/ThirdPersonCPP/Maps/ThirdPersonExampleMap.ThirdPersonExampleMap_C' with ClassGeneratedBy '/Game/ThirdPersonCPP/Maps/ThirdPersonExampleMap.ThirdPersonExampleMap:PersistentLevel.ThirdPersonExampleMap'
[2017.06.13-16.20.14:588][177]LogBlueprintUserMessages: Late EndPlayMap Detection: Level '/Game/ThirdPersonCPP/Maps/ThirdPersonExampleMap.ThirdPersonExampleMap:PersistentLevel' has LevelScriptBlueprint '/Game/ThirdPersonCPP/Maps/ThirdPersonExampleMap.ThirdPersonExampleMap:PersistentLevel.ThirdPersonExampleMap' with GeneratedClass '/Game/ThirdPersonCPP/Maps/ThirdPersonExampleMap.ThirdPersonExampleMap_C' with ClassGeneratedBy '/Game/ThirdPersonCPP/Maps/ThirdPersonExampleMap.ThirdPersonExampleMap:PersistentLevel.ThirdPersonExampleMap'
[2017.06.13-16.21.27:064][963]LogSavePackage: Save=10.70ms
[2017.06.13-16.21.27:064][963]LogSavePackage: Moving 'G:/Git/VR_Battle/Battle/Saved/SK_Enemy_FrostGiant_Captain_Skeleton_Montage3809A305466B3A3F93D72B992895FA87.tmp' to 'G:/Git/VR_Battle/Battle/Content/InfinityBladeAdversaries/Enemy/Enemy_Frost_Giant/SK_Enemy_FrostGiant_Captain_Skeleton_Montage.uasset'
[2017.06.13-16.21.27:066][963]LogSavePackage:Display: Finished SavePackage G:/Git/VR_Battle/Battle/Content/InfinityBladeAdversaries/Enemy/Enemy_Frost_Giant/SK_Enemy_FrostGiant_Captain_Skeleton_Montage.uasset
[2017.06.13-16.21.53:002][752]LogSlate: Took 0.053286 seconds to synchronously load lazily loaded font '../../../Engine/Content/Slate/Fonts/DroidSansFallback.ttf' (3848K)
[2017.06.13-16.22.32:309][157]BlueprintLog: New page: Compile SK_Enemy_FrostGiant_Captain_Skeleton_AnimBlueprint
[2017.06.13-16.22.33:487][196]LogSavePackage: Save=154.87ms
[2017.06.13-16.22.33:487][196]LogSavePackage: Moving 'G:/Git/VR_Battle/Battle/Saved/SK_Enemy_FrostGiant_Captain_Skeleton_AnimBlueprint77A7376D42D32A18F5DBA3B93C94F3F7.tmp' to 'G:/Git/VR_Battle/Battle/Content/InfinityBladeAdversaries/Enemy/Enemy_Frost_Giant/SK_Enemy_FrostGiant_Captain_Skeleton_AnimBlueprint.uasset'
[2017.06.13-16.22.33:489][196]LogSavePackage:Display: Finished SavePackage G:/Git/VR_Battle/Battle/Content/InfinityBladeAdversaries/Enemy/Enemy_Frost_Giant/SK_Enemy_FrostGiant_Captain_Skeleton_AnimBlueprint.uasset
[2017.06.13-16.22.46:827][707]BlueprintLog: New page: Compile EnemyBP
[2017.06.13-16.22.49:855][995]LogEditorViewport: Clicking on Actor (LMB): EnemyBP_C (EnemyBP)
[2017.06.13-16.22.52:398][228]LogTemp: Repeting last play command: Selected Viewport
[2017.06.13-16.22.52:410][228]LogBlueprintUserMessages: Early PlayInEditor Detection: Level '/Game/ThirdPersonCPP/Maps/ThirdPersonExampleMap.ThirdPersonExampleMap:PersistentLevel' has LevelScriptBlueprint '/Game/ThirdPersonCPP/Maps/ThirdPersonExampleMap.ThirdPersonExampleMap:PersistentLevel.ThirdPersonExampleMap' with GeneratedClass '/Game/ThirdPersonCPP/Maps/ThirdPersonExampleMap.ThirdPersonExampleMap_C' with ClassGeneratedBy '/Game/ThirdPersonCPP/Maps/ThirdPersonExampleMap.ThirdPersonExampleMap:PersistentLevel.ThirdPersonExampleMap'
[2017.06.13-16.22.52:410][228]LogPlayLevel: PlayLevel: No blueprints needed recompiling
[2017.06.13-16.22.52:410][228]PIE: New page: PIE session: ThirdPersonExampleMap (Jun 14, 2017, 8:22:52 AM)
[2017.06.13-16.22.52:410][228]LogPlayLevel: Creating play world package: /Game/ThirdPersonCPP/Maps/UEDPIE_0_ThirdPersonExampleMap
[2017.06.13-16.22.52:432][228]LogPlayLevel: PIE: StaticDuplicateObject took: (0.021262s)
[2017.06.13-16.22.52:433][228]LogAIModule: Creating AISystem for world ThirdPersonExampleMap
[2017.06.13-16.22.52:433][228]LogPlayLevel: PIE: World Init took: (0.001125s)
[2017.06.13-16.22.52:433][228]LogPlayLevel: PIE: Created PIE world by copying editor world from /Game/ThirdPersonCPP/Maps/ThirdPersonExampleMap.ThirdPersonExampleMap to /Game/ThirdPersonCPP/Maps/UEDPIE_0_ThirdPersonExampleMap.ThirdPersonExampleMap (0.023017s)
[2017.06.13-16.22.52:455][228]LogInit: XAudio2 using '喇叭 (Realtek High Definition Audio)' : 2 channels at 48 kHz using 32 bits per sample (channel mask 0x3)
[2017.06.13-16.22.52:465][228]LogInit: FAudioDevice initialized.
[2017.06.13-16.22.52:499][228]LogLoad: Game class is 'BattleGameMode'
[2017.06.13-16.22.52:502][228]LogWorld: Bringing World /Game/ThirdPersonCPP/Maps/UEDPIE_0_ThirdPersonExampleMap.ThirdPersonExampleMap up for play (max tick rate 0) at 2017.06.14-00.22.52
[2017.06.13-16.22.52:502][228]LogWorld: Bringing up level for play took: 0.001858
[2017.06.13-16.22.52:504][228]PIE: Info Play in editor start time for /Game/ThirdPersonCPP/Maps/UEDPIE_0_ThirdPersonExampleMap -0.294
[2017.06.13-16.22.52:505][228]LogBlueprintUserMessages: Late PlayInEditor Detection: Level '/Game/ThirdPersonCPP/Maps/ThirdPersonExampleMap.ThirdPersonExampleMap:PersistentLevel' has LevelScriptBlueprint '/Game/ThirdPersonCPP/Maps/ThirdPersonExampleMap.ThirdPersonExampleMap:PersistentLevel.ThirdPersonExampleMap' with GeneratedClass '/Game/ThirdPersonCPP/Maps/ThirdPersonExampleMap.ThirdPersonExampleMap_C' with ClassGeneratedBy '/Game/ThirdPersonCPP/Maps/ThirdPersonExampleMap.ThirdPersonExampleMap:PersistentLevel.ThirdPersonExampleMap'
[2017.06.13-16.22.55:034][526]LogBlueprintUserMessages: Early EndPlayMap Detection: Level '/Game/ThirdPersonCPP/Maps/ThirdPersonExampleMap.ThirdPersonExampleMap:PersistentLevel' has LevelScriptBlueprint '/Game/ThirdPersonCPP/Maps/ThirdPersonExampleMap.ThirdPersonExampleMap:PersistentLevel.ThirdPersonExampleMap' with GeneratedClass '/Game/ThirdPersonCPP/Maps/ThirdPersonExampleMap.ThirdPersonExampleMap_C' with ClassGeneratedBy '/Game/ThirdPersonCPP/Maps/ThirdPersonExampleMap.ThirdPersonExampleMap:PersistentLevel.ThirdPersonExampleMap'
[2017.06.13-16.22.55:211][526]LogBlueprintUserMessages: Late EndPlayMap Detection: Level '/Game/ThirdPersonCPP/Maps/ThirdPersonExampleMap.ThirdPersonExampleMap:PersistentLevel' has LevelScriptBlueprint '/Game/ThirdPersonCPP/Maps/ThirdPersonExampleMap.ThirdPersonExampleMap:PersistentLevel.ThirdPersonExampleMap' with GeneratedClass '/Game/ThirdPersonCPP/Maps/ThirdPersonExampleMap.ThirdPersonExampleMap_C' with ClassGeneratedBy '/Game/ThirdPersonCPP/Maps/ThirdPersonExampleMap.ThirdPersonExampleMap:PersistentLevel.ThirdPersonExampleMap'
[2017.06.13-16.22.56:049][612]LogTemp: Repeting last play command: Selected Viewport
[2017.06.13-16.22.56:061][612]LogBlueprintUserMessages: Early PlayInEditor Detection: Level '/Game/ThirdPersonCPP/Maps/ThirdPersonExampleMap.ThirdPersonExampleMap:PersistentLevel' has LevelScriptBlueprint '/Game/ThirdPersonCPP/Maps/ThirdPersonExampleMap.ThirdPersonExampleMap:PersistentLevel.ThirdPersonExampleMap' with GeneratedClass '/Game/ThirdPersonCPP/Maps/ThirdPersonExampleMap.ThirdPersonExampleMap_C' with ClassGeneratedBy '/Game/ThirdPersonCPP/Maps/ThirdPersonExampleMap.ThirdPersonExampleMap:PersistentLevel.ThirdPersonExampleMap'
[2017.06.13-16.22.56:061][612]LogPlayLevel: PlayLevel: No blueprints needed recompiling
[2017.06.13-16.22.56:062][612]PIE: New page: PIE session: ThirdPersonExampleMap (Jun 14, 2017, 8:22:56 AM)
[2017.06.13-16.22.56:062][612]LogPlayLevel: Creating play world package: /Game/ThirdPersonCPP/Maps/UEDPIE_0_ThirdPersonExampleMap
[2017.06.13-16.22.56:081][612]LogPlayLevel: PIE: StaticDuplicateObject took: (0.019536s)
[2017.06.13-16.22.56:082][612]LogAIModule: Creating AISystem for world ThirdPersonExampleMap
[2017.06.13-16.22.56:083][612]LogPlayLevel: PIE: World Init took: (0.001345s)
[2017.06.13-16.22.56:083][612]LogPlayLevel: PIE: Created PIE world by copying editor world from /Game/ThirdPersonCPP/Maps/ThirdPersonExampleMap.ThirdPersonExampleMap to /Game/ThirdPersonCPP/Maps/UEDPIE_0_ThirdPersonExampleMap.ThirdPersonExampleMap (0.021509s)
[2017.06.13-16.22.56:111][612]LogInit: XAudio2 using '喇叭 (Realtek High Definition Audio)' : 2 channels at 48 kHz using 32 bits per sample (channel mask 0x3)
[2017.06.13-16.22.56:122][612]LogInit: FAudioDevice initialized.
[2017.06.13-16.22.56:161][612]LogLoad: Game class is 'BattleGameMode'
[2017.06.13-16.22.56:163][612]LogWorld: Bringing World /Game/ThirdPersonCPP/Maps/UEDPIE_0_ThirdPersonExampleMap.ThirdPersonExampleMap up for play (max tick rate 0) at 2017.06.14-00.22.56
[2017.06.13-16.22.56:164][612]LogWorld: Bringing up level for play took: 0.001631
[2017.06.13-16.22.56:166][612]PIE: Info Play in editor start time for /Game/ThirdPersonCPP/Maps/UEDPIE_0_ThirdPersonExampleMap -0.632
[2017.06.13-16.22.56:166][612]LogBlueprintUserMessages: Late PlayInEditor Detection: Level '/Game/ThirdPersonCPP/Maps/ThirdPersonExampleMap.ThirdPersonExampleMap:PersistentLevel' has LevelScriptBlueprint '/Game/ThirdPersonCPP/Maps/ThirdPersonExampleMap.ThirdPersonExampleMap:PersistentLevel.ThirdPersonExampleMap' with GeneratedClass '/Game/ThirdPersonCPP/Maps/ThirdPersonExampleMap.ThirdPersonExampleMap_C' with ClassGeneratedBy '/Game/ThirdPersonCPP/Maps/ThirdPersonExampleMap.ThirdPersonExampleMap:PersistentLevel.ThirdPersonExampleMap'
[2017.06.13-16.22.58:319][864]LogBlueprintUserMessages: Early EndPlayMap Detection: Level '/Game/ThirdPersonCPP/Maps/ThirdPersonExampleMap.ThirdPersonExampleMap:PersistentLevel' has LevelScriptBlueprint '/Game/ThirdPersonCPP/Maps/ThirdPersonExampleMap.ThirdPersonExampleMap:PersistentLevel.ThirdPersonExampleMap' with GeneratedClass '/Game/ThirdPersonCPP/Maps/ThirdPersonExampleMap.ThirdPersonExampleMap_C' with ClassGeneratedBy '/Game/ThirdPersonCPP/Maps/ThirdPersonExampleMap.ThirdPersonExampleMap:PersistentLevel.ThirdPersonExampleMap'
[2017.06.13-16.22.58:504][864]LogBlueprintUserMessages: Late EndPlayMap Detection: Level '/Game/ThirdPersonCPP/Maps/ThirdPersonExampleMap.ThirdPersonExampleMap:PersistentLevel' has LevelScriptBlueprint '/Game/ThirdPersonCPP/Maps/ThirdPersonExampleMap.ThirdPersonExampleMap:PersistentLevel.ThirdPersonExampleMap' with GeneratedClass '/Game/ThirdPersonCPP/Maps/ThirdPersonExampleMap.ThirdPersonExampleMap_C' with ClassGeneratedBy '/Game/ThirdPersonCPP/Maps/ThirdPersonExampleMap.ThirdPersonExampleMap:PersistentLevel.ThirdPersonExampleMap'
[2017.06.13-16.22.59:183][930]LogTemp: Repeting last play command: Selected Viewport
[2017.06.13-16.22.59:194][930]LogBlueprintUserMessages: Early PlayInEditor Detection: Level '/Game/ThirdPersonCPP/Maps/ThirdPersonExampleMap.ThirdPersonExampleMap:PersistentLevel' has LevelScriptBlueprint '/Game/ThirdPersonCPP/Maps/ThirdPersonExampleMap.ThirdPersonExampleMap:PersistentLevel.ThirdPersonExampleMap' with GeneratedClass '/Game/ThirdPersonCPP/Maps/ThirdPersonExampleMap.ThirdPersonExampleMap_C' with ClassGeneratedBy '/Game/ThirdPersonCPP/Maps/ThirdPersonExampleMap.ThirdPersonExampleMap:PersistentLevel.ThirdPersonExampleMap'
[2017.06.13-16.22.59:195][930]LogPlayLevel: PlayLevel: No blueprints needed recompiling
[2017.06.13-16.22.59:195][930]PIE: New page: PIE session: ThirdPersonExampleMap (Jun 14, 2017, 8:22:59 AM)
[2017.06.13-16.22.59:195][930]LogPlayLevel: Creating play world package: /Game/ThirdPersonCPP/Maps/UEDPIE_0_ThirdPersonExampleMap
[2017.06.13-16.22.59:215][930]LogPlayLevel: PIE: StaticDuplicateObject took: (0.019785s)
[2017.06.13-16.22.59:216][930]LogAIModule: Creating AISystem for world ThirdPersonExampleMap
[2017.06.13-16.22.59:217][930]LogPlayLevel: PIE: World Init took: (0.001323s)
[2017.06.13-16.22.59:217][930]LogPlayLevel: PIE: Created PIE world by copying editor world from /Game/ThirdPersonCPP/Maps/ThirdPersonExampleMap.ThirdPersonExampleMap to /Game/ThirdPersonCPP/Maps/UEDPIE_0_ThirdPersonExampleMap.ThirdPersonExampleMap (0.021810s)
[2017.06.13-16.22.59:243][930]LogInit: XAudio2 using '喇叭 (Realtek High Definition Audio)' : 2 channels at 48 kHz using 32 bits per sample (channel mask 0x3)
[2017.06.13-16.22.59:253][930]LogInit: FAudioDevice initialized.
[2017.06.13-16.22.59:297][930]LogLoad: Game class is 'BattleGameMode'
[2017.06.13-16.22.59:300][930]LogWorld: Bringing World /Game/ThirdPersonCPP/Maps/UEDPIE_0_ThirdPersonExampleMap.ThirdPersonExampleMap up for play (max tick rate 0) at 2017.06.14-00.22.59
[2017.06.13-16.22.59:301][930]LogWorld: Bringing up level for play took: 0.002220
[2017.06.13-16.22.59:303][930]PIE: Info Play in editor start time for /Game/ThirdPersonCPP/Maps/UEDPIE_0_ThirdPersonExampleMap 0.505
[2017.06.13-16.22.59:303][930]LogBlueprintUserMessages: Late PlayInEditor Detection: Level '/Game/ThirdPersonCPP/Maps/ThirdPersonExampleMap.ThirdPersonExampleMap:PersistentLevel' has LevelScriptBlueprint '/Game/ThirdPersonCPP/Maps/ThirdPersonExampleMap.ThirdPersonExampleMap:PersistentLevel.ThirdPersonExampleMap' with GeneratedClass '/Game/ThirdPersonCPP/Maps/ThirdPersonExampleMap.ThirdPersonExampleMap_C' with ClassGeneratedBy '/Game/ThirdPersonCPP/Maps/ThirdPersonExampleMap.ThirdPersonExampleMap:PersistentLevel.ThirdPersonExampleMap'
[2017.06.13-16.23.04:520][550]LogBlueprintUserMessages: Early EndPlayMap Detection: Level '/Game/ThirdPersonCPP/Maps/ThirdPersonExampleMap.ThirdPersonExampleMap:PersistentLevel' has LevelScriptBlueprint '/Game/ThirdPersonCPP/Maps/ThirdPersonExampleMap.ThirdPersonExampleMap:PersistentLevel.ThirdPersonExampleMap' with GeneratedClass '/Game/ThirdPersonCPP/Maps/ThirdPersonExampleMap.ThirdPersonExampleMap_C' with ClassGeneratedBy '/Game/ThirdPersonCPP/Maps/ThirdPersonExampleMap.ThirdPersonExampleMap:PersistentLevel.ThirdPersonExampleMap'
[2017.06.13-16.23.04:683][550]LogBlueprintUserMessages: Late EndPlayMap Detection: Level '/Game/ThirdPersonCPP/Maps/ThirdPersonExampleMap.ThirdPersonExampleMap:PersistentLevel' has LevelScriptBlueprint '/Game/ThirdPersonCPP/Maps/ThirdPersonExampleMap.ThirdPersonExampleMap:PersistentLevel.ThirdPersonExampleMap' with GeneratedClass '/Game/ThirdPersonCPP/Maps/ThirdPersonExampleMap.ThirdPersonExampleMap_C' with ClassGeneratedBy '/Game/ThirdPersonCPP/Maps/ThirdPersonExampleMap.ThirdPersonExampleMap:PersistentLevel.ThirdPersonExampleMap'
[2017.06.13-16.24.19:196][482]Cmd: TRANSACTION UNDO
[2017.06.13-16.24.19:197][482]LogEditorTransaction: Undo Move Anim Notify
[2017.06.13-16.24.21:372][482]LogActorComponent: RegisterComponentWithWorld: (/Engine/Transient.World_6:PersistentLevel.Actor_0.DebugSkelMeshComponent_0) Already registered. Aborting.
[2017.06.13-16.24.21:382][482]LogActorComponent: RegisterComponentWithWorld: (/Engine/Transient.World_8:PersistentLevel.Actor_1.DebugSkelMeshComponent_2) Already registered. Aborting.
[2017.06.13-16.24.21:393][482]LogSlate: Took 0.000235 seconds to synchronously load lazily loaded font '../../../Engine/Content/Slate/Fonts/Roboto-Light.ttf' (159K)
[2017.06.13-16.27.57:382][981]BlueprintLog: New page: Compile SK_Enemy_FrostGiant_Captain_Skeleton_AnimBlueprint
[2017.06.13-16.27.58:972][ 27]LogSavePackage: Save=162.15ms
[2017.06.13-16.27.58:972][ 27]LogSavePackage: Moving 'G:/Git/VR_Battle/Battle/Saved/SK_Enemy_FrostGiant_Captain_Skeleton_AnimBlueprint7065936D4C6354E85617398F3A741E62.tmp' to 'G:/Git/VR_Battle/Battle/Content/InfinityBladeAdversaries/Enemy/Enemy_Frost_Giant/SK_Enemy_FrostGiant_Captain_Skeleton_AnimBlueprint.uasset'
[2017.06.13-16.27.58:974][ 27]LogSavePackage:Display: Finished SavePackage G:/Git/VR_Battle/Battle/Content/InfinityBladeAdversaries/Enemy/Enemy_Frost_Giant/SK_Enemy_FrostGiant_Captain_Skeleton_AnimBlueprint.uasset
[2017.06.13-16.28.08:998][157]BlueprintLog: New page: Compile EnemyBP
[2017.06.13-16.28.12:155][411]LogSavePackage: Save=105.34ms
[2017.06.13-16.28.12:155][411]LogSavePackage: Moving 'G:/Git/VR_Battle/Battle/Saved/ThirdPersonExampleMap2B27942246ACFB6D50D70A9FA9A02BDD.tmp' to 'G:/Git/VR_Battle/Battle/Content/ThirdPersonCPP/Maps/ThirdPersonExampleMap.umap'
[2017.06.13-16.28.12:158][411]LogSavePackage:Display: Finished SavePackage G:/Git/VR_Battle/Battle/Content/ThirdPersonCPP/Maps/ThirdPersonExampleMap.umap
[2017.06.13-16.28.12:174][411]LogFileHelpers: Saving map 'ThirdPersonExampleMap' took 0.196
[2017.06.13-16.28.12:221][411]LogSavePackage: Save=25.79ms
[2017.06.13-16.28.12:221][411]LogSavePackage: Moving 'G:/Git/VR_Battle/Battle/Saved/EnemyBP3EE0FD804758313012C7B29D9326D064.tmp' to 'G:/Git/VR_Battle/Battle/Content/InfinityBladeAdversaries/Enemy/Enemy_Frost_Giant/EnemyBP.uasset'
[2017.06.13-16.28.12:223][411]LogSavePackage:Display: Finished SavePackage G:/Git/VR_Battle/Battle/Content/InfinityBladeAdversaries/Enemy/Enemy_Frost_Giant/EnemyBP.uasset
[2017.06.13-16.28.12:280][411]LogSavePackage: Save=33.86ms
[2017.06.13-16.28.12:280][411]LogSavePackage: Moving 'G:/Git/VR_Battle/Battle/Saved/SK_Enemy_FrostGiant_Captain_Skeleton_MontageFB4A62FD4875BEAB7F8DD8880B86E776.tmp' to 'G:/Git/VR_Battle/Battle/Content/InfinityBladeAdversaries/Enemy/Enemy_Frost_Giant/SK_Enemy_FrostGiant_Captain_Skeleton_Montage.uasset'
[2017.06.13-16.28.12:282][411]LogSavePackage:Display: Finished SavePackage G:/Git/VR_Battle/Battle/Content/InfinityBladeAdversaries/Enemy/Enemy_Frost_Giant/SK_Enemy_FrostGiant_Captain_Skeleton_Montage.uasset
[2017.06.13-16.28.14:054][598]LogTemp: Repeting last play command: Selected Viewport
[2017.06.13-16.28.14:070][598]LogBlueprintUserMessages: Early PlayInEditor Detection: Level '/Game/ThirdPersonCPP/Maps/ThirdPersonExampleMap.ThirdPersonExampleMap:PersistentLevel' has LevelScriptBlueprint '/Game/ThirdPersonCPP/Maps/ThirdPersonExampleMap.ThirdPersonExampleMap:PersistentLevel.ThirdPersonExampleMap' with GeneratedClass '/Game/ThirdPersonCPP/Maps/ThirdPersonExampleMap.ThirdPersonExampleMap_C' with ClassGeneratedBy '/Game/ThirdPersonCPP/Maps/ThirdPersonExampleMap.ThirdPersonExampleMap:PersistentLevel.ThirdPersonExampleMap'
[2017.06.13-16.28.14:071][598]LogPlayLevel: PlayLevel: No blueprints needed recompiling
[2017.06.13-16.28.14:071][598]PIE: New page: PIE session: ThirdPersonExampleMap (Jun 14, 2017, 8:28:14 AM)
[2017.06.13-16.28.14:071][598]LogPlayLevel: Creating play world package: /Game/ThirdPersonCPP/Maps/UEDPIE_0_ThirdPersonExampleMap
[2017.06.13-16.28.14:094][598]LogPlayLevel: PIE: StaticDuplicateObject took: (0.022753s)
[2017.06.13-16.28.14:095][598]LogAIModule: Creating AISystem for world ThirdPersonExampleMap
[2017.06.13-16.28.14:095][598]LogPlayLevel: PIE: World Init took: (0.001088s)
[2017.06.13-16.28.14:095][598]LogPlayLevel: PIE: Created PIE world by copying editor world from /Game/ThirdPersonCPP/Maps/ThirdPersonExampleMap.ThirdPersonExampleMap to /Game/ThirdPersonCPP/Maps/UEDPIE_0_ThirdPersonExampleMap.ThirdPersonExampleMap (0.024352s)
[2017.06.13-16.28.14:128][598]LogInit: XAudio2 using '喇叭 (Realtek High Definition Audio)' : 2 channels at 48 kHz using 32 bits per sample (channel mask 0x3)
[2017.06.13-16.28.14:143][598]LogInit: FAudioDevice initialized.
[2017.06.13-16.28.14:186][598]LogLoad: Game class is 'BattleGameMode'
[2017.06.13-16.28.14:188][598]LogWorld: Bringing World /Game/ThirdPersonCPP/Maps/UEDPIE_0_ThirdPersonExampleMap.ThirdPersonExampleMap up for play (max tick rate 0) at 2017.06.14-00.28.14
[2017.06.13-16.28.14:189][598]LogWorld: Bringing up level for play took: 0.001708
[2017.06.13-16.28.14:190][598]PIE: Info Play in editor start time for /Game/ThirdPersonCPP/Maps/UEDPIE_0_ThirdPersonExampleMap -0.608
[2017.06.13-16.28.14:191][598]LogBlueprintUserMessages: Late PlayInEditor Detection: Level '/Game/ThirdPersonCPP/Maps/ThirdPersonExampleMap.ThirdPersonExampleMap:PersistentLevel' has LevelScriptBlueprint '/Game/ThirdPersonCPP/Maps/ThirdPersonExampleMap.ThirdPersonExampleMap:PersistentLevel.ThirdPersonExampleMap' with GeneratedClass '/Game/ThirdPersonCPP/Maps/ThirdPersonExampleMap.ThirdPersonExampleMap_C' with ClassGeneratedBy '/Game/ThirdPersonCPP/Maps/ThirdPersonExampleMap.ThirdPersonExampleMap:PersistentLevel.ThirdPersonExampleMap'
[2017.06.13-16.28.19:676][250]LogBlueprintUserMessages: Early EndPlayMap Detection: Level '/Game/ThirdPersonCPP/Maps/ThirdPersonExampleMap.ThirdPersonExampleMap:PersistentLevel' has LevelScriptBlueprint '/Game/ThirdPersonCPP/Maps/ThirdPersonExampleMap.ThirdPersonExampleMap:PersistentLevel.ThirdPersonExampleMap' with GeneratedClass '/Game/ThirdPersonCPP/Maps/ThirdPersonExampleMap.ThirdPersonExampleMap_C' with ClassGeneratedBy '/Game/ThirdPersonCPP/Maps/ThirdPersonExampleMap.ThirdPersonExampleMap:PersistentLevel.ThirdPersonExampleMap'
[2017.06.13-16.28.19:867][250]LogBlueprintUserMessages: Late EndPlayMap Detection: Level '/Game/ThirdPersonCPP/Maps/ThirdPersonExampleMap.ThirdPersonExampleMap:PersistentLevel' has LevelScriptBlueprint '/Game/ThirdPersonCPP/Maps/ThirdPersonExampleMap.ThirdPersonExampleMap:PersistentLevel.ThirdPersonExampleMap' with GeneratedClass '/Game/ThirdPersonCPP/Maps/ThirdPersonExampleMap.ThirdPersonExampleMap_C' with ClassGeneratedBy '/Game/ThirdPersonCPP/Maps/ThirdPersonExampleMap.ThirdPersonExampleMap:PersistentLevel.ThirdPersonExampleMap'
[2017.06.13-16.28.20:703][334]LogTemp: Repeting last play command: Selected Viewport
[2017.06.13-16.28.20:716][334]LogBlueprintUserMessages: Early PlayInEditor Detection: Level '/Game/ThirdPersonCPP/Maps/ThirdPersonExampleMap.ThirdPersonExampleMap:PersistentLevel' has LevelScriptBlueprint '/Game/ThirdPersonCPP/Maps/ThirdPersonExampleMap.ThirdPersonExampleMap:PersistentLevel.ThirdPersonExampleMap' with GeneratedClass '/Game/ThirdPersonCPP/Maps/ThirdPersonExampleMap.ThirdPersonExampleMap_C' with ClassGeneratedBy '/Game/ThirdPersonCPP/Maps/ThirdPersonExampleMap.ThirdPersonExampleMap:PersistentLevel.ThirdPersonExampleMap'
[2017.06.13-16.28.20:716][334]LogPlayLevel: PlayLevel: No blueprints needed recompiling
[2017.06.13-16.28.20:716][334]PIE: New page: PIE session: ThirdPersonExampleMap (Jun 14, 2017, 8:28:20 AM)
[2017.06.13-16.28.20:717][334]LogPlayLevel: Creating play world package: /Game/ThirdPersonCPP/Maps/UEDPIE_0_ThirdPersonExampleMap
[2017.06.13-16.28.20:741][334]LogPlayLevel: PIE: StaticDuplicateObject took: (0.024169s)
[2017.06.13-16.28.20:742][334]LogAIModule: Creating AISystem for world ThirdPersonExampleMap
[2017.06.13-16.28.20:743][334]LogPlayLevel: PIE: World Init took: (0.001630s)
[2017.06.13-16.28.20:743][334]LogPlayLevel: PIE: Created PIE world by copying editor world from /Game/ThirdPersonCPP/Maps/ThirdPersonExampleMap.ThirdPersonExampleMap to /Game/ThirdPersonCPP/Maps/UEDPIE_0_ThirdPersonExampleMap.ThirdPersonExampleMap (0.026535s)
[2017.06.13-16.28.20:770][334]LogInit: XAudio2 using '喇叭 (Realtek High Definition Audio)' : 2 channels at 48 kHz using 32 bits per sample (channel mask 0x3)
[2017.06.13-16.28.20:783][334]LogInit: FAudioDevice initialized.
[2017.06.13-16.28.20:859][334]LogLoad: Game class is 'BattleGameMode'
[2017.06.13-16.28.20:862][334]LogWorld: Bringing World /Game/ThirdPersonCPP/Maps/UEDPIE_0_ThirdPersonExampleMap.ThirdPersonExampleMap up for play (max tick rate 0) at 2017.06.14-00.28.20
[2017.06.13-16.28.20:863][334]LogWorld: Bringing up level for play took: 0.001834
[2017.06.13-16.28.20:864][334]PIE: Info Play in editor start time for /Game/ThirdPersonCPP/Maps/UEDPIE_0_ThirdPersonExampleMap 0.066
[2017.06.13-16.28.20:865][334]LogBlueprintUserMessages: Late PlayInEditor Detection: Level '/Game/ThirdPersonCPP/Maps/ThirdPersonExampleMap.ThirdPersonExampleMap:PersistentLevel' has LevelScriptBlueprint '/Game/ThirdPersonCPP/Maps/ThirdPersonExampleMap.ThirdPersonExampleMap:PersistentLevel.ThirdPersonExampleMap' with GeneratedClass '/Game/ThirdPersonCPP/Maps/ThirdPersonExampleMap.ThirdPersonExampleMap_C' with ClassGeneratedBy '/Game/ThirdPersonCPP/Maps/ThirdPersonExampleMap.ThirdPersonExampleMap:PersistentLevel.ThirdPersonExampleMap'
[2017.06.13-16.28.25:505][884]LogBlueprintUserMessages: Early EndPlayMap Detection: Level '/Game/ThirdPersonCPP/Maps/ThirdPersonExampleMap.ThirdPersonExampleMap:PersistentLevel' has LevelScriptBlueprint '/Game/ThirdPersonCPP/Maps/ThirdPersonExampleMap.ThirdPersonExampleMap:PersistentLevel.ThirdPersonExampleMap' with GeneratedClass '/Game/ThirdPersonCPP/Maps/ThirdPersonExampleMap.ThirdPersonExampleMap_C' with ClassGeneratedBy '/Game/ThirdPersonCPP/Maps/ThirdPersonExampleMap.ThirdPersonExampleMap:PersistentLevel.ThirdPersonExampleMap'
[2017.06.13-16.28.25:753][884]LogBlueprintUserMessages: Late EndPlayMap Detection: Level '/Game/ThirdPersonCPP/Maps/ThirdPersonExampleMap.ThirdPersonExampleMap:PersistentLevel' has LevelScriptBlueprint '/Game/ThirdPersonCPP/Maps/ThirdPersonExampleMap.ThirdPersonExampleMap:PersistentLevel.ThirdPersonExampleMap' with GeneratedClass '/Game/ThirdPersonCPP/Maps/ThirdPersonExampleMap.ThirdPersonExampleMap_C' with ClassGeneratedBy '/Game/ThirdPersonCPP/Maps/ThirdPersonExampleMap.ThirdPersonExampleMap:PersistentLevel.ThirdPersonExampleMap'
[2017.06.13-16.28.35:645][956]LogTemp: Repeting last play command: Selected Viewport
[2017.06.13-16.28.35:658][956]LogBlueprintUserMessages: Early PlayInEditor Detection: Level '/Game/ThirdPersonCPP/Maps/ThirdPersonExampleMap.ThirdPersonExampleMap:PersistentLevel' has LevelScriptBlueprint '/Game/ThirdPersonCPP/Maps/ThirdPersonExampleMap.ThirdPersonExampleMap:PersistentLevel.ThirdPersonExampleMap' with GeneratedClass '/Game/ThirdPersonCPP/Maps/ThirdPersonExampleMap.ThirdPersonExampleMap_C' with ClassGeneratedBy '/Game/ThirdPersonCPP/Maps/ThirdPersonExampleMap.ThirdPersonExampleMap:PersistentLevel.ThirdPersonExampleMap'
[2017.06.13-16.28.35:659][956]LogPlayLevel: PlayLevel: No blueprints needed recompiling
[2017.06.13-16.28.35:659][956]PIE: New page: PIE session: ThirdPersonExampleMap (Jun 14, 2017, 8:28:35 AM)
[2017.06.13-16.28.35:659][956]LogPlayLevel: Creating play world package: /Game/ThirdPersonCPP/Maps/UEDPIE_0_ThirdPersonExampleMap
[2017.06.13-16.28.35:682][956]LogPlayLevel: PIE: StaticDuplicateObject took: (0.022481s)
[2017.06.13-16.28.35:683][956]LogAIModule: Creating AISystem for world ThirdPersonExampleMap
[2017.06.13-16.28.35:684][956]LogPlayLevel: PIE: World Init took: (0.001501s)
[2017.06.13-16.28.35:684][956]LogPlayLevel: PIE: Created PIE world by copying editor world from /Game/ThirdPersonCPP/Maps/ThirdPersonExampleMap.ThirdPersonExampleMap to /Game/ThirdPersonCPP/Maps/UEDPIE_0_ThirdPersonExampleMap.ThirdPersonExampleMap (0.024634s)
[2017.06.13-16.28.35:705][956]LogInit: XAudio2 using '喇叭 (Realtek High Definition Audio)' : 2 channels at 48 kHz using 32 bits per sample (channel mask 0x3)
[2017.06.13-16.28.35:715][956]LogInit: FAudioDevice initialized.
[2017.06.13-16.28.35:751][956]LogLoad: Game class is 'BattleGameMode'
[2017.06.13-16.28.35:753][956]LogWorld: Bringing World /Game/ThirdPersonCPP/Maps/UEDPIE_0_ThirdPersonExampleMap.ThirdPersonExampleMap up for play (max tick rate 0) at 2017.06.14-00.28.35
[2017.06.13-16.28.35:754][956]LogWorld: Bringing up level for play took: 0.001687
[2017.06.13-16.28.35:756][956]PIE: Info Play in editor start time for /Game/ThirdPersonCPP/Maps/UEDPIE_0_ThirdPersonExampleMap 0.958
[2017.06.13-16.28.35:757][956]LogBlueprintUserMessages: Late PlayInEditor Detection: Level '/Game/ThirdPersonCPP/Maps/ThirdPersonExampleMap.ThirdPersonExampleMap:PersistentLevel' has LevelScriptBlueprint '/Game/ThirdPersonCPP/Maps/ThirdPersonExampleMap.ThirdPersonExampleMap:PersistentLevel.ThirdPersonExampleMap' with GeneratedClass '/Game/ThirdPersonCPP/Maps/ThirdPersonExampleMap.ThirdPersonExampleMap_C' with ClassGeneratedBy '/Game/ThirdPersonCPP/Maps/ThirdPersonExampleMap.ThirdPersonExampleMap:PersistentLevel.ThirdPersonExampleMap'
[2017.06.13-16.28.44:982][ 56]LogBlueprintUserMessages: Early EndPlayMap Detection: Level '/Game/ThirdPersonCPP/Maps/ThirdPersonExampleMap.ThirdPersonExampleMap:PersistentLevel' has LevelScriptBlueprint '/Game/ThirdPersonCPP/Maps/ThirdPersonExampleMap.ThirdPersonExampleMap:PersistentLevel.ThirdPersonExampleMap' with GeneratedClass '/Game/ThirdPersonCPP/Maps/ThirdPersonExampleMap.ThirdPersonExampleMap_C' with ClassGeneratedBy '/Game/ThirdPersonCPP/Maps/ThirdPersonExampleMap.ThirdPersonExampleMap:PersistentLevel.ThirdPersonExampleMap'
[2017.06.13-16.28.45:282][ 56]LogBlueprintUserMessages: Late EndPlayMap Detection: Level '/Game/ThirdPersonCPP/Maps/ThirdPersonExampleMap.ThirdPersonExampleMap:PersistentLevel' has LevelScriptBlueprint '/Game/ThirdPersonCPP/Maps/ThirdPersonExampleMap.ThirdPersonExampleMap:PersistentLevel.ThirdPersonExampleMap' with GeneratedClass '/Game/ThirdPersonCPP/Maps/ThirdPersonExampleMap.ThirdPersonExampleMap_C' with ClassGeneratedBy '/Game/ThirdPersonCPP/Maps/ThirdPersonExampleMap.ThirdPersonExampleMap:PersistentLevel.ThirdPersonExampleMap'
[2017.06.13-16.28.51:238][718]BlueprintLog: New page: Compile EnemyBP
[2017.06.13-16.28.52:596][770]LogSavePackage: Save=25.84ms
[2017.06.13-16.28.52:596][770]LogSavePackage: Moving 'G:/Git/VR_Battle/Battle/Saved/EnemyBP8AACCE3945396B295D3969949A9BEFB2.tmp' to 'G:/Git/VR_Battle/Battle/Content/InfinityBladeAdversaries/Enemy/Enemy_Frost_Giant/EnemyBP.uasset'
[2017.06.13-16.28.52:598][770]LogSavePackage:Display: Finished SavePackage G:/Git/VR_Battle/Battle/Content/InfinityBladeAdversaries/Enemy/Enemy_Frost_Giant/EnemyBP.uasset
[2017.06.13-16.28.53:936][912]LogTemp: Repeting last play command: Selected Viewport
[2017.06.13-16.28.53:950][912]LogBlueprintUserMessages: Early PlayInEditor Detection: Level '/Game/ThirdPersonCPP/Maps/ThirdPersonExampleMap.ThirdPersonExampleMap:PersistentLevel' has LevelScriptBlueprint '/Game/ThirdPersonCPP/Maps/ThirdPersonExampleMap.ThirdPersonExampleMap:PersistentLevel.ThirdPersonExampleMap' with GeneratedClass '/Game/ThirdPersonCPP/Maps/ThirdPersonExampleMap.ThirdPersonExampleMap_C' with ClassGeneratedBy '/Game/ThirdPersonCPP/Maps/ThirdPersonExampleMap.ThirdPersonExampleMap:PersistentLevel.ThirdPersonExampleMap'
[2017.06.13-16.28.53:950][912]LogPlayLevel: PlayLevel: No blueprints needed recompiling
[2017.06.13-16.28.53:951][912]PIE: New page: PIE session: ThirdPersonExampleMap (Jun 14, 2017, 8:28:53 AM)
[2017.06.13-16.28.53:951][912]LogPlayLevel: Creating play world package: /Game/ThirdPersonCPP/Maps/UEDPIE_0_ThirdPersonExampleMap
[2017.06.13-16.28.53:973][912]LogPlayLevel: PIE: StaticDuplicateObject took: (0.021596s)
[2017.06.13-16.28.53:974][912]LogAIModule: Creating AISystem for world ThirdPersonExampleMap
[2017.06.13-16.28.53:974][912]LogPlayLevel: PIE: World Init took: (0.001585s)
[2017.06.13-16.28.53:975][912]LogPlayLevel: PIE: Created PIE world by copying editor world from /Game/ThirdPersonCPP/Maps/ThirdPersonExampleMap.ThirdPersonExampleMap to /Game/ThirdPersonCPP/Maps/UEDPIE_0_ThirdPersonExampleMap.ThirdPersonExampleMap (0.024048s)
[2017.06.13-16.28.53:998][912]LogInit: XAudio2 using '喇叭 (Realtek High Definition Audio)' : 2 channels at 48 kHz using 32 bits per sample (channel mask 0x3)
[2017.06.13-16.28.54:008][912]LogInit: FAudioDevice initialized.
[2017.06.13-16.28.54:045][912]LogLoad: Game class is 'BattleGameMode'
[2017.06.13-16.28.54:048][912]LogWorld: Bringing World /Game/ThirdPersonCPP/Maps/UEDPIE_0_ThirdPersonExampleMap.ThirdPersonExampleMap up for play (max tick rate 0) at 2017.06.14-00.28.54
[2017.06.13-16.28.54:049][912]LogWorld: Bringing up level for play took: 0.001923
[2017.06.13-16.28.54:051][912]PIE: Info Play in editor start time for /Game/ThirdPersonCPP/Maps/UEDPIE_0_ThirdPersonExampleMap -0.748
[2017.06.13-16.28.54:051][912]LogBlueprintUserMessages: Late PlayInEditor Detection: Level '/Game/ThirdPersonCPP/Maps/ThirdPersonExampleMap.ThirdPersonExampleMap:PersistentLevel' has LevelScriptBlueprint '/Game/ThirdPersonCPP/Maps/ThirdPersonExampleMap.ThirdPersonExampleMap:PersistentLevel.ThirdPersonExampleMap' with GeneratedClass '/Game/ThirdPersonCPP/Maps/ThirdPersonExampleMap.ThirdPersonExampleMap_C' with ClassGeneratedBy '/Game/ThirdPersonCPP/Maps/ThirdPersonExampleMap.ThirdPersonExampleMap:PersistentLevel.ThirdPersonExampleMap'
[2017.06.13-16.28.59:414][550]LogBlueprintUserMessages: Early EndPlayMap Detection: Level '/Game/ThirdPersonCPP/Maps/ThirdPersonExampleMap.ThirdPersonExampleMap:PersistentLevel' has LevelScriptBlueprint '/Game/ThirdPersonCPP/Maps/ThirdPersonExampleMap.ThirdPersonExampleMap:PersistentLevel.ThirdPersonExampleMap' with GeneratedClass '/Game/ThirdPersonCPP/Maps/ThirdPersonExampleMap.ThirdPersonExampleMap_C' with ClassGeneratedBy '/Game/ThirdPersonCPP/Maps/ThirdPersonExampleMap.ThirdPersonExampleMap:PersistentLevel.ThirdPersonExampleMap'
[2017.06.13-16.28.59:600][550]LogBlueprintUserMessages: Late EndPlayMap Detection: Level '/Game/ThirdPersonCPP/Maps/ThirdPersonExampleMap.ThirdPersonExampleMap:PersistentLevel' has LevelScriptBlueprint '/Game/ThirdPersonCPP/Maps/ThirdPersonExampleMap.ThirdPersonExampleMap:PersistentLevel.ThirdPersonExampleMap' with GeneratedClass '/Game/ThirdPersonCPP/Maps/ThirdPersonExampleMap.ThirdPersonExampleMap_C' with ClassGeneratedBy '/Game/ThirdPersonCPP/Maps/ThirdPersonExampleMap.ThirdPersonExampleMap:PersistentLevel.ThirdPersonExampleMap'
[2017.06.13-16.29.08:684][580]BlueprintLog: New page: Compile EnemyBP
[2017.06.13-16.29.10:257][655]LogSavePackage: Save=25.39ms
[2017.06.13-16.29.10:257][655]LogSavePackage: Moving 'G:/Git/VR_Battle/Battle/Saved/EnemyBP02DB6D6A4B22EAD59564408B8708F86D.tmp' to 'G:/Git/VR_Battle/Battle/Content/InfinityBladeAdversaries/Enemy/Enemy_Frost_Giant/EnemyBP.uasset'
[2017.06.13-16.29.10:259][655]LogSavePackage:Display: Finished SavePackage G:/Git/VR_Battle/Battle/Content/InfinityBladeAdversaries/Enemy/Enemy_Frost_Giant/EnemyBP.uasset
[2017.06.13-16.29.49:007][ 35]LogSavePackage: Save=105.58ms
[2017.06.13-16.29.49:007][ 35]LogSavePackage: Moving 'G:/Git/VR_Battle/Battle/Saved/ThirdPersonExampleMapB7F6B9E343DCB5E55EE034AB5B0A6DC4.tmp' to 'G:/Git/VR_Battle/Battle/Content/ThirdPersonCPP/Maps/ThirdPersonExampleMap.umap'
[2017.06.13-16.29.49:011][ 35]LogSavePackage:Display: Finished SavePackage G:/Git/VR_Battle/Battle/Content/ThirdPersonCPP/Maps/ThirdPersonExampleMap.umap
[2017.06.13-16.29.49:025][ 35]LogFileHelpers: Saving map 'ThirdPersonExampleMap' took 0.184
[2017.06.13-16.29.49:201][ 35]LogSavePackage: Save=162.25ms
[2017.06.13-16.29.49:201][ 35]LogSavePackage: Moving 'G:/Git/VR_Battle/Battle/Saved/SK_Enemy_FrostGiant_Captain_Skeleton_AnimBlueprint71EBFDAD47EBCDEB28BB97B89FF73164.tmp' to 'G:/Git/VR_Battle/Battle/Content/InfinityBladeAdversaries/Enemy/Enemy_Frost_Giant/SK_Enemy_FrostGiant_Captain_Skeleton_AnimBlueprint.uasset'
[2017.06.13-16.29.49:204][ 35]LogSavePackage:Display: Finished SavePackage G:/Git/VR_Battle/Battle/Content/InfinityBladeAdversaries/Enemy/Enemy_Frost_Giant/SK_Enemy_FrostGiant_Captain_Skeleton_AnimBlueprint.uasset
[2017.06.13-16.37.10:806][488]Cmd: QUIT_EDITOR
[2017.06.13-16.37.11:520][488]LogWindowsTextInputMethodSystem:Display: IME system now activated using TSF (微軟注音).
[2017.06.13-16.37.11:550][488]LogExit: Preparing to exit.
[2017.06.13-16.37.12:232][488]LogExit: Editor shut down
[2017.06.13-16.37.12:239][488]LogExit: Transaction tracking system shut down
[2017.06.13-16.37.13:604][488]LogObj: Freed 0b from 0 cluster array pools.
[2017.06.13-16.37.13:604][488]LogExit: Object subsystem successfully closed.
[2017.06.13-16.37.13:741][488]LogD3D11RHI: Shutdown
[2017.06.13-16.37.13:741][488]LogD3D11RHI: CleanupD3DDevice
[2017.06.13-16.37.13:918][488]LogD3D11RHI: ~FD3D11DynamicRHI
[2017.06.13-16.37.14:681][488]LogModuleManager: Shutting down and abandoning module MovieSceneCapture (540)
[2017.06.13-16.37.14:686][488]LogModuleManager: Shutting down and abandoning module AnimationEditor (538)
[2017.06.13-16.37.14:686][488]LogModuleManager: Shutting down and abandoning module ClothingSystemEditorInterface (536)
[2017.06.13-16.37.14:686][488]LogModuleManager: Shutting down and abandoning module BlueprintGraph (534)
[2017.06.13-16.37.14:686][488]LogModuleManager: Shutting down and abandoning module BlueprintProfiler (532)
[2017.06.13-16.37.14:692][488]LogModuleManager: Shutting down and abandoning module SkeletonEditor (530)
[2017.06.13-16.37.14:693][488]LogModuleManager: Shutting down and abandoning module AnimationBlueprintEditor (528)
[2017.06.13-16.37.14:706][488]LogModuleManager: Shutting down and abandoning module AddContentDialog (526)
[2017.06.13-16.37.14:720][488]LogDirectoryWatcher: A directory notification for 'F:/UnrealEngine/Epic Games/UE_4.16/FeaturePacks/' was aborted.
[2017.06.13-16.37.14:736][488]LogModuleManager: Shutting down and abandoning module WidgetCarousel (525)
[2017.06.13-16.37.14:736][488]LogModuleManager: Shutting down and abandoning module EditorWidgets (522)
[2017.06.13-16.37.14:736][488]LogModuleManager: Shutting down and abandoning module CollectionManager (520)
[2017.06.13-16.37.14:736][488]LogDirectoryWatcher: A directory notification for 'G:/Git/VR_Battle/Battle/Content/Collections/' was aborted.
[2017.06.13-16.37.14:736][488]LogDirectoryWatcher: A directory notification for 'G:/Git/VR_Battle/Battle/Content/Developers/User/Collections/' was aborted.
[2017.06.13-16.37.14:736][488]LogDirectoryWatcher: A directory notification for 'G:/Git/VR_Battle/Battle/Saved/Collections/' was aborted.
[2017.06.13-16.37.14:737][488]LogModuleManager: Shutting down and abandoning module HierarchicalLODOutliner (518)
[2017.06.13-16.37.14:737][488]LogModuleManager: Shutting down and abandoning module CrashTracker (516)
[2017.06.13-16.37.14:737][488]LogModuleManager: Shutting down and abandoning module SceneOutliner (514)
[2017.06.13-16.37.14:737][488]LogModuleManager: Shutting down and abandoning module StatsViewer (512)
[2017.06.13-16.37.14:737][488]LogModuleManager: Shutting down and abandoning module FoliageEdit (510)
[2017.06.13-16.37.14:737][488]LogModuleManager: Shutting down and abandoning module LandscapeEditor (508)
[2017.06.13-16.37.14:771][488]LogModuleManager: Shutting down and abandoning module MeshPaintMode (506)
[2017.06.13-16.37.14:771][488]LogModuleManager: Shutting down and abandoning module SceneDepthPickerMode (504)
[2017.06.13-16.37.14:771][488]LogModuleManager: Shutting down and abandoning module ActorPickerMode (502)
[2017.06.13-16.37.14:771][488]LogModuleManager: Shutting down and abandoning module GeometryMode (500)
[2017.06.13-16.37.14:771][488]LogModuleManager: Shutting down and abandoning module TextureAlignMode (498)
[2017.06.13-16.37.14:771][488]LogModuleManager: Shutting down and abandoning module BspMode (496)
[2017.06.13-16.37.14:792][488]LogModuleManager: Shutting down and abandoning module HardwareSurvey (494)
[2017.06.13-16.37.14:793][488]LogModuleManager: Shutting down and abandoning module SequenceRecorderSections (492)
[2017.06.13-16.37.14:793][488]LogModuleManager: Shutting down and abandoning module AutomationWorker (490)
[2017.06.13-16.37.14:799][488]LogModuleManager: Shutting down and abandoning module MatineeToLevelSequence (488)
[2017.06.13-16.37.14:815][488]LogModuleManager: Shutting down and abandoning module LevelSequenceEditor (486)
[2017.06.13-16.37.14:859][488]LogModuleManager: Shutting down and abandoning module PlacementMode (485)
[2017.06.13-16.37.14:860][488]LogModuleManager: Shutting down and abandoning module WmfMediaFactory (482)
[2017.06.13-16.37.14:860][488]LogModuleManager: Shutting down and abandoning module WmfMediaEditor (480)
[2017.06.13-16.37.14:860][488]LogModuleManager: Shutting down and abandoning module AvfMediaFactory (478)
[2017.06.13-16.37.14:860][488]LogModuleManager: Shutting down and abandoning module AvfMediaEditor (476)
[2017.06.13-16.37.14:860][488]LogModuleManager: Shutting down and abandoning module AndroidMediaFactory (474)
[2017.06.13-16.37.14:860][488]LogModuleManager: Shutting down and abandoning module Media (473)
[2017.06.13-16.37.14:860][488]LogModuleManager: Shutting down and abandoning module AndroidMediaEditor (470)
[2017.06.13-16.37.14:860][488]LogModuleManager: Shutting down and abandoning module CharacterAI (468)
[2017.06.13-16.37.14:860][488]LogModuleManager: Shutting down and abandoning module AudioCapture (466)
[2017.06.13-16.37.14:861][488]LogModuleManager: Shutting down and abandoning module SequenceRecorder (465)
[2017.06.13-16.37.14:861][488]LogModuleManager: Shutting down and abandoning module SmartSnapping (462)
[2017.06.13-16.37.14:861][488]LogModuleManager: Shutting down and abandoning module SessionServices (460)
[2017.06.13-16.37.14:861][488]LogModuleManager: Shutting down and abandoning module ViewportSnapping (458)
[2017.06.13-16.37.14:862][488]LogModuleManager: Shutting down and abandoning module ViewportInteraction (456)
[2017.06.13-16.37.14:862][488]LogModuleManager: Shutting down and abandoning module ClothPainter (454)
[2017.06.13-16.37.14:879][488]LogModuleManager: Shutting down and abandoning module LogVisualizer (452)
[2017.06.13-16.37.14:880][488]LogModuleManager: Shutting down and abandoning module IntroTutorials (450)
[2017.06.13-16.37.14:927][488]LogModuleManager: Shutting down and abandoning module GameProjectGeneration (449)
[2017.06.13-16.37.14:943][488]LogModuleManager: Shutting down and abandoning module EditorLiveStreaming (446)
[2017.06.13-16.37.14:943][488]LogModuleManager: Shutting down and abandoning module IOSPlatformEditor (444)
[2017.06.13-16.37.14:943][488]LogModuleManager: Shutting down and abandoning module HTML5PlatformEditor (442)
[2017.06.13-16.37.14:944][488]LogModuleManager: Shutting down and abandoning module AndroidPlatformEditor (440)
[2017.06.13-16.37.14:944][488]LogModuleManager: Shutting down and abandoning module AndroidDeviceDetection (439)
[2017.06.13-16.37.15:437][488]LogModuleManager: Shutting down and abandoning module IOSRuntimeSettings (436)
[2017.06.13-16.37.15:437][488]LogModuleManager: Shutting down and abandoning module AndroidRuntimeSettings (434)
[2017.06.13-16.37.15:437][488]LogModuleManager: Shutting down and abandoning module InputBindingEditor (432)
[2017.06.13-16.37.15:449][488]LogModuleManager: Shutting down and abandoning module MergeActors (430)
[2017.06.13-16.37.15:449][488]LogModuleManager: Shutting down and abandoning module SizeMap (428)
[2017.06.13-16.37.15:449][488]LogModuleManager: Shutting down and abandoning module TreeMap (426)
[2017.06.13-16.37.15:454][488]LogModuleManager: Shutting down and abandoning module ReferenceViewer (424)
[2017.06.13-16.37.15:455][488]LogModuleManager: Shutting down and abandoning module LocalizationDashboard (422)
[2017.06.13-16.37.15:479][488]LogModuleManager: Shutting down and abandoning module LocalizationService (421)
[2017.06.13-16.37.15:504][488]LogModuleManager: Shutting down and abandoning module HardwareTargeting (418)
[2017.06.13-16.37.15:504][488]LogModuleManager: Shutting down and abandoning module DeviceProfileEditor (416)
[2017.06.13-16.37.15:513][488]LogModuleManager: Shutting down and abandoning module UndoHistory (414)
[2017.06.13-16.37.15:526][488]LogModuleManager: Shutting down and abandoning module UserFeedback (412)
[2017.06.13-16.37.15:527][488]LogModuleManager: Shutting down and abandoning module XmlParser (410)
[2017.06.13-16.37.15:527][488]LogModuleManager: Shutting down and abandoning module Blutility (408)
[2017.06.13-16.37.15:534][488]LogModuleManager: Shutting down and abandoning module ProjectSettingsViewer (406)
[2017.06.13-16.37.15:534][488]LogModuleManager: Shutting down and abandoning module ProjectTargetPlatformEditor (405)
[2017.06.13-16.37.15:534][488]LogModuleManager: Shutting down and abandoning module EditorSettingsViewer (402)
[2017.06.13-16.37.15:534][488]LogModuleManager: Shutting down and abandoning module SettingsEditor (400)
[2017.06.13-16.37.15:534][488]LogModuleManager: Shutting down and abandoning module ProjectLauncher (398)
[2017.06.13-16.37.15:542][488]LogModuleManager: Shutting down and abandoning module SessionFrontend (396)
[2017.06.13-16.37.15:557][488]LogModuleManager: Shutting down and abandoning module ProfilerClient (394)
[2017.06.13-16.37.15:577][488]LogModuleManager: Shutting down and abandoning module DeviceManager (392)
[2017.06.13-16.37.15:583][488]LogModuleManager: Shutting down and abandoning module TargetDeviceServices (391)
[2017.06.13-16.37.15:637][488]LogModuleManager: Shutting down and abandoning module AutomationController (388)
[2017.06.13-16.37.15:647][488]LogModuleManager: Shutting down and abandoning module AutomationWindow (386)
[2017.06.13-16.37.15:660][488]LogModuleManager: Shutting down and abandoning module Layers (384)
[2017.06.13-16.37.15:679][488]LogModuleManager: Shutting down and abandoning module ComponentVisualizers (382)
[2017.06.13-16.37.15:679][488]LogModuleManager: Shutting down and abandoning module DetailCustomizations (380)
[2017.06.13-16.37.15:686][488]LogModuleManager: Shutting down and abandoning module PackagesDialog (378)
[2017.06.13-16.37.15:702][488]LogModuleManager: Shutting down and abandoning module Persona (376)
[2017.06.13-16.37.15:702][488]LogModuleManager: Shutting down and abandoning module AdvancedPreviewScene (375)
[2017.06.13-16.37.15:702][488]LogModuleManager: Shutting down and abandoning module AnimGraph (373)
[2017.06.13-16.37.15:702][488]LogModuleManager: Shutting down and abandoning module Kismet (370)
[2017.06.13-16.37.15:721][488]LogModuleManager: Shutting down and abandoning module ClassViewer (368)
[2017.06.13-16.37.15:721][488]LogModuleManager: Shutting down and abandoning module Toolbox (366)
[2017.06.13-16.37.15:722][488]LogModuleManager: Shutting down and abandoning module ModuleUI (364)
[2017.06.13-16.37.15:740][488]LogModuleManager: Shutting down and abandoning module MovieSceneTools (362)
[2017.06.13-16.37.15:753][488]LogModuleManager: Shutting down and abandoning module OutputLog (360)
[2017.06.13-16.37.15:774][488]LogModuleManager: Shutting down and abandoning module GammaUI (358)
[2017.06.13-16.37.15:795][488]LogModuleManager: Shutting down and abandoning module Documentation (356)
[2017.06.13-16.37.15:795][488]LogModuleManager: Shutting down and abandoning module MovieSceneTracks (354)
[2017.06.13-16.37.15:795][488]LogModuleManager: Shutting down and abandoning module MovieScene (352)
[2017.06.13-16.37.15:795][488]LogModuleManager: Shutting down and abandoning module Niagara (350)
[2017.06.13-16.37.15:795][488]LogModuleManager: Shutting down and abandoning module NiagaraEditor (349)
[2017.06.13-16.37.15:851][488]LogModuleManager: Shutting down and abandoning module StreamingPauseRendering (346)
[2017.06.13-16.37.15:851][488]LogModuleManager: Shutting down and abandoning module AnalyticsET (344)
[2017.06.13-16.37.15:851][488]LogModuleManager: Shutting down and abandoning module PortalServices (342)
[2017.06.13-16.37.15:851][488]LogModuleManager: Shutting down and abandoning module PortalRpc (340)
[2017.06.13-16.37.15:851][488]LogModuleManager: Shutting down and abandoning module MessagingRpc (338)
[2017.06.13-16.37.15:851][488]LogModuleManager: Shutting down and abandoning module AIModule (336)
[2017.06.13-16.37.15:869][488]LogModuleManager: Shutting down and abandoning module GameplayDebugger (335)
[2017.06.13-16.37.15:869][488]LogModuleManager: Shutting down and abandoning module AITestSuite (333)
[2017.06.13-16.37.15:890][488]LogModuleManager: Shutting down and abandoning module ProfilerService (330)
[2017.06.13-16.37.15:998][488]LogModuleManager: Shutting down and abandoning module TaskGraph (328)
[2017.06.13-16.37.16:017][488]LogModuleManager: Shutting down and abandoning module SteamVRController (326)
[2017.06.13-16.37.16:017][488]LogModuleManager: Shutting down and abandoning module SteamVR (324)
[2017.06.13-16.37.16:017][488]LogModuleManager: Shutting down and abandoning module ProceduralMeshComponentEditor (322)
[2017.06.13-16.37.16:017][488]LogModuleManager: Shutting down and abandoning module ProceduralMeshComponent (320)
[2017.06.13-16.37.16:032][488]LogModuleManager: Shutting down and abandoning module OculusLibrary (318)
[2017.06.13-16.37.16:032][488]LogModuleManager: Shutting down and abandoning module OculusInput (316)
[2017.06.13-16.37.16:032][488]LogModuleManager: Shutting down and abandoning module MobilePatchingUtils (314)
[2017.06.13-16.37.16:032][488]LogModuleManager: Shutting down and abandoning module CustomMeshComponent (312)
[2017.06.13-16.37.16:032][488]LogModuleManager: Shutting down and abandoning module CableComponent (310)
[2017.06.13-16.37.16:032][488]LogModuleManager: Shutting down and abandoning module ArchVisCharacter (308)
[2017.06.13-16.37.16:032][488]LogModuleManager: Shutting down and abandoning module AndroidPermission (306)
[2017.06.13-16.37.16:032][488]LogModuleManager: Shutting down and abandoning module MediaPlayerEditor (302)
[2017.06.13-16.37.16:048][488]LogModuleManager: Shutting down and abandoning module HTML5Networking (300)
[2017.06.13-16.37.16:048][488]LogModuleManager: Shutting down and abandoning module AlembicImporter (298)
[2017.06.13-16.37.16:062][488]LogModuleManager: Shutting down and abandoning module AlembicLibrary (297)
[2017.06.13-16.37.16:063][488]LogModuleManager: Shutting down and abandoning module GeometryCache (296)
[2017.06.13-16.37.16:063][488]LogModuleManager: Shutting down and abandoning module GeometryCacheEd (295)
[2017.06.13-16.37.16:063][488]LogModuleManager: Shutting down and abandoning module SuperSearchEditor (290)
[2017.06.13-16.37.16:063][488]LogModuleManager: Shutting down and abandoning module SuperSearch (289)
[2017.06.13-16.37.16:063][488]LogModuleManager: Shutting down and abandoning module SpeedTreeImporter (286)
[2017.06.13-16.37.16:063][488]LogModuleManager: Shutting down and abandoning module PluginBrowser (284)
[2017.06.13-16.37.16:073][488]LogModuleManager: Shutting down and abandoning module MobileLauncherProfileWizard (282)
[2017.06.13-16.37.16:083][488]LogModuleManager: Shutting down and abandoning module VisualStudioSourceCodeAccess (280)
[2017.06.13-16.37.16:083][488]LogModuleManager: Shutting down and abandoning module DesktopPlatform (279)
[2017.06.13-16.37.16:102][488]LogModuleManager: Shutting down and abandoning module UObjectPlugin (276)
[2017.06.13-16.37.16:102][488]LogModuleManager: Shutting down and abandoning module SubversionSourceControl (274)
[2017.06.13-16.37.16:116][488]LogModuleManager: Shutting down and abandoning module PerforceSourceControl (272)
[2017.06.13-16.37.16:129][488]LogModuleManager: Shutting down and abandoning module GitSourceControl (270)
[2017.06.13-16.37.16:160][488]LogModuleManager: Shutting down and abandoning module SourceControl (269)
[2017.06.13-16.37.16:180][488]LogModuleManager: Shutting down and abandoning module LightPropagationVolumeEditor (266)
[2017.06.13-16.37.16:180][488]LogModuleManager: Shutting down and abandoning module PaperTiledImporter (264)
[2017.06.13-16.37.16:180][488]LogModuleManager: Shutting down and abandoning module PaperSpriteSheetImporter (262)
[2017.06.13-16.37.16:180][488]LogModuleManager: Shutting down and abandoning module Paper2DEditor (260)
[2017.06.13-16.37.16:196][488]LogModuleManager: Shutting down and abandoning module MeshPaint (259)
[2017.06.13-16.37.16:208][488]LogModuleManager: Shutting down and abandoning module LevelEditor (257)
[2017.06.13-16.37.16:226][488]LogModuleManager: Shutting down and abandoning module PixelInspectorModule (256)
[2017.06.13-16.37.16:239][488]LogModuleManager: Shutting down and abandoning module MainFrame (254)
[2017.06.13-16.37.16:239][488]LogModuleManager: Shutting down and abandoning module HotReload (253)
[2017.06.13-16.37.16:257][488]LogDirectoryWatcher: A directory notification for 'G:/Git/VR_Battle/Battle/Binaries/Win64' was aborted.
[2017.06.13-16.37.16:261][488]LogModuleManager: Shutting down and abandoning module Battle (248)
[2017.06.13-16.37.16:261][488]LogModuleManager: Shutting down and abandoning module PhysXVehiclesEditor (246)
[2017.06.13-16.37.16:272][488]LogModuleManager: Shutting down and abandoning module PhysXVehicles (244)
[2017.06.13-16.37.16:272][488]LogModuleManager: Shutting down and abandoning module LocationServicesBPLibrary (242)
[2017.06.13-16.37.16:272][488]LogModuleManager: Shutting down and abandoning module ImmediatePhysicsEditor (240)
[2017.06.13-16.37.16:272][488]LogModuleManager: Shutting down and abandoning module ImmediatePhysics (238)
[2017.06.13-16.37.16:293][488]LogModuleManager: Shutting down and abandoning module UdpMessaging (236)
[2017.06.13-16.37.16:394][488]LogModuleManager: Shutting down and abandoning module TcpMessaging (234)
[2017.06.13-16.37.16:502][488]LogModuleManager: Shutting down and abandoning module GameplayTagsEditor (232)
[2017.06.13-16.37.16:519][488]LogModuleManager: Shutting down and abandoning module FacialAnimationEditor (230)
[2017.06.13-16.37.16:519][488]LogModuleManager: Shutting down and abandoning module FacialAnimation (228)
[2017.06.13-16.37.16:519][488]LogModuleManager: Shutting down and abandoning module AssetManagerEditor (226)
[2017.06.13-16.37.16:532][488]LogModuleManager: Shutting down and abandoning module GraphEditor (225)
[2017.06.13-16.37.16:532][488]LogModuleManager: Shutting down and abandoning module ContentBrowser (223)
[2017.06.13-16.37.16:533][488]LogModuleManager: Shutting down and abandoning module LightPropagationVolumeRuntime (220)
[2017.06.13-16.37.16:533][488]LogModuleManager: Shutting down and abandoning module Paper2D (218)
[2017.06.13-16.37.16:545][488]LogModuleManager: Shutting down and abandoning module WindowsMoviePlayer (216)
[2017.06.13-16.37.16:545][488]LogModuleManager: Shutting down and abandoning module WmfMedia (214)
[2017.06.13-16.37.16:545][488]LogModuleManager: Shutting down and abandoning module ClothingSystemEditor (212)
[2017.06.13-16.37.16:545][488]LogModuleManager: Shutting down and abandoning module ClothingSystemRuntime (210)
[2017.06.13-16.37.16:554][488]LogModuleManager: Shutting down and abandoning module MediaAssets (208)
[2017.06.13-16.37.16:554][488]LogModuleManager: Shutting down and abandoning module GameLiveStreaming (206)
[2017.06.13-16.37.16:563][488]LogModuleManager: Shutting down and abandoning module VREditor (204)
[2017.06.13-16.37.16:576][488]LogModuleManager: Shutting down and abandoning module StringTableEditor (202)
[2017.06.13-16.37.16:589][488]LogModuleManager: Shutting down and abandoning module GameplayTasksEditor (200)
[2017.06.13-16.37.16:589][488]LogModuleManager: Shutting down and abandoning module BehaviorTreeEditor (198)
[2017.06.13-16.37.16:600][488]LogModuleManager: Shutting down and abandoning module FunctionalTesting (196)
[2017.06.13-16.37.16:600][488]LogModuleManager: Shutting down and abandoning module CollisionAnalyzer (194)
[2017.06.13-16.37.16:620][488]LogModuleManager: Shutting down and abandoning module UMG (192)
[2017.06.13-16.37.16:632][488]LogModuleManager: Shutting down and abandoning module UMGEditor (191)
[2017.06.13-16.37.16:660][488]LogModuleManager: Shutting down and abandoning module Sequencer (190)
[2017.06.13-16.37.16:674][488]LogModuleManager: Shutting down and abandoning module AssetTools (188)
[2017.06.13-16.37.16:715][488]LogModuleManager: Shutting down and abandoning module MessageLog (187)
[2017.06.13-16.37.16:715][488]LogModuleManager: Shutting down and abandoning module WorkspaceMenuStructure (186)
[2017.06.13-16.37.16:715][488]LogModuleManager: Shutting down and abandoning module SlateReflector (180)
[2017.06.13-16.37.16:725][488]LogModuleManager: Shutting down and abandoning module Slate (178)
[2017.06.13-16.37.16:725][488]LogModuleManager: Shutting down and abandoning module EditorStyle (176)
[2017.06.13-16.37.16:727][488]LogModuleManager: Shutting down and abandoning module SourceCodeAccess (174)
[2017.06.13-16.37.16:727][488]LogModuleManager: Shutting down and abandoning module HeadMountedDisplay (172)
[2017.06.13-16.37.16:727][488]LogModuleManager: Shutting down and abandoning module XAudio2 (170)
[2017.06.13-16.37.16:727][488]LogModuleManager: Shutting down and abandoning module Networking (168)
[2017.06.13-16.37.16:727][488]LogModuleManager: Shutting down and abandoning module Core (164)
[2017.06.13-16.37.16:727][488]LogModuleManager: Shutting down and abandoning module AssetRegistry (162)
[2017.06.13-16.37.16:795][488]LogDirectoryWatcher: A directory notification for '../../../Engine/Content/' was aborted.
[2017.06.13-16.37.16:796][488]LogDirectoryWatcher: A directory notification for 'G:/Git/VR_Battle/Battle/Content/' was aborted.
[2017.06.13-16.37.16:796][488]LogDirectoryWatcher: A directory notification for '../../../Engine/Plugins/2D/Paper2D/Content/' was aborted.
[2017.06.13-16.37.16:796][488]LogDirectoryWatcher: A directory notification for '../../../Engine/Plugins/Runtime/GearVR/Content/' was aborted.
[2017.06.13-16.37.16:807][488]LogModuleManager: Shutting down and abandoning module DirectoryWatcher (161)
[2017.06.13-16.37.16:808][488]LogModuleManager: Shutting down and abandoning module KismetCompiler (158)
[2017.06.13-16.37.16:808][488]LogModuleManager: Shutting down and abandoning module LevelSequence (156)
[2017.06.13-16.37.16:808][488]LogModuleManager: Shutting down and abandoning module PhysXFormats (154)
[2017.06.13-16.37.16:808][488]LogModuleManager: Shutting down and abandoning module MeshUtilities (152)
[2017.06.13-16.37.16:820][488]LogModuleManager: Shutting down and abandoning module SimplygonSwarm (151)
[2017.06.13-16.37.16:833][488]LogModuleManager: Shutting down and abandoning module SimplygonMeshReduction (149)
[2017.06.13-16.37.16:833][488]LogModuleManager: Shutting down and abandoning module QuadricMeshReduction (147)
[2017.06.13-16.37.16:848][488]LogModuleManager: Shutting down and abandoning module DerivedDataCache (144)
[2017.06.13-16.37.16:920][488]LogDerivedDataCache: Shutdown
[2017.06.13-16.37.16:920][488]LogModuleManager: Shutting down and abandoning module TargetPlatform (142)
[2017.06.13-16.37.16:920][488]LogModuleManager: Shutting down and abandoning module VulkanShaderFormat (141)
[2017.06.13-16.37.16:957][488]LogModuleManager: Shutting down and abandoning module ShaderFormatVectorVM (139)
[2017.06.13-16.37.16:968][488]LogModuleManager: Shutting down and abandoning module ShaderFormatOpenGL (137)
[2017.06.13-16.37.16:992][488]LogModuleManager: Shutting down and abandoning module ShaderFormatD3D (135)
[2017.06.13-16.37.16:993][488]LogModuleManager: Shutting down and abandoning module MetalShaderFormat (133)
[2017.06.13-16.37.17:016][488]LogModuleManager: Shutting down and abandoning module TextureFormatUncompressed (131)
[2017.06.13-16.37.17:016][488]LogModuleManager: Shutting down and abandoning module TextureFormatPVR (129)
[2017.06.13-16.37.17:016][488]LogModuleManager: Shutting down and abandoning module TextureFormatDXT (127)
[2017.06.13-16.37.17:017][488]LogModuleManager: Shutting down and abandoning module TextureFormatIntelISPCTexComp (125)
[2017.06.13-16.37.17:018][488]LogModuleManager: Shutting down and abandoning module TextureFormatASTC (123)
[2017.06.13-16.37.17:018][488]LogModuleManager: Shutting down and abandoning module ImageWrapper (122)
[2017.06.13-16.37.17:018][488]LogModuleManager: Shutting down and abandoning module TextureFormatAndroid (119)
[2017.06.13-16.37.17:018][488]LogModuleManager: Shutting down and abandoning module AudioFormatOpus (117)
[2017.06.13-16.37.17:018][488]LogModuleManager: Shutting down and abandoning module AudioFormatOgg (115)
[2017.06.13-16.37.17:018][488]LogModuleManager: Shutting down and abandoning module AudioFormatADPCM (113)
[2017.06.13-16.37.17:018][488]LogModuleManager: Shutting down and abandoning module LinuxTargetPlatform (111)
[2017.06.13-16.37.17:018][488]LogModuleManager: Shutting down and abandoning module LinuxServerTargetPlatform (109)
[2017.06.13-16.37.17:018][488]LogModuleManager: Shutting down and abandoning module LinuxNoEditorTargetPlatform (107)
[2017.06.13-16.37.17:018][488]LogModuleManager: Shutting down and abandoning module LinuxClientTargetPlatform (105)
[2017.06.13-16.37.17:018][488]LogModuleManager: Shutting down and abandoning module TVOSTargetPlatform (103)
[2017.06.13-16.37.17:018][488]LogModuleManager: Shutting down and abandoning module Messaging (101)
[2017.06.13-16.37.17:018][488]LogModuleManager: Shutting down and abandoning module IOSTargetPlatform (99)
[2017.06.13-16.37.17:018][488]LogModuleManager: Shutting down and abandoning module HTML5TargetPlatform (97)
[2017.06.13-16.37.17:018][488]LogModuleManager: Shutting down and abandoning module Android_PVRTCTargetPlatform (95)
[2017.06.13-16.37.17:018][488]LogModuleManager: Shutting down and abandoning module Android_MultiTargetPlatform (93)
[2017.06.13-16.37.17:018][488]LogModuleManager: Shutting down and abandoning module Android_ETC2TargetPlatform (91)
[2017.06.13-16.37.17:019][488]LogModuleManager: Shutting down and abandoning module Android_ETC1TargetPlatform (89)
[2017.06.13-16.37.17:019][488]LogModuleManager: Shutting down and abandoning module Android_DXTTargetPlatform (87)
[2017.06.13-16.37.17:019][488]LogModuleManager: Shutting down and abandoning module Android_ATCTargetPlatform (85)
[2017.06.13-16.37.17:019][488]LogModuleManager: Shutting down and abandoning module Android_ASTCTargetPlatform (83)
[2017.06.13-16.37.17:019][488]LogModuleManager: Shutting down and abandoning module AndroidTargetPlatform (81)
[2017.06.13-16.37.17:019][488]LogModuleManager: Shutting down and abandoning module WindowsTargetPlatform (79)
[2017.06.13-16.37.17:019][488]LogModuleManager: Shutting down and abandoning module WindowsServerTargetPlatform (77)
[2017.06.13-16.37.17:019][488]LogModuleManager: Shutting down and abandoning module WindowsNoEditorTargetPlatform (75)
[2017.06.13-16.37.17:019][488]LogModuleManager: Shutting down and abandoning module WindowsClientTargetPlatform (73)
[2017.06.13-16.37.17:019][488]LogModuleManager: Shutting down and abandoning module MacTargetPlatform (71)
[2017.06.13-16.37.17:019][488]LogModuleManager: Shutting down and abandoning module MacServerTargetPlatform (69)
[2017.06.13-16.37.17:019][488]LogModuleManager: Shutting down and abandoning module MacNoEditorTargetPlatform (67)
[2017.06.13-16.37.17:019][488]LogModuleManager: Shutting down and abandoning module MacClientTargetPlatform (65)
[2017.06.13-16.37.17:019][488]LogModuleManager: Shutting down and abandoning module AllDesktopTargetPlatform (63)
[2017.06.13-16.37.17:019][488]LogModuleManager: Shutting down and abandoning module InputCore (60)
[2017.06.13-16.37.17:019][488]LogModuleManager: Shutting down and abandoning module Settings (58)
[2017.06.13-16.37.17:019][488]LogModuleManager: Shutting down and abandoning module OculusRift (56)
[2017.06.13-16.37.17:031][488]LogModuleManager: Shutting down and abandoning module GearVRController (54)
[2017.06.13-16.37.17:031][488]LogModuleManager: Shutting down and abandoning module GearVR (52)
[2017.06.13-16.37.17:046][488]LogModuleManager: Shutting down and abandoning module ExampleDeviceProfileSelector (50)
[2017.06.13-16.37.17:046][488]LogModuleManager: Shutting down and abandoning module OnlineBlueprintSupport (48)
[2017.06.13-16.37.17:046][488]LogModuleManager: Shutting down and abandoning module OnlineSubsystem (44)
[2017.06.13-16.37.17:046][488]LogOnline:Display: Unloading online subsystem: NULL
[2017.06.13-16.37.17:071][488]LogModuleManager: Shutting down and abandoning module XMPP (43)
[2017.06.13-16.37.17:079][488]LogModuleManager: Shutting down and abandoning module HTTP (41)
[2017.06.13-16.37.17:080][488]LogHttp:Display: Http module shutting down, but needs to wait on 1 outstanding Http requests:
[2017.06.13-16.37.17:089][488]LogHttp:Display: 	verb=[POST] url=[https://datarouter.ol.epicgames.com/datarouter/api/v1/public/data?SessionID=%7BDF4A7B6D-41DC-2E81-D84E-F5B634C24744%7D&AppID=UEEditor.Rocket.Release&AppVersion=4.16.1-3466753%2B%2B%2BUE4%2BRelease-4.16&UserID=3aac78f24d32ee411e97c0b32132f634%7C56f2441c5ff04affa7ede0e12a90e9c5%7C62afd627-7db1-44a4-8e68-af4a125604f5&AppEnvironment=datacollector-binary&UploadType=eteventstream] status=Processing
[2017.06.13-16.37.17:119][488]LogModuleManager: Shutting down and abandoning module SSL (40)
[2017.06.13-16.37.17:133][488]LogModuleManager: Shutting down and abandoning module HTTPChunkInstaller (36)
[2017.06.13-16.37.17:159][488]LogModuleManager: Shutting down and abandoning module AnimationModifiers (34)
[2017.06.13-16.37.17:170][488]LogModuleManager: Shutting down and abandoning module PropertyEditor (33)
[2017.06.13-16.37.17:170][488]LogModuleManager: Shutting down and abandoning module AudioEditor (30)
[2017.06.13-16.37.17:171][488]LogModuleManager: Shutting down and abandoning module TextureCompressor (28)
[2017.06.13-16.37.17:172][488]LogModuleManager: Shutting down and abandoning module ShaderCore (26)
[2017.06.13-16.37.17:172][488]LogModuleManager: Shutting down and abandoning module Landscape (24)
[2017.06.13-16.37.17:172][488]LogModuleManager: Shutting down and abandoning module SlateRHIRenderer (22)
[2017.06.13-16.37.17:191][488]LogModuleManager: Shutting down and abandoning module OpenGLDrv (20)
[2017.06.13-16.37.17:206][488]LogModuleManager: Shutting down and abandoning module D3D11RHI (18)
[2017.06.13-16.37.17:206][488]LogModuleManager: Shutting down and abandoning module AnimGraphRuntime (16)
[2017.06.13-16.37.17:206][488]LogModuleManager: Shutting down and abandoning module Renderer (14)
[2017.06.13-16.37.17:206][488]LogModuleManager: Shutting down and abandoning module Engine (12)
[2017.06.13-16.37.17:206][488]LogModuleManager: Shutting down and abandoning module CoreUObject (10)
[2017.06.13-16.37.17:206][488]LogModuleManager: Shutting down and abandoning module NetworkFile (8)
[2017.06.13-16.37.17:206][488]LogModuleManager: Shutting down and abandoning module StreamingFile (6)
[2017.06.13-16.37.17:206][488]LogModuleManager: Shutting down and abandoning module SandboxFile (4)
[2017.06.13-16.37.17:206][488]LogModuleManager: Shutting down and abandoning module PakFile (2)
[2017.06.13-16.37.17:234][488]LogExit: Exiting.
[2017.06.13-16.37.17:246][488]Log file closed, 06/14/17 00:37:17
