Log file open, 06/16/17 00:43:13
LogInit:Display: Running engine for game: Battle
LogPlatformFile: Not using cached read wrapper
LogInit:Display: RandInit(-940090860) SRandInit(-940090859).
LogTaskGraph: Started task graph with 5 named threads and 8 total threads with 1 sets of task threads.
LogStats: Stats thread started at 0.175680
LogInit: Using libcurl 7.47.1
LogInit:  - built for x86_64-pc-win32
LogInit:  - supports SSL with OpenSSL/1.0.2g
LogInit:  - supports HTTP deflate (compression) using libz 1.2.8
LogInit:  - other features:
LogInit:      CURL_VERSION_SSL
LogInit:      CURL_VERSION_LIBZ
LogInit:      CURL_VERSION_IPV6
LogInit:      CURL_VERSION_ASYNCHDNS
LogInit:      CURL_VERSION_LARGEFILE
LogInit:      CURL_VERSION_IDN
LogInit:  CurlRequestOptions (configurable via config and command line):
LogInit:  - bVerifyPeer = false  - Libcurl will NOT verify peer certificate
LogInit:  - bUseHttpProxy = false  - Libcurl will NOT use HTTP proxy
LogInit:  - bDontReuseConnections = false  - Libcurl will reuse connections
LogInit:  - CertBundlePath = nullptr  - Libcurl will use whatever was configured at build time.
LogInit: Build: ++UE4+Release-4.16-CL-3466753
LogInit: Engine Version: 4.16.1-3466753+++UE4+Release-4.16
LogInit: Compatible Engine Version: 4.16.0-3452394+++UE4+Release-4.16
LogInit: Net CL: 3452394
LogDevObjectVersion: Number of dev versions registered: 16
LogDevObjectVersion:   Dev-Blueprints (B0D832E4-1F89-4F0D-ACCF-7EB736FD4AA2): 9
LogDevObjectVersion:   Dev-Build (E1C64328-A22C-4D53-A36C-8E866417BD8C): 0
LogDevObjectVersion:   Dev-Core (375EC13C-06E4-48FB-B500-84F0262A717E): 2
LogDevObjectVersion:   Dev-Editor (E4B068ED-F494-42E9-A231-DA0B2E46BB41): 17
LogDevObjectVersion:   Dev-Framework (CFFC743F-43B0-4480-9391-14DF171D2073): 23
LogDevObjectVersion:   Dev-Mobile (B02B49B5-BB20-44E9-A304-32B752E40360): 0
LogDevObjectVersion:   Dev-Networking (A4E4105C-59A1-49B5-A7C5-40C4547EDFEE): 0
LogDevObjectVersion:   Dev-Online (39C831C9-5AE6-47DC-9A44-9C173E1C8E7C): 0
LogDevObjectVersion:   Dev-Physics (78F01B33-EBEA-4F98-B9B4-84EACCB95AA2): 0
LogDevObjectVersion:   Dev-Platform (6631380F-2D4D-43E0-8009-CF276956A95A): 0
LogDevObjectVersion:   Dev-Rendering (12F88B9F-8875-4AFC-A67C-D90C383ABD29): 15
LogDevObjectVersion:   Dev-Sequencer (7B5AE74C-D270-4C10-A958-57980B212A5A): 4
LogDevObjectVersion:   Dev-VR (D7296918-1DD6-4BDD-9DE2-64A83CC13884): 0
LogDevObjectVersion:   Dev-LoadTimes (C2A15278-BFE7-4AFE-6C17-90FF531DF755): 1
LogDevObjectVersion:   Private-Geometry (6EACA3D4-40EC-4CC1-B786-8BED09428FC5): 1
LogDevObjectVersion:   Dev-AnimPhys (29E575DD-E0A3-4627-9D10-D276232CDCEA): 3
LogInit: Compiled (64-bit): May 31 2017 02:03:30
LogInit: Compiled with Visual C++: 19.00.24215.01
LogInit: Build Configuration: Development
LogInit: Branch Name: ++UE4+Release-4.16
LogInit: Command line:  -skipcompile
LogInit: Base directory: F:/UnrealEngine/Epic Games/UE_4.16/Engine/Binaries/Win64/
LogInit: Installed Engine Build: 1
LogInit: Presizing for max 8388607 objects, including 0 objects not considered by GC, pre-allocating 0 bytes for permanent pool.
LogInit: Object subsystem initialized
[2017.06.15-16.43.13:656][  0]LogInit: Selected Device Profile: [Windows]
[2017.06.15-16.43.13:656][  0]LogInit: Applying CVar settings loaded from the selected device profile: [Windows]
[2017.06.15-16.43.13:666][  0]LogInit: Computer: WINDOWS-ACBHQ9K
[2017.06.15-16.43.13:666][  0]LogInit: User: User
[2017.06.15-16.43.13:666][  0]LogInit: CPU Page size=4096, Cores=4
[2017.06.15-16.43.13:666][  0]LogInit: High frequency timer resolution =3.328127 MHz
[2017.06.15-16.43.13:667][  0]LogMemory: Memory total: Physical=15.9GB (16GB approx)
[2017.06.15-16.43.13:667][  0]LogMemory: Platform Memory Stats for Windows
[2017.06.15-16.43.13:667][  0]LogMemory: Process Physical Memory: 276.12 MB used, 276.12 MB peak
[2017.06.15-16.43.13:667][  0]LogMemory: Process Virtual Memory: 266.86 MB used, 266.86 MB peak
[2017.06.15-16.43.13:667][  0]LogMemory: Physical Memory: 8247.59 MB used,  8046.83 MB free, 16294.43 MB total
[2017.06.15-16.43.13:667][  0]LogMemory: Virtual Memory: 641.23 MB used,  8046.83 MB free, 134217728.00 MB total
[2017.06.15-16.43.13:842][  0]LogInit: Using OS detected language (zh-TW).
[2017.06.15-16.43.13:842][  0]LogInit: Using OS detected locale (zh-TW).
[2017.06.15-16.43.13:846][  0]LogTextLocalizationManager: No localization for 'zh-TW' exists, so 'en' will be used for the language.
[2017.06.15-16.43.13:846][  0]LogTextLocalizationManager: No localization for 'zh-TW' exists, so 'en' will be used for the locale.
[2017.06.15-16.43.14:866][  0]LogD3D11RHI: D3D11 adapters:
[2017.06.15-16.43.15:396][  0]LogD3D11RHI:    0. 'NVIDIA GeForce GTX 1070' (Feature Level 11_0)
[2017.06.15-16.43.15:396][  0]LogD3D11RHI:       8145/0/8147 MB DedicatedVideo/DedicatedSystem/SharedSystem, Outputs:1, VendorId:0x10de
[2017.06.15-16.43.15:405][  0]LogD3D11RHI:    1. 'Microsoft Basic Render Driver' (Feature Level 11_0)
[2017.06.15-16.43.15:405][  0]LogD3D11RHI:       0/0/8147 MB DedicatedVideo/DedicatedSystem/SharedSystem, Outputs:0, VendorId:0x1414
[2017.06.15-16.43.15:405][  0]LogD3D11RHI: Chosen D3D11 Adapter: 0
[2017.06.15-16.43.15:412][  0]LogD3D11RHI: Creating new Direct3DDevice
[2017.06.15-16.43.15:412][  0]LogD3D11RHI:     GPU DeviceId: 0x1b81 (for the marketing name, search the web for "GPU Device Id")
[2017.06.15-16.43.15:412][  0]LogWindows: EnumDisplayDevices:
[2017.06.15-16.43.15:412][  0]LogWindows:    0. 'NVIDIA GeForce GTX 1070' (P:1 D:1)
[2017.06.15-16.43.15:412][  0]LogWindows:    1. 'NVIDIA GeForce GTX 1070' (P:0 D:0)
[2017.06.15-16.43.15:413][  0]LogWindows:    2. 'NVIDIA GeForce GTX 1070' (P:0 D:0)
[2017.06.15-16.43.15:413][  0]LogWindows:    3. 'NVIDIA GeForce GTX 1070' (P:0 D:0)
[2017.06.15-16.43.15:413][  0]LogWindows: DebugString: FoundDriverCount:4 
[2017.06.15-16.43.15:413][  0]LogD3D11RHI:     Adapter Name: NVIDIA GeForce GTX 1070
[2017.06.15-16.43.15:413][  0]LogD3D11RHI:   Driver Version: 376.51 (internal:21.21.13.7651, unified:376.51)
[2017.06.15-16.43.15:413][  0]LogD3D11RHI:      Driver Date: 12-25-2016
[2017.06.15-16.43.15:413][  0]LogRHI: Texture pool is 1361 MB (70% of 1945 MB)
[2017.06.15-16.43.15:922][  0]LogD3D11RHI: Async texture creation enabled
[2017.06.15-16.43.15:974][  0]LogD3D11RHI: GPU Timing Frequency: 1000.000000 (Debug: 2 1)
[2017.06.15-16.43.16:019][  0]LogShaderCompilers: Guid format shader working directory is 21 characters bigger than the processId version (G:/Git/VR_Battle/Battle/Intermediate/Shaders/WorkingDirectory/10112/).
[2017.06.15-16.43.16:020][  0]LogShaderCompilers: Cleaned the shader compiler working directory 'C:/Users/User/AppData/Local/Temp/UnrealShaderWorkingDir/1BEDD0D6413044735EBD1A8DA7F710B7/'.
[2017.06.15-16.43.16:020][  0]LogShaderCompilers:Display: Using Local Shader Compiler.
[2017.06.15-16.43.17:091][  0]LogTemp:Display: Loaded TP AllDesktopTargetPlatform
[2017.06.15-16.43.17:131][  0]LogTemp:Display: Loaded TP MacClientTargetPlatform
[2017.06.15-16.43.17:172][  0]LogTemp:Display: Loaded TP MacNoEditorTargetPlatform
[2017.06.15-16.43.17:215][  0]LogTemp:Display: Loaded TP MacServerTargetPlatform
[2017.06.15-16.43.17:257][  0]LogTemp:Display: Loaded TP MacTargetPlatform
[2017.06.15-16.43.17:299][  0]LogTemp:Display: Loaded TP WindowsClientTargetPlatform
[2017.06.15-16.43.17:340][  0]LogTemp:Display: Loaded TP WindowsNoEditorTargetPlatform
[2017.06.15-16.43.17:386][  0]LogTemp:Display: Loaded TP WindowsServerTargetPlatform
[2017.06.15-16.43.17:423][  0]LogTemp:Display: Loaded TP WindowsTargetPlatform
[2017.06.15-16.43.17:461][  0]LogTemp:Display: Loaded TP AndroidTargetPlatform
[2017.06.15-16.43.17:500][  0]LogTemp:Display: Loaded TP Android_ASTCTargetPlatform
[2017.06.15-16.43.17:541][  0]LogTemp:Display: Loaded TP Android_ATCTargetPlatform
[2017.06.15-16.43.17:579][  0]LogTemp:Display: Loaded TP Android_DXTTargetPlatform
[2017.06.15-16.43.17:616][  0]LogTemp:Display: Loaded TP Android_ETC1TargetPlatform
[2017.06.15-16.43.17:655][  0]LogTemp:Display: Loaded TP Android_ETC2TargetPlatform
[2017.06.15-16.43.17:734][  0]LogTemp:Display: Loaded TP Android_MultiTargetPlatform
[2017.06.15-16.43.17:734][  0]LogTemp:Display: Loaded TP Android_PVRTCTargetPlatform
[2017.06.15-16.43.17:765][  0]LogTemp:Display: Loaded TP HTML5TargetPlatform
[2017.06.15-16.43.17:858][  0]LogTemp:Display: Loaded TP IOSTargetPlatform
[2017.06.15-16.43.17:885][  0]LogTemp:Display: Loaded TP TVOSTargetPlatform
[2017.06.15-16.43.17:925][  0]LogTemp:Display: Loaded TP LinuxClientTargetPlatform
[2017.06.15-16.43.17:964][  0]LogTemp:Display: Loaded TP LinuxNoEditorTargetPlatform
[2017.06.15-16.43.18:003][  0]LogTemp:Display: Loaded TP LinuxServerTargetPlatform
[2017.06.15-16.43.18:044][  0]LogTemp:Display: Loaded TP LinuxTargetPlatform
[2017.06.15-16.43.18:044][  0]LogTargetPlatformManager:Display: Building Assets For Windows
[2017.06.15-16.43.18:581][  0]LogDerivedDataCache:Display: Max Cache Size: 512 MB
[2017.06.15-16.43.18:680][  0]LogDerivedDataCache: Loaded boot cache 0.10s 90MB C:/Users/User/AppData/Local/UnrealEngine/4.16/DerivedDataCache/Boot.ddc.
[2017.06.15-16.43.18:681][  0]LogDerivedDataCache:Display: Loaded Boot cache: C:/Users/User/AppData/Local/UnrealEngine/4.16/DerivedDataCache/Boot.ddc
[2017.06.15-16.43.18:681][  0]LogDerivedDataCache: FDerivedDataBackendGraph:  Pak pak cache file G:/Git/VR_Battle/Battle/DerivedDataCache/DDC.ddp not found, will not use a pak cache.
[2017.06.15-16.43.18:681][  0]LogDerivedDataCache: Unable to find inner node Pak for hierarchical cache Hierarchy.
[2017.06.15-16.43.18:681][  0]LogDerivedDataCache: FDerivedDataBackendGraph:  CompressedPak pak cache file G:/Git/VR_Battle/Battle/DerivedDataCache/Compressed.ddp not found, will not use a pak cache.
[2017.06.15-16.43.18:681][  0]LogDerivedDataCache: Unable to find inner node CompressedPak for hierarchical cache Hierarchy.
[2017.06.15-16.43.18:696][  0]LogDerivedDataCache:Display: Pak cache opened for reading ../../../Engine/DerivedDataCache/Compressed.ddp.
[2017.06.15-16.43.18:710][  0]LogDerivedDataCache: Using Local data cache path C:/Users/User/AppData/Local/UnrealEngine/Common/DerivedDataCache: Writable
[2017.06.15-16.43.18:721][  0]LogMaterial: Verifying Global Shaders for PCD3D_SM5
[2017.06.15-16.43.18:722][  0]LogSlate: Using Freetype 2.6.0
[2017.06.15-16.43.18:723][  0]LogSlate: SlateFontCache - WITH_FREETYPE: 1, WITH_HARFBUZZ: 1
[2017.06.15-16.43.18:723][  0]LogSlate: SlateFontCache - WITH_FREETYPE: 1, WITH_HARFBUZZ: 1
[2017.06.15-16.43.18:986][  0]LogInit: Selected Device Profile: [Windows]
[2017.06.15-16.43.19:057][  0]LogContentStreaming: Texture pool size is 0.00 MB
[2017.06.15-16.43.19:198][  0]LogMeshUtilities: Using QuadricMeshReduction for automatic static mesh reduction
[2017.06.15-16.43.19:243][  0]LogSimplygon: Simplygon DLL not present - disabling.
[2017.06.15-16.43.19:284][  0]LogMeshUtilities: Using SimplygonSwarm for distributed automatic mesh merging
[2017.06.15-16.43.19:284][  0]LogMeshUtilities: No automatic skeletal mesh reduction module available
[2017.06.15-16.43.19:284][  0]LogMeshUtilities: No automatic mesh merging module available
[2017.06.15-16.43.19:768][  0]LogNetVersion: Battle , NetCL: 3452394, EngineNetVer: 2, GameNetVer: 0 (Checksum: 3797721630)
[2017.06.15-16.43.19:822][  0]LogAssetRegistry: FAssetRegistry took 0.0270 seconds to start up
[2017.06.15-16.43.19:852][  0]LogPackageLocalizationCache: Processed 4 localized package path(s) for 1 prioritized culture(s) in 0.014104 seconds
[2017.06.15-16.43.19:857][  0]LogUObjectArray: 34194 objects as part of root set at end of initial load.
[2017.06.15-16.43.19:857][  0]LogUObjectAllocator: 7260416 out of 0 bytes used by permanent object pool.
[2017.06.15-16.43.19:857][  0]LogUObjectArray: CloseDisregardForGC: 0/0 objects in disregard for GC pool
[2017.06.15-16.43.19:905][  0]LogInit: WinSock: version 1.1 (2.2), MaxSocks=32767, MaxUdp=65467
[2017.06.15-16.43.22:966][  0]LogTcpMessaging: Initializing TcpMessaging bridge
[2017.06.15-16.43.23:005][  0]LogUdpMessaging: Initializing bridge on interface 0.0.0.0:0 to multicast group 230.0.0.1:6666.
[2017.06.15-16.43.23:635][  0]LogMaterial: Uniform references updated for custom material expression Custom.
[2017.06.15-16.43.23:954][  0]SourceControl: Info Source control is disabled
[2017.06.15-16.43.24:021][  0]SourceControl: Info Source control is disabled
[2017.06.15-16.43.24:063][  0]SourceControl: Info Source control is disabled
[2017.06.15-16.43.24:108][  0]SourceControl: Info Source control is disabled
[2017.06.15-16.43.24:695][  0]LogAndroidPermission: UAndroidPermissionCallbackProxy::GetInstance
[2017.06.15-16.43.25:216][  0]LogEngine: Initializing Engine...
[2017.06.15-16.43.26:445][  0]LogHMD: Failed to initialize OpenVR with code 126
[2017.06.15-16.43.26:662][  0]LogStats: UGameplayTagsManager::ConstructGameplayTagTree: Construct from data asset -  0.000 s
[2017.06.15-16.43.26:662][  0]LogStats: UGameplayTagsManager::ConstructGameplayTagTree: GameplayTagTreeChangedEvent.Broadcast -  0.000 s
[2017.06.15-16.43.26:772][  0]LogAIModule: Creating AISystem for world Untitled
[2017.06.15-16.43.26:793][  0]LogInit: XAudio2 using '喇叭 (Realtek High Definition Audio)' : 2 channels at 48 kHz using 32 bits per sample (channel mask 0x3)
[2017.06.15-16.43.26:867][  0]LogInit: FAudioDevice initialized.
[2017.06.15-16.43.26:925][  0]LogDerivedDataCache: Saved boot cache 0.06s 90MB C:/Users/User/AppData/Local/UnrealEngine/4.16/DerivedDataCache/Boot.ddc.
[2017.06.15-16.43.26:941][  0]LogInit: Texture streaming: Enabled
[2017.06.15-16.43.27:033][  0]LogEngineSessionManager: EngineSessionManager initialized
[2017.06.15-16.43.27:198][  0]LogInit: Transaction tracking system initialized
[2017.06.15-16.43.27:451][  0]BlueprintLog: New page: Editor Load
[2017.06.15-16.43.28:276][  0]LocalizationService: Info Localization service is disabled
[2017.06.15-16.43.28:829][  0]LogConsoleResponse:Display: 
[2017.06.15-16.43.28:969][  0]LogCook:Display: Max memory allowance for cook 16384mb min free memory 0mb
[2017.06.15-16.43.28:969][  0]LogCook:Display: Mobile HDR setting 1
[2017.06.15-16.43.29:787][  0]LogFileCache: Scanning file cache for directory 'G:/Git/VR_Battle/Battle/Content/' took 0.02s
[2017.06.15-16.43.29:827][  0]SourceControl: Info Source control is disabled
[2017.06.15-16.43.29:827][  0]Cmd: MAP LOAD FILE="G:/Git/VR_Battle/Battle/Content/ThirdPersonCPP/Maps/ThirdPersonExampleMap.umap" TEMPLATE=0 SHOWPROGRESS=1 FEATURELEVEL=3
[2017.06.15-16.43.29:828][  0]LightingResults: New page: Lighting Build
[2017.06.15-16.43.29:854][  0]MapCheck: New page: Map Check
[2017.06.15-16.43.29:854][  0]LightingResults: New page: Lighting Build
[2017.06.15-16.43.30:163][  0]LogAIModule: Creating AISystem for world ThirdPersonExampleMap
[2017.06.15-16.43.30:169][  0]LogEditorServer: Finished looking for orphan Actors (0.000 secs)
[2017.06.15-16.43.30:190][  0]Cmd: MAP CHECKDEP NOCLEARLOG
[2017.06.15-16.43.30:230][  0]MapCheck: Info Map check complete: 0 Error(s), 0 Warning(s), took 39.199ms to complete.
[2017.06.15-16.43.30:230][  0]LogFileHelpers: Loading map 'ThirdPersonExampleMap' took 0.403
[2017.06.15-16.43.30:466][  0]LogCrashTracker: Crashtracker disabled due to settings.
[2017.06.15-16.43.30:492][  0]LogCollectionManager: Loaded 0 collections in 0.001373 seconds
[2017.06.15-16.43.30:567][  0]LogFileCache: Scanning file cache for directory 'G:/Git/VR_Battle/Battle/Saved/Collections/' took 0.01s
[2017.06.15-16.43.30:567][  0]LogFileCache: Scanning file cache for directory 'G:/Git/VR_Battle/Battle/Content/Developers/User/Collections/' took 0.01s
[2017.06.15-16.43.30:567][  0]LogFileCache: Scanning file cache for directory 'G:/Git/VR_Battle/Battle/Content/Collections/' took 0.01s
[2017.06.15-16.43.30:567][  0]LogCollectionManager: Rebuilt the GUID cache for 0 collections in 0.000002 seconds
[2017.06.15-16.43.30:577][  0]LogContentBrowser: Native class hierarchy populated in 0.0089 seconds. Added 2336 classes and 495 folders.
[2017.06.15-16.43.30:624][  0]LogContentBrowser: Native class hierarchy updated for 'WidgetCarousel' in 0.0012 seconds. Added 0 classes and 0 folders.
[2017.06.15-16.43.30:656][  0]LogContentBrowser: Native class hierarchy updated for 'AddContentDialog' in 0.0012 seconds. Added 0 classes and 0 folders.
[2017.06.15-16.43.30:659][  0]LogSlate: Took 0.000172 seconds to synchronously load lazily loaded font '../../../Engine/Content/Slate/Fonts/Roboto-Regular.ttf' (155K)
[2017.06.15-16.43.30:661][  0]LogSlate: Took 0.000161 seconds to synchronously load lazily loaded font '../../../Engine/Content/Slate/Fonts/Roboto-Bold.ttf' (160K)
[2017.06.15-16.43.30:750][  0]LogRenderer: Reallocating scene render targets to support 1160x924 NumSamples 1 (Frame:1).
[2017.06.15-16.43.30:881][  0]LogUObjectGlobals:Warning: Failed to find object 'Class None.'
[2017.06.15-16.43.30:943][  0]LogContentBrowser: Native class hierarchy updated for 'HierarchicalLODOutliner' in 0.0012 seconds. Added 1 classes and 2 folders.
[2017.06.15-16.43.30:944][  0]LogLoad: (Engine Initialization) Total time: 19.26 seconds
[2017.06.15-16.43.30:944][  0]LogLoad: (Engine Initialization) Total Blueprint compile time: 0.13 seconds
[2017.06.15-16.43.30:944][  0]LogExternalProfiler: Found external profiler: VSPerf
[2017.06.15-16.43.30:944][  0]LogExternalProfiler: Using external profiler: VSPerf
[2017.06.15-16.43.31:284][  0]LogOcInput: OculusInput pre-init called
[2017.06.15-16.43.31:285][  0]LogHMD: Starting GearVRController plugin
[2017.06.15-16.43.31:304][  0]LogContentStreaming: Texture pool size now 1000 MB
[2017.06.15-16.43.31:629][  1]LogAssetRegistry: Asset discovery search completed in 11.8310 seconds
[2017.06.15-16.43.31:633][  1]LogCollectionManager: Rebuilt the object cache for 0 collections in 0.000000 seconds (found 0 objects)
[2017.06.15-16.43.31:633][  1]LogCollectionManager: Fixed up redirectors for 0 collections in 0.000127 seconds (updated 0 objects)
[2017.06.15-16.44.29:775][259]Candidate modules for hot reload:
[2017.06.15-16.44.29:775][259]  Battle
[2017.06.15-16.44.29:775][259]Launching UnrealBuildTool... [F:/UnrealEngine/Epic Games/UE_4.16/Engine/Binaries/DotNET/UnrealBuildTool.exe Battle -ModuleWithSuffix Battle 8293 Win64 Development -editorrecompile -canskiplink "G:/Git/VR_Battle/Battle/Battle.uproject" ]
[2017.06.15-16.44.29:942][259]Warning: Starting HotReload took  0.2s.
[2017.06.15-16.44.30:668][344]CompilerResultsLog: New page: Compilation - Jun 16, 2017, 8:44:30 AM
[2017.06.15-16.44.30:668][344]CompilerResultsLog: Info Compiling game modules for hot reload
[2017.06.15-16.44.30:668][344]CompilerResultsLog: Info Target is up to date
[2017.06.15-16.44.30:668][344]CompilerResultsLog: Info Total build time: 0.42 seconds (NoActionsToExecute executor: 0.00 seconds)
[2017.06.15-16.44.30:669][344]LogMainFrame: MainFrame: Module compiling took 0.897 seconds
[2017.06.15-16.44.30:686][344]LogContentBrowser: Native class hierarchy populated in 0.0094 seconds. Added 2337 classes and 497 folders.
[2017.06.15-16.44.30:689][344]Display: HotReload took  0.9s.
[2017.06.15-16.44.50:018][585]LogEditorViewport: Clicking on Actor (LMB): EnemyBP_C (EnemyBP)
[2017.06.15-16.44.50:160][585]LogSlate: Took 0.000188 seconds to synchronously load lazily loaded font '../../../Engine/Content/Editor/Slate/Fonts/FontAwesome.ttf' (139K)
[2017.06.15-16.44.50:709][646]LogSlate: Took 0.000205 seconds to synchronously load lazily loaded font '../../../Engine/Content/Editor/Slate/Fonts/Roboto-Italic.ttf' (157K)
[2017.06.15-16.44.53:029][919]LogSlate: Took 0.000168 seconds to synchronously load lazily loaded font '../../../Engine/Content/Slate/Fonts/Roboto-Light.ttf' (159K)
[2017.06.15-16.44.53:350][919]LogContentBrowser: Native class hierarchy updated for 'BlueprintGraph' in 0.0015 seconds. Added 112 classes and 0 folders.
[2017.06.15-16.44.53:896][919]LogSlate: Took 0.000155 seconds to synchronously load lazily loaded font '../../../Engine/Content/Editor/Slate/Fonts/Roboto-BoldCondensed.ttf' (158K)
[2017.06.15-16.46.59:619][166]BlueprintLog: New page: Compile EnemyBP
[2017.06.15-16.47.34:212][285]Candidate modules for hot reload:
[2017.06.15-16.47.34:212][285]  Battle
[2017.06.15-16.47.34:213][285]Launching UnrealBuildTool... [F:/UnrealEngine/Epic Games/UE_4.16/Engine/Binaries/DotNET/UnrealBuildTool.exe Battle -ModuleWithSuffix Battle 7473 Win64 Development -editorrecompile -canskiplink "G:/Git/VR_Battle/Battle/Battle.uproject" ]
[2017.06.15-16.47.34:371][285]Warning: Starting HotReload took  0.2s.
[2017.06.15-16.47.43:813][386]CompilerResultsLog: New page: Compilation - Jun 16, 2017, 8:47:43 AM
[2017.06.15-16.47.43:815][386]CompilerResultsLog: Info Compiling game modules for hot reload
[2017.06.15-16.47.43:815][386]CompilerResultsLog: Info Parsing headers for BattleEditor
[2017.06.15-16.47.43:815][386]CompilerResultsLog: Info   Running UnrealHeaderTool "G:\Git\VR_Battle\Battle\Battle.uproject" "G:\Git\VR_Battle\Battle\Intermediate\Build\Win64\BattleEditor\Development\BattleEditor.uhtmanifest" -LogCmds="loginit warning, logexit warning, logdatabase error" -Unattended -WarningsAsErrors -installed
[2017.06.15-16.47.43:815][386]CompilerResultsLog: Info Reflection code generated for BattleEditor in 5.3712307 seconds
[2017.06.15-16.47.43:815][386]CompilerResultsLog: Info Performing 6 actions (4 in parallel)
[2017.06.15-16.47.43:815][386]CompilerResultsLog: Info Enemy.cpp
[2017.06.15-16.47.43:816][386]CompilerResultsLog: Info VR_Character.cpp
[2017.06.15-16.47.43:816][386]CompilerResultsLog: Info Battle.generated.cpp
[2017.06.15-16.47.43:816][386]CompilerResultsLog:Error: Error g:\git\vr_battle\battle\source\battle\BaseStateComponent.h(29) : warning C4263: 'void UBaseStateComponent::PostEditChangeProperty(FPropertyChangedChainEvent &)': ?????禡???мg???????????O???????????禡
[2017.06.15-16.47.43:816][386]CompilerResultsLog:Error: Error g:\git\vr_battle\battle\source\battle\BaseStateComponent.h(62) : warning C4264: 'void UActorComponent::PostEditChangeProperty(FPropertyChangedEvent &)': ???????O 'UActorComponent' ???????????禡?S???мg; ?禡?w?Q????
[2017.06.15-16.47.43:816][386]CompilerResultsLog:Error: Error F:\UnrealEngine\Epic Games\UE_4.16\Engine\Source\Runtime\Engine\Classes\Components/ActorComponent.h(762) : note: ?аѾ\ 'UActorComponent::PostEditChangeProperty' ???ŧi
[2017.06.15-16.47.43:816][386]CompilerResultsLog:Error: Error F:\UnrealEngine\Epic Games\UE_4.16\Engine\Source\Runtime\Engine\Classes\Engine/BlueprintGeneratedClass.h(16) : note: ?аѾ\ 'UActorComponent' ???ŧi
[2017.06.15-16.47.43:816][386]CompilerResultsLog:Error: Error g:\git\vr_battle\battle\source\battle\BaseStateComponent.h(29) : warning C4263: 'void UBaseStateComponent::PostEditChangeProperty(FPropertyChangedChainEvent &)': ?????禡???мg???????????O???????????禡
[2017.06.15-16.47.43:816][386]CompilerResultsLog:Error: Error g:\git\vr_battle\battle\source\battle\BaseStateComponent.h(62) : warning C4264: 'void UActorComponent::PostEditChangeProperty(FPropertyChangedEvent &)': ???????O 'UActorComponent' ???????????禡?S???мg; ?禡?w?Q????
[2017.06.15-16.47.43:816][386]CompilerResultsLog:Error: Error F:\UnrealEngine\Epic Games\UE_4.16\Engine\Source\Runtime\Engine\Classes\Components/ActorComponent.h(762) : note: ?аѾ\ 'UActorComponent::PostEditChangeProperty' ???ŧi
[2017.06.15-16.47.43:816][386]CompilerResultsLog:Error: Error F:\UnrealEngine\Epic Games\UE_4.16\Engine\Source\Runtime\Engine\Classes\Engine/BlueprintGeneratedClass.h(16) : note: ?аѾ\ 'UActorComponent' ???ŧi
[2017.06.15-16.47.43:817][386]CompilerResultsLog: Info BaseStateComponent.cpp
[2017.06.15-16.47.43:817][386]CompilerResultsLog:Error: Error g:\git\vr_battle\battle\source\battle\BaseStateComponent.h(29) : warning C4263: 'void UBaseStateComponent::PostEditChangeProperty(FPropertyChangedChainEvent &)': ?????禡???мg???????????O???????????禡
[2017.06.15-16.47.43:817][386]CompilerResultsLog:Error: Error g:\git\vr_battle\battle\source\battle\BaseStateComponent.h(62) : warning C4264: 'void UActorComponent::PostEditChangeProperty(FPropertyChangedEvent &)': ???????O 'UActorComponent' ???????????禡?S???мg; ?禡?w?Q????
[2017.06.15-16.47.43:817][386]CompilerResultsLog:Error: Error F:\UnrealEngine\Epic Games\UE_4.16\Engine\Source\Runtime\Engine\Classes\Components/ActorComponent.h(762) : note: ?аѾ\ 'UActorComponent::PostEditChangeProperty' ???ŧi
[2017.06.15-16.47.43:817][386]CompilerResultsLog:Error: Error F:\UnrealEngine\Epic Games\UE_4.16\Engine\Source\Runtime\Engine\Classes\Engine/BlueprintGeneratedClass.h(16) : note: ?аѾ\ 'UActorComponent' ???ŧi
[2017.06.15-16.47.43:817][386]CompilerResultsLog:Error: Error G:\Git\VR_Battle\Battle\Source\Battle\BaseStateComponent.h(29) : warning C4263: 'void UBaseStateComponent::PostEditChangeProperty(FPropertyChangedChainEvent &)': ?????禡???мg???????????O???????????禡
[2017.06.15-16.47.43:817][386]CompilerResultsLog:Error: Error G:\Git\VR_Battle\Battle\Source\Battle\BaseStateComponent.h(62) : warning C4264: 'void UActorComponent::PostEditChangeProperty(FPropertyChangedEvent &)': ???????O 'UActorComponent' ???????????禡?S???мg; ?禡?w?Q????
[2017.06.15-16.47.43:817][386]CompilerResultsLog:Error: Error F:\UnrealEngine\Epic Games\UE_4.16\Engine\Source\Runtime\Engine\Classes\Components/ActorComponent.h(762) : note: ?аѾ\ 'UActorComponent::PostEditChangeProperty' ???ŧi
[2017.06.15-16.47.43:817][386]CompilerResultsLog:Error: Error F:\UnrealEngine\Epic Games\UE_4.16\Engine\Source\Runtime\Engine\Classes\Engine/BlueprintGeneratedClass.h(16) : note: ?аѾ\ 'UActorComponent' ???ŧi
[2017.06.15-16.47.43:817][386]CompilerResultsLog: Info [5/6] Link UE4Editor-Battle-7473.dll
[2017.06.15-16.47.43:817][386]CompilerResultsLog: Info [6/6] Link UE4Editor-Battle-7473.lib
[2017.06.15-16.47.43:817][386]CompilerResultsLog: Info    ???b?إߵ{???w G:\Git\VR_Battle\Battle\Intermediate\Build\Win64\UE4Editor\Development\UE4Editor-Battle-7473.suppressed.lib ?M???? G:\Git\VR_Battle\Battle\Intermediate\Build\Win64\UE4Editor\Development\UE4Editor-Battle-7473.suppressed.exp
[2017.06.15-16.47.43:817][386]CompilerResultsLog: Info    ???b?إߵ{???w G:\Git\VR_Battle\Battle\Intermediate\Build\Win64\UE4Editor\Development\UE4Editor-Battle-7473.lib ?M???? G:\Git\VR_Battle\Battle\Intermediate\Build\Win64\UE4Editor\Development\UE4Editor-Battle-7473.exp
[2017.06.15-16.47.43:817][386]CompilerResultsLog: Info Total build time: 8.94 seconds (Local executor: 3.08 seconds)
[2017.06.15-16.47.43:817][386]LogMainFrame: MainFrame: Module compiling took 9.610 seconds
[2017.06.15-16.47.43:878][386]LogClass: Could not find existing class BaseStateComponent in package /Script/Battle for HotReload, assuming new class
[2017.06.15-16.47.43:879][386]LogClass: Function CaculaterDamage is new.
[2017.06.15-16.47.43:879][386]LogClass: Function CusorDamage is new.
[2017.06.15-16.47.43:888][386]LogHotReload: Re-instancing BaseStateComponent after hot-reload.
[2017.06.15-16.47.43:962][386]LogContentBrowser: Native class hierarchy updated for 'Battle' in 0.0014 seconds. Added 6 classes and 2 folders.
[2017.06.15-16.47.43:965][386]Display: HotReload successful (0 functions remapped  0 scriptstructs remapped)
[2017.06.15-16.47.44:248][386]LogContentBrowser: Native class hierarchy populated in 0.0111 seconds. Added 2337 classes and 497 folders.
[2017.06.15-16.47.44:252][386]Display: HotReload took 10.1s.
[2017.06.15-16.50.38:931][916]Candidate modules for hot reload:
[2017.06.15-16.50.38:931][916]  Battle
[2017.06.15-16.50.38:931][916]Launching UnrealBuildTool... [F:/UnrealEngine/Epic Games/UE_4.16/Engine/Binaries/DotNET/UnrealBuildTool.exe Battle -ModuleWithSuffix Battle 6566 Win64 Development -editorrecompile -canskiplink "G:/Git/VR_Battle/Battle/Battle.uproject" ]
[2017.06.15-16.50.39:128][916]Warning: Starting HotReload took  0.2s.
[2017.06.15-16.50.48:979][100]CompilerResultsLog: New page: Compilation - Jun 16, 2017, 8:50:48 AM
[2017.06.15-16.50.48:981][100]CompilerResultsLog: Info Compiling game modules for hot reload
[2017.06.15-16.50.48:981][100]CompilerResultsLog: Info Parsing headers for BattleEditor
[2017.06.15-16.50.48:981][100]CompilerResultsLog: Info   Running UnrealHeaderTool "G:\Git\VR_Battle\Battle\Battle.uproject" "G:\Git\VR_Battle\Battle\Intermediate\Build\Win64\BattleEditor\Development\BattleEditor.uhtmanifest" -LogCmds="loginit warning, logexit warning, logdatabase error" -Unattended -WarningsAsErrors -installed
[2017.06.15-16.50.48:981][100]CompilerResultsLog: Info Reflection code generated for BattleEditor in 5.4764331 seconds
[2017.06.15-16.50.48:981][100]CompilerResultsLog: Info Performing 6 actions (4 in parallel)
[2017.06.15-16.50.48:981][100]CompilerResultsLog: Info BaseStateComponent.cpp
[2017.06.15-16.50.48:981][100]CompilerResultsLog: Info Battle.generated.cpp
[2017.06.15-16.50.48:981][100]CompilerResultsLog: Info VR_Character.cpp
[2017.06.15-16.50.48:981][100]CompilerResultsLog:Error: Error g:\git\vr_battle\battle\source\battle\BaseStateComponent.h(30) : warning C4263: 'void UBaseStateComponent::PostEditChangeProperty(FPropertyChangedChainEvent &)': ?????禡???мg???????????O???????????禡
[2017.06.15-16.50.48:981][100]CompilerResultsLog:Error: Error g:\git\vr_battle\battle\source\battle\BaseStateComponent.h(63) : warning C4264: 'void UActorComponent::PostEditChangeProperty(FPropertyChangedEvent &)': ???????O 'UActorComponent' ???????????禡?S???мg; ?禡?w?Q????
[2017.06.15-16.50.48:982][100]CompilerResultsLog:Error: Error F:\UnrealEngine\Epic Games\UE_4.16\Engine\Source\Runtime\Engine\Classes\Components/ActorComponent.h(762) : note: ?аѾ\ 'UActorComponent::PostEditChangeProperty' ???ŧi
[2017.06.15-16.50.48:982][100]CompilerResultsLog:Error: Error F:\UnrealEngine\Epic Games\UE_4.16\Engine\Source\Runtime\Engine\Classes\Engine/BlueprintGeneratedClass.h(16) : note: ?аѾ\ 'UActorComponent' ???ŧi
[2017.06.15-16.50.48:982][100]CompilerResultsLog:Error: Error g:\git\vr_battle\battle\source\battle\BaseStateComponent.h(30) : warning C4263: 'void UBaseStateComponent::PostEditChangeProperty(FPropertyChangedChainEvent &)': ?????禡???мg???????????O???????????禡
[2017.06.15-16.50.48:982][100]CompilerResultsLog:Error: Error g:\git\vr_battle\battle\source\battle\BaseStateComponent.h(63) : warning C4264: 'void UActorComponent::PostEditChangeProperty(FPropertyChangedEvent &)': ???????O 'UActorComponent' ???????????禡?S???мg; ?禡?w?Q????
[2017.06.15-16.50.48:982][100]CompilerResultsLog:Error: Error F:\UnrealEngine\Epic Games\UE_4.16\Engine\Source\Runtime\Engine\Classes\Components/ActorComponent.h(762) : note: ?аѾ\ 'UActorComponent::PostEditChangeProperty' ???ŧi
[2017.06.15-16.50.48:982][100]CompilerResultsLog:Error: Error F:\UnrealEngine\Epic Games\UE_4.16\Engine\Source\Runtime\Engine\Classes\Engine/BlueprintGeneratedClass.h(16) : note: ?аѾ\ 'UActorComponent' ???ŧi
[2017.06.15-16.50.48:982][100]CompilerResultsLog: Info Enemy.cpp
[2017.06.15-16.50.48:982][100]CompilerResultsLog:Error: Error G:\Git\VR_Battle\Battle\Source\Battle\BaseStateComponent.h(30) : warning C4263: 'void UBaseStateComponent::PostEditChangeProperty(FPropertyChangedChainEvent &)': ?????禡???мg???????????O???????????禡
[2017.06.15-16.50.48:982][100]CompilerResultsLog:Error: Error G:\Git\VR_Battle\Battle\Source\Battle\BaseStateComponent.h(63) : warning C4264: 'void UActorComponent::PostEditChangeProperty(FPropertyChangedEvent &)': ???????O 'UActorComponent' ???????????禡?S???мg; ?禡?w?Q????
[2017.06.15-16.50.48:982][100]CompilerResultsLog:Error: Error F:\UnrealEngine\Epic Games\UE_4.16\Engine\Source\Runtime\Engine\Classes\Components/ActorComponent.h(762) : note: ?аѾ\ 'UActorComponent::PostEditChangeProperty' ???ŧi
[2017.06.15-16.50.48:982][100]CompilerResultsLog:Error: Error F:\UnrealEngine\Epic Games\UE_4.16\Engine\Source\Runtime\Engine\Classes\Engine/BlueprintGeneratedClass.h(16) : note: ?аѾ\ 'UActorComponent' ???ŧi
[2017.06.15-16.50.48:983][100]CompilerResultsLog:Error: Error g:\git\vr_battle\battle\source\battle\BaseStateComponent.h(30) : warning C4263: 'void UBaseStateComponent::PostEditChangeProperty(FPropertyChangedChainEvent &)': ?????禡???мg???????????O???????????禡
[2017.06.15-16.50.48:983][100]CompilerResultsLog:Error: Error g:\git\vr_battle\battle\source\battle\BaseStateComponent.h(63) : warning C4264: 'void UActorComponent::PostEditChangeProperty(FPropertyChangedEvent &)': ???????O 'UActorComponent' ???????????禡?S???мg; ?禡?w?Q????
[2017.06.15-16.50.48:983][100]CompilerResultsLog:Error: Error F:\UnrealEngine\Epic Games\UE_4.16\Engine\Source\Runtime\Engine\Classes\Components/ActorComponent.h(762) : note: ?аѾ\ 'UActorComponent::PostEditChangeProperty' ???ŧi
[2017.06.15-16.50.48:983][100]CompilerResultsLog:Error: Error F:\UnrealEngine\Epic Games\UE_4.16\Engine\Source\Runtime\Engine\Classes\Engine/BlueprintGeneratedClass.h(16) : note: ?аѾ\ 'UActorComponent' ???ŧi
[2017.06.15-16.50.48:983][100]CompilerResultsLog: Info [5/6] Link UE4Editor-Battle-6566.dll
[2017.06.15-16.50.48:983][100]CompilerResultsLog: Info [6/6] Link UE4Editor-Battle-6566.lib
[2017.06.15-16.50.48:983][100]CompilerResultsLog: Info    ???b?إߵ{???w G:\Git\VR_Battle\Battle\Intermediate\Build\Win64\UE4Editor\Development\UE4Editor-Battle-6566.suppressed.lib ?M???? G:\Git\VR_Battle\Battle\Intermediate\Build\Win64\UE4Editor\Development\UE4Editor-Battle-6566.suppressed.exp
[2017.06.15-16.50.48:983][100]CompilerResultsLog: Info    ???b?إߵ{???w G:\Git\VR_Battle\Battle\Intermediate\Build\Win64\UE4Editor\Development\UE4Editor-Battle-6566.lib ?M???? G:\Git\VR_Battle\Battle\Intermediate\Build\Win64\UE4Editor\Development\UE4Editor-Battle-6566.exp
[2017.06.15-16.50.48:983][100]CompilerResultsLog: Info Total build time: 9.44 seconds (Local executor: 3.47 seconds)
[2017.06.15-16.50.48:983][100]LogMainFrame: MainFrame: Module compiling took 10.056 seconds
[2017.06.15-16.50.49:071][100]LogClass: Could not find existing class BaseStateComponent in package /Script/Battle for HotReload, assuming new class
[2017.06.15-16.50.49:071][100]LogClass: Function CaculaterDamage is new.
[2017.06.15-16.50.49:072][100]LogClass: Function CusorDamage is new.
[2017.06.15-16.50.49:072][100]LogClass: Function UpdateState is new.
[2017.06.15-16.50.49:086][100]LogHotReload: Re-instancing BaseStateComponent after hot-reload.
[2017.06.15-16.50.49:169][100]LogContentBrowser: Native class hierarchy updated for 'Battle' in 0.0012 seconds. Added 6 classes and 2 folders.
[2017.06.15-16.50.49:172][100]Display: HotReload successful (0 functions remapped  0 scriptstructs remapped)
[2017.06.15-16.50.49:441][100]LogContentBrowser: Native class hierarchy populated in 0.0091 seconds. Added 2337 classes and 497 folders.
[2017.06.15-16.50.49:446][100]Display: HotReload took 10.5s.
[2017.06.15-16.51.12:691][ 12]BlueprintLog: New page: Compile EnemyBP
[2017.06.15-16.51.14:010][ 69]LogSavePackage: Save=24.73ms
[2017.06.15-16.51.14:010][ 69]LogSavePackage: Moving 'G:/Git/VR_Battle/Battle/Saved/EnemyBPDC08E00C4A9C239EF942DBADEA9FA633.tmp' to 'G:/Git/VR_Battle/Battle/Content/InfinityBladeAdversaries/Enemy/Enemy_Frost_Giant/EnemyBP.uasset'
[2017.06.15-16.51.14:012][ 69]LogSavePackage:Display: Finished SavePackage G:/Git/VR_Battle/Battle/Content/InfinityBladeAdversaries/Enemy/Enemy_Frost_Giant/EnemyBP.uasset
[2017.06.15-16.51.17:408][364]BlueprintLog: New page: Compile EnemyBP
[2017.06.15-16.51.20:786][605]LogSavePackage: Save=25.08ms
[2017.06.15-16.51.20:786][605]LogSavePackage: Moving 'G:/Git/VR_Battle/Battle/Saved/EnemyBP903359DF4EC59C7CF3888584C1C80C5D.tmp' to 'G:/Git/VR_Battle/Battle/Content/InfinityBladeAdversaries/Enemy/Enemy_Frost_Giant/EnemyBP.uasset'
[2017.06.15-16.51.20:789][605]LogSavePackage:Display: Finished SavePackage G:/Git/VR_Battle/Battle/Content/InfinityBladeAdversaries/Enemy/Enemy_Frost_Giant/EnemyBP.uasset
[2017.06.15-16.51.24:356][925]LogSavePackage: Save=27.14ms
[2017.06.15-16.51.24:356][925]LogSavePackage: Moving 'G:/Git/VR_Battle/Battle/Saved/EnemyBP556A4D2540F481C47F2398B0CED52C3E.tmp' to 'G:/Git/VR_Battle/Battle/Content/InfinityBladeAdversaries/Enemy/Enemy_Frost_Giant/EnemyBP.uasset'
[2017.06.15-16.51.24:359][925]LogSavePackage:Display: Finished SavePackage G:/Git/VR_Battle/Battle/Content/InfinityBladeAdversaries/Enemy/Enemy_Frost_Giant/EnemyBP.uasset
[2017.06.15-16.52.24:408][407]Candidate modules for hot reload:
[2017.06.15-16.52.24:408][407]  Battle
[2017.06.15-16.52.24:409][407]Launching UnrealBuildTool... [F:/UnrealEngine/Epic Games/UE_4.16/Engine/Binaries/DotNET/UnrealBuildTool.exe Battle -ModuleWithSuffix Battle 9152 Win64 Development -editorrecompile -canskiplink "G:/Git/VR_Battle/Battle/Battle.uproject" ]
[2017.06.15-16.52.24:551][407]Warning: Starting HotReload took  0.2s.
[2017.06.15-16.52.34:181][684]CompilerResultsLog: New page: Compilation - Jun 16, 2017, 8:52:34 AM
[2017.06.15-16.52.34:181][684]CompilerResultsLog: Info Compiling game modules for hot reload
[2017.06.15-16.52.34:181][684]CompilerResultsLog: Info Parsing headers for BattleEditor
[2017.06.15-16.52.34:182][684]CompilerResultsLog: Info   Running UnrealHeaderTool "G:\Git\VR_Battle\Battle\Battle.uproject" "G:\Git\VR_Battle\Battle\Intermediate\Build\Win64\BattleEditor\Development\BattleEditor.uhtmanifest" -LogCmds="loginit warning, logexit warning, logdatabase error" -Unattended -WarningsAsErrors -installed
[2017.06.15-16.52.34:182][684]CompilerResultsLog: Info Reflection code generated for BattleEditor in 5.6255506 seconds
[2017.06.15-16.52.34:182][684]CompilerResultsLog: Info Performing 6 actions (4 in parallel)
[2017.06.15-16.52.34:182][684]CompilerResultsLog: Info Battle.generated.cpp
[2017.06.15-16.52.34:182][684]CompilerResultsLog: Info Enemy.cpp
[2017.06.15-16.52.34:182][684]CompilerResultsLog: Info VR_Character.cpp
[2017.06.15-16.52.34:182][684]CompilerResultsLog: Info BaseStateComponent.cpp
[2017.06.15-16.52.34:183][684]CompilerResultsLog: Info [5/6] Link UE4Editor-Battle-9152.dll
[2017.06.15-16.52.34:183][684]CompilerResultsLog: Info [6/6] Link UE4Editor-Battle-9152.lib
[2017.06.15-16.52.34:183][684]CompilerResultsLog: Info    ???b?إߵ{???w G:\Git\VR_Battle\Battle\Intermediate\Build\Win64\UE4Editor\Development\UE4Editor-Battle-9152.suppressed.lib ?M???? G:\Git\VR_Battle\Battle\Intermediate\Build\Win64\UE4Editor\Development\UE4Editor-Battle-9152.suppressed.exp
[2017.06.15-16.52.34:183][684]CompilerResultsLog: Info    ???b?إߵ{???w G:\Git\VR_Battle\Battle\Intermediate\Build\Win64\UE4Editor\Development\UE4Editor-Battle-9152.lib ?M???? G:\Git\VR_Battle\Battle\Intermediate\Build\Win64\UE4Editor\Development\UE4Editor-Battle-9152.exp
[2017.06.15-16.52.34:183][684]CompilerResultsLog: Info Total build time: 9.17 seconds (Local executor: 3.05 seconds)
[2017.06.15-16.52.34:183][684]LogMainFrame: MainFrame: Module compiling took 9.782 seconds
[2017.06.15-16.52.34:247][684]LogContentBrowser: Native class hierarchy updated for 'Battle' in 0.0012 seconds. Added 6 classes and 2 folders.
[2017.06.15-16.52.34:250][684]Display: HotReload successful (3 functions remapped  0 scriptstructs remapped)
[2017.06.15-16.52.34:487][684]LogContentBrowser: Native class hierarchy populated in 0.0093 seconds. Added 2337 classes and 497 folders.
[2017.06.15-16.52.34:491][684]Display: HotReload took 10.1s.
[2017.06.15-16.52.54:022][345]BlueprintLog: New page: Compile EnemyBP
[2017.06.15-16.52.55:335][402]LogSavePackage: Save=25.50ms
[2017.06.15-16.52.55:336][402]LogSavePackage: Moving 'G:/Git/VR_Battle/Battle/Saved/EnemyBP2B08C6974B1684432A2FA1A3DE18A61B.tmp' to 'G:/Git/VR_Battle/Battle/Content/InfinityBladeAdversaries/Enemy/Enemy_Frost_Giant/EnemyBP.uasset'
[2017.06.15-16.52.55:338][402]LogSavePackage:Display: Finished SavePackage G:/Git/VR_Battle/Battle/Content/InfinityBladeAdversaries/Enemy/Enemy_Frost_Giant/EnemyBP.uasset
[2017.06.15-16.53.22:393][352]LogSlate: Took 0.000155 seconds to synchronously load lazily loaded font '../../../Engine/Content/Slate/Fonts/Roboto-Light.ttf' (159K)
[2017.06.15-16.53.31:537][379]LogSavePackage: Save=107.32ms
[2017.06.15-16.53.31:537][379]LogSavePackage: Moving 'G:/Git/VR_Battle/Battle/Saved/ThirdPersonExampleMap_Auto18AF3DC5F42421EAC6C1D7097E3BE63D4.tmp' to 'G:/Git/VR_Battle/Battle/Saved/Autosaves/Game/ThirdPersonCPP/Maps/ThirdPersonExampleMap_Auto1.umap'
[2017.06.15-16.53.31:538][379]LogSavePackage:Display: Finished SavePackage G:/Git/VR_Battle/Battle/Saved/Autosaves/Game/ThirdPersonCPP/Maps/ThirdPersonExampleMap_Auto1.umap
[2017.06.15-16.53.31:546][379]LogFileHelpers: Editor autosave (incl. sublevels) for '/Game/ThirdPersonCPP/Maps/ThirdPersonExampleMap' took 0.156
[2017.06.15-16.53.31:546][379]LogFileHelpers: Editor autosave (incl. sublevels) for all levels took 0.156
[2017.06.15-16.53.31:549][379]OBJ SavePackage: Generating thumbnails for [1] asset(s) in package [/Game/InfinityBladeAdversaries/Enemy/Enemy_Frost_Giant/EnemyBP] ([1] browsable assets)...
[2017.06.15-16.53.31:565][379]OBJ SavePackage:     Rendered thumbnail for [Blueprint /Game/InfinityBladeAdversaries/Enemy/Enemy_Frost_Giant/EnemyBP.EnemyBP]
[2017.06.15-16.53.31:565][379]OBJ SavePackage: Finished generating thumbnails for package [/Game/InfinityBladeAdversaries/Enemy/Enemy_Frost_Giant/EnemyBP]
[2017.06.15-16.53.31:594][379]LogSavePackage: Save=25.23ms
[2017.06.15-16.53.31:594][379]LogSavePackage: Moving 'G:/Git/VR_Battle/Battle/Saved/EnemyBP_Auto104FC4B3140360357581B33A5BF201B7F.tmp' to 'G:/Git/VR_Battle/Battle/Saved/Autosaves/Game/InfinityBladeAdversaries/Enemy/Enemy_Frost_Giant/EnemyBP_Auto1.uasset'
[2017.06.15-16.53.31:595][379]LogSavePackage:Display: Finished SavePackage G:/Git/VR_Battle/Battle/Saved/Autosaves/Game/InfinityBladeAdversaries/Enemy/Enemy_Frost_Giant/EnemyBP_Auto1.uasset
[2017.06.15-16.53.31:595][379]LogFileHelpers: Auto-saving content packages took 0.047
[2017.06.15-16.53.46:709][513]Candidate modules for hot reload:
[2017.06.15-16.53.46:709][513]  Battle
[2017.06.15-16.53.46:709][513]Launching UnrealBuildTool... [F:/UnrealEngine/Epic Games/UE_4.16/Engine/Binaries/DotNET/UnrealBuildTool.exe Battle -ModuleWithSuffix Battle 7828 Win64 Development -editorrecompile -canskiplink "G:/Git/VR_Battle/Battle/Battle.uproject" ]
[2017.06.15-16.53.46:848][513]Warning: Starting HotReload took  0.2s.
[2017.06.15-16.53.56:880][ 40]CompilerResultsLog: New page: Compilation - Jun 16, 2017, 8:53:56 AM
[2017.06.15-16.53.56:880][ 40]CompilerResultsLog: Info Compiling game modules for hot reload
[2017.06.15-16.53.56:880][ 40]CompilerResultsLog: Info Parsing headers for BattleEditor
[2017.06.15-16.53.56:880][ 40]CompilerResultsLog: Info   Running UnrealHeaderTool "G:\Git\VR_Battle\Battle\Battle.uproject" "G:\Git\VR_Battle\Battle\Intermediate\Build\Win64\BattleEditor\Development\BattleEditor.uhtmanifest" -LogCmds="loginit warning, logexit warning, logdatabase error" -Unattended -WarningsAsErrors -installed
[2017.06.15-16.53.56:880][ 40]CompilerResultsLog: Info Reflection code generated for BattleEditor in 5.6939879 seconds
[2017.06.15-16.53.56:880][ 40]CompilerResultsLog: Info Performing 6 actions (4 in parallel)
[2017.06.15-16.53.56:881][ 40]CompilerResultsLog: Info Enemy.cpp
[2017.06.15-16.53.56:881][ 40]CompilerResultsLog: Info VR_Character.cpp
[2017.06.15-16.53.56:881][ 40]CompilerResultsLog: Info Battle.generated.cpp
[2017.06.15-16.53.56:881][ 40]CompilerResultsLog: Info BaseStateComponent.cpp
[2017.06.15-16.53.56:881][ 40]CompilerResultsLog: Info [5/6] Link UE4Editor-Battle-7828.dll
[2017.06.15-16.53.56:881][ 40]CompilerResultsLog: Info [6/6] Link UE4Editor-Battle-7828.lib
[2017.06.15-16.53.56:881][ 40]CompilerResultsLog: Info    ???b?إߵ{???w G:\Git\VR_Battle\Battle\Intermediate\Build\Win64\UE4Editor\Development\UE4Editor-Battle-7828.suppressed.lib ?M???? G:\Git\VR_Battle\Battle\Intermediate\Build\Win64\UE4Editor\Development\UE4Editor-Battle-7828.suppressed.exp
[2017.06.15-16.53.56:881][ 40]CompilerResultsLog: Info    ???b?إߵ{???w G:\Git\VR_Battle\Battle\Intermediate\Build\Win64\UE4Editor\Development\UE4Editor-Battle-7828.lib ?M???? G:\Git\VR_Battle\Battle\Intermediate\Build\Win64\UE4Editor\Development\UE4Editor-Battle-7828.exp
[2017.06.15-16.53.56:881][ 40]CompilerResultsLog: Info Total build time: 9.75 seconds (Local executor: 3.57 seconds)
[2017.06.15-16.53.56:881][ 40]LogMainFrame: MainFrame: Module compiling took 10.177 seconds
[2017.06.15-16.53.56:939][ 40]LogClass: Could not find existing class BaseStateComponent in package /Script/Battle for HotReload, assuming new class
[2017.06.15-16.53.56:939][ 40]LogClass: Function CaculaterDamage is new.
[2017.06.15-16.53.56:940][ 40]LogClass: Function CusorDamage is new.
[2017.06.15-16.53.56:940][ 40]LogClass: Function UpdateState is new.
[2017.06.15-16.53.56:950][ 40]LogHotReload: Re-instancing BaseStateComponent after hot-reload.
[2017.06.15-16.53.57:022][ 40]LogContentBrowser: Native class hierarchy updated for 'Battle' in 0.0011 seconds. Added 6 classes and 2 folders.
[2017.06.15-16.53.57:026][ 40]Display: HotReload successful (0 functions remapped  0 scriptstructs remapped)
[2017.06.15-16.53.57:262][ 40]LogContentBrowser: Native class hierarchy populated in 0.0084 seconds. Added 2337 classes and 497 folders.
[2017.06.15-16.53.57:266][ 40]Display: HotReload took 10.6s.
[2017.06.15-16.53.58:565][161]BlueprintLog: New page: Compile EnemyBP
[2017.06.15-16.53.59:305][201]LogSavePackage: Save=24.83ms
[2017.06.15-16.53.59:305][201]LogSavePackage: Moving 'G:/Git/VR_Battle/Battle/Saved/EnemyBPF5C2EC4242F61196867CD7B405D413D7.tmp' to 'G:/Git/VR_Battle/Battle/Content/InfinityBladeAdversaries/Enemy/Enemy_Frost_Giant/EnemyBP.uasset'
[2017.06.15-16.53.59:307][201]LogSavePackage:Display: Finished SavePackage G:/Git/VR_Battle/Battle/Content/InfinityBladeAdversaries/Enemy/Enemy_Frost_Giant/EnemyBP.uasset
[2017.06.15-16.54.12:921][442]BlueprintLog: New page: Compile EnemyBP
[2017.06.15-16.54.13:617][472]LogSavePackage: Save=26.41ms
[2017.06.15-16.54.13:617][472]LogSavePackage: Moving 'G:/Git/VR_Battle/Battle/Saved/EnemyBP391CA1E4460E8FEA2EC5B1B1DB503557.tmp' to 'G:/Git/VR_Battle/Battle/Content/InfinityBladeAdversaries/Enemy/Enemy_Frost_Giant/EnemyBP.uasset'
[2017.06.15-16.54.13:620][472]LogSavePackage:Display: Finished SavePackage G:/Git/VR_Battle/Battle/Content/InfinityBladeAdversaries/Enemy/Enemy_Frost_Giant/EnemyBP.uasset
[2017.06.15-17.02.14:044][893]LogSlate: Took 0.002102 seconds to synchronously load lazily loaded font '../../../Engine/Content/Slate/Fonts/DroidSansFallback.ttf' (3848K)
[2017.06.15-17.02.37:022][ 13]BlueprintLog: New page: Compile EnemyBP
[2017.06.15-17.02.37:866][ 50]LogSavePackage: Save=21.48ms
[2017.06.15-17.02.37:866][ 50]LogSavePackage: Moving 'G:/Git/VR_Battle/Battle/Saved/EnemyBP714E61EB4AA45C00BAD35DB073A3AE24.tmp' to 'G:/Git/VR_Battle/Battle/Content/InfinityBladeAdversaries/Enemy/Enemy_Frost_Giant/EnemyBP.uasset'
[2017.06.15-17.02.37:868][ 50]LogSavePackage:Display: Finished SavePackage G:/Git/VR_Battle/Battle/Content/InfinityBladeAdversaries/Enemy/Enemy_Frost_Giant/EnemyBP.uasset
[2017.06.15-17.05.07:464][603]BlueprintLog: New page: Compile EnemyBP
[2017.06.15-17.05.08:780][652]LogSavePackage: Save=22.58ms
[2017.06.15-17.05.08:780][652]LogSavePackage: Moving 'G:/Git/VR_Battle/Battle/Saved/EnemyBP58705786424156F73B07989CE581AF00.tmp' to 'G:/Git/VR_Battle/Battle/Content/InfinityBladeAdversaries/Enemy/Enemy_Frost_Giant/EnemyBP.uasset'
[2017.06.15-17.05.08:782][652]LogSavePackage:Display: Finished SavePackage G:/Git/VR_Battle/Battle/Content/InfinityBladeAdversaries/Enemy/Enemy_Frost_Giant/EnemyBP.uasset
[2017.06.15-17.07.03:651][944]BlueprintLog: New page: Compile EnemyBP
[2017.06.15-17.07.05:081][  1]LogSavePackage: Save=22.64ms
[2017.06.15-17.07.05:081][  1]LogSavePackage: Moving 'G:/Git/VR_Battle/Battle/Saved/EnemyBPCB55A27C453A28F3E167568E13224D7F.tmp' to 'G:/Git/VR_Battle/Battle/Content/InfinityBladeAdversaries/Enemy/Enemy_Frost_Giant/EnemyBP.uasset'
[2017.06.15-17.07.05:083][  1]LogSavePackage:Display: Finished SavePackage G:/Git/VR_Battle/Battle/Content/InfinityBladeAdversaries/Enemy/Enemy_Frost_Giant/EnemyBP.uasset
[2017.06.15-17.07.40:707][247]LogSavePackage: Save=120.03ms
[2017.06.15-17.07.40:708][247]LogSavePackage: Moving 'G:/Git/VR_Battle/Battle/Saved/ThirdPersonExampleMap_Auto23980568649C35EDEC6AC62AFF021F644.tmp' to 'G:/Git/VR_Battle/Battle/Saved/Autosaves/Game/ThirdPersonCPP/Maps/ThirdPersonExampleMap_Auto2.umap'
[2017.06.15-17.07.40:709][247]LogSavePackage:Display: Finished SavePackage G:/Git/VR_Battle/Battle/Saved/Autosaves/Game/ThirdPersonCPP/Maps/ThirdPersonExampleMap_Auto2.umap
[2017.06.15-17.07.40:712][247]LogFileHelpers: Editor autosave (incl. sublevels) for '/Game/ThirdPersonCPP/Maps/ThirdPersonExampleMap' took 0.155
[2017.06.15-17.07.40:712][247]LogFileHelpers: Editor autosave (incl. sublevels) for all levels took 0.155
[2017.06.15-17.07.40:716][247]OBJ SavePackage: Generating thumbnails for [1] asset(s) in package [/Game/InfinityBladeAdversaries/Enemy/Enemy_Frost_Giant/EnemyBP] ([1] browsable assets)...
[2017.06.15-17.07.40:729][247]OBJ SavePackage:     Rendered thumbnail for [Blueprint /Game/InfinityBladeAdversaries/Enemy/Enemy_Frost_Giant/EnemyBP.EnemyBP]
[2017.06.15-17.07.40:729][247]OBJ SavePackage: Finished generating thumbnails for package [/Game/InfinityBladeAdversaries/Enemy/Enemy_Frost_Giant/EnemyBP]
[2017.06.15-17.07.40:763][247]LogSavePackage: Save=29.76ms
[2017.06.15-17.07.40:763][247]LogSavePackage: Moving 'G:/Git/VR_Battle/Battle/Saved/EnemyBP_Auto2D1EBB0894362E60452E1BF926F7A2ABD.tmp' to 'G:/Git/VR_Battle/Battle/Saved/Autosaves/Game/InfinityBladeAdversaries/Enemy/Enemy_Frost_Giant/EnemyBP_Auto2.uasset'
[2017.06.15-17.07.40:764][247]LogSavePackage:Display: Finished SavePackage G:/Git/VR_Battle/Battle/Saved/Autosaves/Game/InfinityBladeAdversaries/Enemy/Enemy_Frost_Giant/EnemyBP_Auto2.uasset
[2017.06.15-17.07.40:764][247]LogFileHelpers: Auto-saving content packages took 0.049
[2017.06.15-17.07.43:692][598]BlueprintLog: New page: Compile EnemyBP
[2017.06.15-17.07.44:426][638]LogSavePackage: Save=24.02ms
[2017.06.15-17.07.44:426][638]LogSavePackage: Moving 'G:/Git/VR_Battle/Battle/Saved/EnemyBPEA60ACBE402B05A2D2590BA58CA0D0AF.tmp' to 'G:/Git/VR_Battle/Battle/Content/InfinityBladeAdversaries/Enemy/Enemy_Frost_Giant/EnemyBP.uasset'
[2017.06.15-17.07.44:428][638]LogSavePackage:Display: Finished SavePackage G:/Git/VR_Battle/Battle/Content/InfinityBladeAdversaries/Enemy/Enemy_Frost_Giant/EnemyBP.uasset
[2017.06.15-17.07.50:615][ 93]LogSlate: Only BGRA pngs, bmps or icos are supported in by External Image Picker
[2017.06.15-17.07.50:680][ 93]LogTemp: Executing iPhonePackager certificates Engine -bundlename com.YourCompany.Battle
[2017.06.15-17.07.50:680][ 93]LogTemp: CWD: F:\UnrealEngine\Epic Games\UE_4.16\Engine\Binaries\DotNET\IOS
[2017.06.15-17.07.50:680][ 93]LogTemp: Initial Dir: F:\UnrealEngine\Epic Games\UE_4.16
[2017.06.15-17.07.50:680][ 93]LogTemp: Env CWD: F:\UnrealEngine\Epic Games\UE_4.16\Engine\Binaries\DotNET\IOS
[2017.06.15-17.07.50:680][ 93]LogTemp: BranchPath = WINDOWS-ACBHQ9K/F/UnrealEngine/Epic Games/UE_4.16/Engine/Binaries --- GameBranchPath = WINDOWS-ACBHQ9K/F/UnrealEngine/Epic Games/UE_4.16/Engine/Binaries
[2017.06.15-17.07.50:680][ 93]LogTemp: IPP ERROR: Could not find provision directory 'C:\Users\User\AppData\Local/Apple Computer/MobileDevice/Provisioning Profiles/'.
[2017.06.15-17.08.58:828][874]BlueprintLog: New page: Compile EnemyBP
[2017.06.15-17.09.00:153][947]LogSavePackage: Save=22.14ms
[2017.06.15-17.09.00:154][947]LogSavePackage: Moving 'G:/Git/VR_Battle/Battle/Saved/EnemyBP50DA15524E31DEAC2F92AAA0D2423D0C.tmp' to 'G:/Git/VR_Battle/Battle/Content/InfinityBladeAdversaries/Enemy/Enemy_Frost_Giant/EnemyBP.uasset'
[2017.06.15-17.09.00:156][947]LogSavePackage:Display: Finished SavePackage G:/Git/VR_Battle/Battle/Content/InfinityBladeAdversaries/Enemy/Enemy_Frost_Giant/EnemyBP.uasset
[2017.06.15-17.09.11:211][272]LogActorComponent: ReregisterComponent: (/Game/ThirdPersonCPP/Maps/ThirdPersonExampleMap.ThirdPersonExampleMap:PersistentLevel.EnemyBP_2.RightHand) Not currently registered. Aborting.
[2017.06.15-17.09.11:212][272]LogActorComponent: ReregisterComponent: (/Engine/Transient.World_4:PersistentLevel.EnemyBP_C_6.RightHand) Not currently registered. Aborting.
[2017.06.15-17.09.11:212][272]LogActorComponent: ReregisterComponent: (/Engine/Transient.World_5:PersistentLevel.EnemyBP_C_16.RightHand) Not currently registered. Aborting.
[2017.06.15-17.09.11:652][322]LogActorComponent: ReregisterComponent: (/Game/ThirdPersonCPP/Maps/ThirdPersonExampleMap.ThirdPersonExampleMap:PersistentLevel.EnemyBP_2.RightHand) Not currently registered. Aborting.
[2017.06.15-17.09.11:652][322]LogActorComponent: ReregisterComponent: (/Engine/Transient.World_4:PersistentLevel.EnemyBP_C_6.RightHand) Not currently registered. Aborting.
[2017.06.15-17.09.11:652][322]LogActorComponent: ReregisterComponent: (/Engine/Transient.World_5:PersistentLevel.EnemyBP_C_16.RightHand) Not currently registered. Aborting.
[2017.06.15-17.09.28:043][265]LogActorComponent: ReregisterComponent: (/Game/ThirdPersonCPP/Maps/ThirdPersonExampleMap.ThirdPersonExampleMap:PersistentLevel.EnemyBP_2.LeftHand) Not currently registered. Aborting.
[2017.06.15-17.09.28:043][265]LogActorComponent: ReregisterComponent: (/Engine/Transient.World_4:PersistentLevel.EnemyBP_C_6.LeftHand) Not currently registered. Aborting.
[2017.06.15-17.09.28:043][265]LogActorComponent: ReregisterComponent: (/Engine/Transient.World_5:PersistentLevel.EnemyBP_C_16.LeftHand) Not currently registered. Aborting.
[2017.06.15-17.09.28:475][314]LogActorComponent: ReregisterComponent: (/Game/ThirdPersonCPP/Maps/ThirdPersonExampleMap.ThirdPersonExampleMap:PersistentLevel.EnemyBP_2.LeftHand) Not currently registered. Aborting.
[2017.06.15-17.09.28:475][314]LogActorComponent: ReregisterComponent: (/Engine/Transient.World_4:PersistentLevel.EnemyBP_C_6.LeftHand) Not currently registered. Aborting.
[2017.06.15-17.09.28:475][314]LogActorComponent: ReregisterComponent: (/Engine/Transient.World_5:PersistentLevel.EnemyBP_C_16.LeftHand) Not currently registered. Aborting.
[2017.06.15-17.09.30:022][496]BlueprintLog: New page: Compile EnemyBP
[2017.06.15-17.09.30:792][541]LogSavePackage: Save=23.32ms
[2017.06.15-17.09.30:793][541]LogSavePackage: Moving 'G:/Git/VR_Battle/Battle/Saved/EnemyBPDCE86C95451B1DA64E1687AAF86CA520.tmp' to 'G:/Git/VR_Battle/Battle/Content/InfinityBladeAdversaries/Enemy/Enemy_Frost_Giant/EnemyBP.uasset'
[2017.06.15-17.09.30:795][541]LogSavePackage:Display: Finished SavePackage G:/Git/VR_Battle/Battle/Content/InfinityBladeAdversaries/Enemy/Enemy_Frost_Giant/EnemyBP.uasset
[2017.06.15-17.09.32:451][738]LogSlate: Took 0.000141 seconds to synchronously load lazily loaded font '../../../Engine/Content/Slate/Fonts/Roboto-Light.ttf' (159K)
[2017.06.15-17.12.57:046][576]LogSavePackage: Save=127.42ms
[2017.06.15-17.12.57:047][576]LogSavePackage: Moving 'G:/Git/VR_Battle/Battle/Saved/ThirdPersonExampleMap846988C44AB1C851384D94A2B2B6E7D1.tmp' to 'G:/Git/VR_Battle/Battle/Content/ThirdPersonCPP/Maps/ThirdPersonExampleMap.umap'
[2017.06.15-17.12.57:050][576]LogSavePackage:Display: Finished SavePackage G:/Git/VR_Battle/Battle/Content/ThirdPersonCPP/Maps/ThirdPersonExampleMap.umap
[2017.06.15-17.12.57:075][576]LogFileHelpers: Saving map 'ThirdPersonExampleMap' took 0.226
[2017.06.15-17.12.58:408][710]LogActorComponent: UnregisterComponent: (/Engine/Transient.EditorFloorComp) Not registered. Aborting.
[2017.06.15-17.12.58:781][711]Cmd: QUIT_EDITOR
[2017.06.15-17.12.59:023][711]LogWindowsTextInputMethodSystem:Display: IME system now activated using TSF (微軟注音).
[2017.06.15-17.12.59:044][711]LogExit: Preparing to exit.
[2017.06.15-17.13.00:285][711]LogExit: Editor shut down
[2017.06.15-17.13.00:289][711]LogExit: Transaction tracking system shut down
[2017.06.15-17.13.01:164][711]LogObj: Freed 0b from 0 cluster array pools.
[2017.06.15-17.13.01:164][711]LogExit: Object subsystem successfully closed.
[2017.06.15-17.13.01:293][711]LogD3D11RHI: Shutdown
[2017.06.15-17.13.01:294][711]LogD3D11RHI: CleanupD3DDevice
[2017.06.15-17.13.01:394][711]LogD3D11RHI: ~FD3D11DynamicRHI
[2017.06.15-17.13.01:919][711]LogModuleManager: Shutting down and abandoning module ExternalImagePicker (536)
[2017.06.15-17.13.01:919][711]LogModuleManager: Shutting down and abandoning module Battle (534)
[2017.06.15-17.13.01:919][711]LogModuleManager: Shutting down and abandoning module BlueprintGraph (530)
[2017.06.15-17.13.01:919][711]LogModuleManager: Shutting down and abandoning module BlueprintProfiler (528)
[2017.06.15-17.13.01:920][711]LogModuleManager: Shutting down and abandoning module HierarchicalLODOutliner (526)
[2017.06.15-17.13.01:921][711]LogModuleManager: Shutting down and abandoning module AddContentDialog (524)
[2017.06.15-17.13.01:947][711]LogDirectoryWatcher: A directory notification for 'F:/UnrealEngine/Epic Games/UE_4.16/FeaturePacks/' was aborted.
[2017.06.15-17.13.01:949][711]LogModuleManager: Shutting down and abandoning module WidgetCarousel (523)
[2017.06.15-17.13.01:949][711]LogModuleManager: Shutting down and abandoning module EditorWidgets (520)
[2017.06.15-17.13.01:949][711]LogModuleManager: Shutting down and abandoning module CollectionManager (518)
[2017.06.15-17.13.01:949][711]LogDirectoryWatcher: A directory notification for 'G:/Git/VR_Battle/Battle/Content/Collections/' was aborted.
[2017.06.15-17.13.01:949][711]LogDirectoryWatcher: A directory notification for 'G:/Git/VR_Battle/Battle/Content/Developers/User/Collections/' was aborted.
[2017.06.15-17.13.01:950][711]LogDirectoryWatcher: A directory notification for 'G:/Git/VR_Battle/Battle/Saved/Collections/' was aborted.
[2017.06.15-17.13.01:950][711]LogModuleManager: Shutting down and abandoning module CrashTracker (516)
[2017.06.15-17.13.01:950][711]LogModuleManager: Shutting down and abandoning module SceneOutliner (514)
[2017.06.15-17.13.01:950][711]LogModuleManager: Shutting down and abandoning module StatsViewer (512)
[2017.06.15-17.13.01:950][711]LogModuleManager: Shutting down and abandoning module FoliageEdit (510)
[2017.06.15-17.13.01:950][711]LogModuleManager: Shutting down and abandoning module LandscapeEditor (508)
[2017.06.15-17.13.01:966][711]LogModuleManager: Shutting down and abandoning module MeshPaintMode (506)
[2017.06.15-17.13.01:966][711]LogModuleManager: Shutting down and abandoning module SceneDepthPickerMode (504)
[2017.06.15-17.13.01:966][711]LogModuleManager: Shutting down and abandoning module ActorPickerMode (502)
[2017.06.15-17.13.01:966][711]LogModuleManager: Shutting down and abandoning module GeometryMode (500)
[2017.06.15-17.13.01:966][711]LogModuleManager: Shutting down and abandoning module TextureAlignMode (498)
[2017.06.15-17.13.01:966][711]LogModuleManager: Shutting down and abandoning module BspMode (496)
[2017.06.15-17.13.01:974][711]LogModuleManager: Shutting down and abandoning module HardwareSurvey (494)
[2017.06.15-17.13.01:974][711]LogModuleManager: Shutting down and abandoning module SequenceRecorderSections (492)
[2017.06.15-17.13.01:974][711]LogModuleManager: Shutting down and abandoning module AutomationWorker (490)
[2017.06.15-17.13.01:977][711]LogModuleManager: Shutting down and abandoning module MatineeToLevelSequence (488)
[2017.06.15-17.13.01:993][711]LogModuleManager: Shutting down and abandoning module LevelSequenceEditor (486)
[2017.06.15-17.13.02:034][711]LogModuleManager: Shutting down and abandoning module PlacementMode (485)
[2017.06.15-17.13.02:035][711]LogModuleManager: Shutting down and abandoning module WmfMediaFactory (482)
[2017.06.15-17.13.02:035][711]LogModuleManager: Shutting down and abandoning module WmfMediaEditor (480)
[2017.06.15-17.13.02:035][711]LogModuleManager: Shutting down and abandoning module AvfMediaFactory (478)
[2017.06.15-17.13.02:035][711]LogModuleManager: Shutting down and abandoning module AvfMediaEditor (476)
[2017.06.15-17.13.02:035][711]LogModuleManager: Shutting down and abandoning module AndroidMediaFactory (474)
[2017.06.15-17.13.02:035][711]LogModuleManager: Shutting down and abandoning module Media (473)
[2017.06.15-17.13.02:035][711]LogModuleManager: Shutting down and abandoning module AndroidMediaEditor (470)
[2017.06.15-17.13.02:035][711]LogModuleManager: Shutting down and abandoning module CharacterAI (468)
[2017.06.15-17.13.02:035][711]LogModuleManager: Shutting down and abandoning module AudioCapture (466)
[2017.06.15-17.13.02:036][711]LogModuleManager: Shutting down and abandoning module SequenceRecorder (465)
[2017.06.15-17.13.02:036][711]LogModuleManager: Shutting down and abandoning module SmartSnapping (462)
[2017.06.15-17.13.02:036][711]LogModuleManager: Shutting down and abandoning module SessionServices (460)
[2017.06.15-17.13.02:036][711]LogModuleManager: Shutting down and abandoning module ViewportSnapping (458)
[2017.06.15-17.13.02:036][711]LogModuleManager: Shutting down and abandoning module ViewportInteraction (456)
[2017.06.15-17.13.02:036][711]LogModuleManager: Shutting down and abandoning module ClothPainter (454)
[2017.06.15-17.13.02:050][711]LogModuleManager: Shutting down and abandoning module LogVisualizer (452)
[2017.06.15-17.13.02:051][711]LogModuleManager: Shutting down and abandoning module IntroTutorials (450)
[2017.06.15-17.13.02:064][711]LogModuleManager: Shutting down and abandoning module GameProjectGeneration (449)
[2017.06.15-17.13.02:065][711]LogModuleManager: Shutting down and abandoning module EditorLiveStreaming (446)
[2017.06.15-17.13.02:065][711]LogModuleManager: Shutting down and abandoning module IOSPlatformEditor (444)
[2017.06.15-17.13.02:065][711]LogModuleManager: Shutting down and abandoning module HTML5PlatformEditor (442)
[2017.06.15-17.13.02:065][711]LogModuleManager: Shutting down and abandoning module AndroidPlatformEditor (440)
[2017.06.15-17.13.02:065][711]LogModuleManager: Shutting down and abandoning module AndroidDeviceDetection (439)
[2017.06.15-17.13.02:732][711]LogModuleManager: Shutting down and abandoning module IOSRuntimeSettings (436)
[2017.06.15-17.13.02:732][711]LogModuleManager: Shutting down and abandoning module AndroidRuntimeSettings (434)
[2017.06.15-17.13.02:732][711]LogModuleManager: Shutting down and abandoning module InputBindingEditor (432)
[2017.06.15-17.13.02:732][711]LogModuleManager: Shutting down and abandoning module MergeActors (430)
[2017.06.15-17.13.02:749][711]LogModuleManager: Shutting down and abandoning module SizeMap (428)
[2017.06.15-17.13.02:749][711]LogModuleManager: Shutting down and abandoning module TreeMap (426)
[2017.06.15-17.13.02:750][711]LogModuleManager: Shutting down and abandoning module ReferenceViewer (424)
[2017.06.15-17.13.02:750][711]LogModuleManager: Shutting down and abandoning module LocalizationDashboard (422)
[2017.06.15-17.13.02:758][711]LogModuleManager: Shutting down and abandoning module LocalizationService (421)
[2017.06.15-17.13.02:768][711]LogModuleManager: Shutting down and abandoning module HardwareTargeting (418)
[2017.06.15-17.13.02:768][711]LogModuleManager: Shutting down and abandoning module DeviceProfileEditor (416)
[2017.06.15-17.13.02:773][711]LogModuleManager: Shutting down and abandoning module UndoHistory (414)
[2017.06.15-17.13.02:773][711]LogModuleManager: Shutting down and abandoning module UserFeedback (412)
[2017.06.15-17.13.02:774][711]LogModuleManager: Shutting down and abandoning module XmlParser (410)
[2017.06.15-17.13.02:774][711]LogModuleManager: Shutting down and abandoning module Blutility (408)
[2017.06.15-17.13.02:784][711]LogModuleManager: Shutting down and abandoning module ProjectSettingsViewer (406)
[2017.06.15-17.13.02:784][711]LogModuleManager: Shutting down and abandoning module ProjectTargetPlatformEditor (405)
[2017.06.15-17.13.02:784][711]LogModuleManager: Shutting down and abandoning module EditorSettingsViewer (402)
[2017.06.15-17.13.02:784][711]LogModuleManager: Shutting down and abandoning module SettingsEditor (400)
[2017.06.15-17.13.02:784][711]LogModuleManager: Shutting down and abandoning module ProjectLauncher (398)
[2017.06.15-17.13.02:791][711]LogModuleManager: Shutting down and abandoning module SessionFrontend (396)
[2017.06.15-17.13.02:800][711]LogModuleManager: Shutting down and abandoning module ProfilerClient (394)
[2017.06.15-17.13.02:820][711]LogModuleManager: Shutting down and abandoning module DeviceManager (392)
[2017.06.15-17.13.02:832][711]LogModuleManager: Shutting down and abandoning module TargetDeviceServices (391)
[2017.06.15-17.13.02:884][711]LogModuleManager: Shutting down and abandoning module AutomationController (388)
[2017.06.15-17.13.02:889][711]LogModuleManager: Shutting down and abandoning module AutomationWindow (386)
[2017.06.15-17.13.02:902][711]LogModuleManager: Shutting down and abandoning module Layers (384)
[2017.06.15-17.13.02:924][711]LogModuleManager: Shutting down and abandoning module ComponentVisualizers (382)
[2017.06.15-17.13.02:924][711]LogModuleManager: Shutting down and abandoning module DetailCustomizations (380)
[2017.06.15-17.13.02:935][711]LogModuleManager: Shutting down and abandoning module PackagesDialog (378)
[2017.06.15-17.13.02:940][711]LogModuleManager: Shutting down and abandoning module Persona (376)
[2017.06.15-17.13.02:955][711]LogModuleManager: Shutting down and abandoning module AdvancedPreviewScene (375)
[2017.06.15-17.13.02:955][711]LogModuleManager: Shutting down and abandoning module AnimGraph (373)
[2017.06.15-17.13.02:955][711]LogModuleManager: Shutting down and abandoning module Kismet (370)
[2017.06.15-17.13.02:974][711]LogModuleManager: Shutting down and abandoning module ClassViewer (368)
[2017.06.15-17.13.02:974][711]LogModuleManager: Shutting down and abandoning module Toolbox (366)
[2017.06.15-17.13.02:974][711]LogModuleManager: Shutting down and abandoning module ModuleUI (364)
[2017.06.15-17.13.02:982][711]LogModuleManager: Shutting down and abandoning module MovieSceneTools (362)
[2017.06.15-17.13.02:998][711]LogModuleManager: Shutting down and abandoning module OutputLog (360)
[2017.06.15-17.13.03:009][711]LogModuleManager: Shutting down and abandoning module GammaUI (358)
[2017.06.15-17.13.03:018][711]LogModuleManager: Shutting down and abandoning module Documentation (356)
[2017.06.15-17.13.03:019][711]LogModuleManager: Shutting down and abandoning module MovieSceneTracks (354)
[2017.06.15-17.13.03:019][711]LogModuleManager: Shutting down and abandoning module MovieScene (352)
[2017.06.15-17.13.03:019][711]LogModuleManager: Shutting down and abandoning module Niagara (350)
[2017.06.15-17.13.03:019][711]LogModuleManager: Shutting down and abandoning module NiagaraEditor (349)
[2017.06.15-17.13.03:042][711]LogModuleManager: Shutting down and abandoning module StreamingPauseRendering (346)
[2017.06.15-17.13.03:042][711]LogModuleManager: Shutting down and abandoning module AnalyticsET (344)
[2017.06.15-17.13.03:042][711]LogModuleManager: Shutting down and abandoning module PortalServices (342)
[2017.06.15-17.13.03:042][711]LogModuleManager: Shutting down and abandoning module PortalRpc (340)
[2017.06.15-17.13.03:042][711]LogModuleManager: Shutting down and abandoning module MessagingRpc (338)
[2017.06.15-17.13.03:042][711]LogModuleManager: Shutting down and abandoning module AIModule (336)
[2017.06.15-17.13.03:042][711]LogModuleManager: Shutting down and abandoning module GameplayDebugger (335)
[2017.06.15-17.13.03:043][711]LogModuleManager: Shutting down and abandoning module AITestSuite (333)
[2017.06.15-17.13.03:052][711]LogModuleManager: Shutting down and abandoning module ProfilerService (330)
[2017.06.15-17.13.03:077][711]LogModuleManager: Shutting down and abandoning module TaskGraph (328)
[2017.06.15-17.13.03:082][711]LogModuleManager: Shutting down and abandoning module SteamVRController (326)
[2017.06.15-17.13.03:082][711]LogModuleManager: Shutting down and abandoning module SteamVR (324)
[2017.06.15-17.13.03:082][711]LogModuleManager: Shutting down and abandoning module ProceduralMeshComponentEditor (322)
[2017.06.15-17.13.03:083][711]LogModuleManager: Shutting down and abandoning module ProceduralMeshComponent (320)
[2017.06.15-17.13.03:093][711]LogModuleManager: Shutting down and abandoning module OculusLibrary (318)
[2017.06.15-17.13.03:094][711]LogModuleManager: Shutting down and abandoning module OculusInput (316)
[2017.06.15-17.13.03:094][711]LogModuleManager: Shutting down and abandoning module MobilePatchingUtils (314)
[2017.06.15-17.13.03:094][711]LogModuleManager: Shutting down and abandoning module CustomMeshComponent (312)
[2017.06.15-17.13.03:094][711]LogModuleManager: Shutting down and abandoning module CableComponent (310)
[2017.06.15-17.13.03:094][711]LogModuleManager: Shutting down and abandoning module ArchVisCharacter (308)
[2017.06.15-17.13.03:094][711]LogModuleManager: Shutting down and abandoning module AndroidPermission (306)
[2017.06.15-17.13.03:094][711]LogModuleManager: Shutting down and abandoning module MediaPlayerEditor (302)
[2017.06.15-17.13.03:124][711]LogModuleManager: Shutting down and abandoning module HTML5Networking (300)
[2017.06.15-17.13.03:124][711]LogModuleManager: Shutting down and abandoning module AlembicImporter (298)
[2017.06.15-17.13.03:133][711]LogModuleManager: Shutting down and abandoning module AlembicLibrary (297)
[2017.06.15-17.13.03:133][711]LogModuleManager: Shutting down and abandoning module GeometryCache (296)
[2017.06.15-17.13.03:133][711]LogModuleManager: Shutting down and abandoning module GeometryCacheEd (295)
[2017.06.15-17.13.03:134][711]LogModuleManager: Shutting down and abandoning module SuperSearchEditor (290)
[2017.06.15-17.13.03:134][711]LogModuleManager: Shutting down and abandoning module SuperSearch (289)
[2017.06.15-17.13.03:134][711]LogModuleManager: Shutting down and abandoning module SpeedTreeImporter (286)
[2017.06.15-17.13.03:134][711]LogModuleManager: Shutting down and abandoning module PluginBrowser (284)
[2017.06.15-17.13.03:156][711]LogModuleManager: Shutting down and abandoning module MobileLauncherProfileWizard (282)
[2017.06.15-17.13.03:175][711]LogModuleManager: Shutting down and abandoning module VisualStudioSourceCodeAccess (280)
[2017.06.15-17.13.03:175][711]LogModuleManager: Shutting down and abandoning module DesktopPlatform (279)
[2017.06.15-17.13.03:175][711]LogModuleManager: Shutting down and abandoning module UObjectPlugin (276)
[2017.06.15-17.13.03:175][711]LogModuleManager: Shutting down and abandoning module SubversionSourceControl (274)
[2017.06.15-17.13.03:188][711]LogModuleManager: Shutting down and abandoning module PerforceSourceControl (272)
[2017.06.15-17.13.03:199][711]LogModuleManager: Shutting down and abandoning module GitSourceControl (270)
[2017.06.15-17.13.03:202][711]LogModuleManager: Shutting down and abandoning module SourceControl (269)
[2017.06.15-17.13.03:222][711]LogModuleManager: Shutting down and abandoning module LightPropagationVolumeEditor (266)
[2017.06.15-17.13.03:222][711]LogModuleManager: Shutting down and abandoning module PaperTiledImporter (264)
[2017.06.15-17.13.03:222][711]LogModuleManager: Shutting down and abandoning module PaperSpriteSheetImporter (262)
[2017.06.15-17.13.03:222][711]LogModuleManager: Shutting down and abandoning module Paper2DEditor (260)
[2017.06.15-17.13.03:230][711]LogModuleManager: Shutting down and abandoning module MeshPaint (259)
[2017.06.15-17.13.03:237][711]LogModuleManager: Shutting down and abandoning module LevelEditor (257)
[2017.06.15-17.13.03:238][711]LogModuleManager: Shutting down and abandoning module PixelInspectorModule (256)
[2017.06.15-17.13.03:253][711]LogModuleManager: Shutting down and abandoning module MainFrame (254)
[2017.06.15-17.13.03:253][711]LogModuleManager: Shutting down and abandoning module HotReload (253)
[2017.06.15-17.13.03:253][711]LogDirectoryWatcher: A directory notification for 'G:/Git/VR_Battle/Battle/Binaries/Win64' was aborted.
[2017.06.15-17.13.03:253][711]LogModuleManager: Shutting down and abandoning module PhysXVehiclesEditor (246)
[2017.06.15-17.13.03:267][711]LogModuleManager: Shutting down and abandoning module PhysXVehicles (244)
[2017.06.15-17.13.03:267][711]LogModuleManager: Shutting down and abandoning module LocationServicesBPLibrary (242)
[2017.06.15-17.13.03:267][711]LogModuleManager: Shutting down and abandoning module ImmediatePhysicsEditor (240)
[2017.06.15-17.13.03:267][711]LogModuleManager: Shutting down and abandoning module ImmediatePhysics (238)
[2017.06.15-17.13.03:277][711]LogModuleManager: Shutting down and abandoning module UdpMessaging (236)
